Using pre-set license
Built from '2023.2/staging' branch; Version is '2023.2.19f1 (95c298372b1e) revision 9814680'; Using compiler version '193431935'; Build Type 'Release'
OS: 'Windows 10  (10.0.19045) 64bit Professional' Language: 'fr' Physical Memory: 32669 MB
BatchMode: 1, IsHumanControllingUs: 0, StartBugReporterOnCrash: 0, Is64bit: 1, IsPro: 1

COMMAND LINE ARGUMENTS:
C:\Program Files\Unity\Hub\Editor\2023.2.19f1\Editor\Unity.exe
-adb2
-batchMode
-noUpm
-name
AssetImportWorker11
-projectPath
C:/Important/projetUnity/My project
-logFile
Logs/AssetImportWorker11.log
-srvPort
56099
-job-worker-count
11
-background-job-worker-count
8
-asset-garbage-collectors
1
Successfully changed project path to: C:/Important/projetUnity/My project
C:/Important/projetUnity/My project
[UnityMemory] Configuration Parameters - Can be set up in boot.config
    "memorysetup-bucket-allocator-granularity=16"
    "memorysetup-bucket-allocator-bucket-count=8"
    "memorysetup-bucket-allocator-block-size=33554432"
    "memorysetup-bucket-allocator-block-count=8"
    "memorysetup-main-allocator-block-size=16777216"
    "memorysetup-thread-allocator-block-size=16777216"
    "memorysetup-gfx-main-allocator-block-size=16777216"
    "memorysetup-gfx-thread-allocator-block-size=16777216"
    "memorysetup-cache-allocator-block-size=4194304"
    "memorysetup-typetree-allocator-block-size=2097152"
    "memorysetup-profiler-bucket-allocator-granularity=16"
    "memorysetup-profiler-bucket-allocator-bucket-count=8"
    "memorysetup-profiler-bucket-allocator-block-size=33554432"
    "memorysetup-profiler-bucket-allocator-block-count=8"
    "memorysetup-profiler-allocator-block-size=16777216"
    "memorysetup-profiler-editor-allocator-block-size=1048576"
    "memorysetup-temp-allocator-size-main=16777216"
    "memorysetup-job-temp-allocator-block-size=2097152"
    "memorysetup-job-temp-allocator-block-size-background=1048576"
    "memorysetup-job-temp-allocator-reduction-small-platforms=262144"
    "memorysetup-allocator-temp-initial-block-size-main=262144"
    "memorysetup-allocator-temp-initial-block-size-worker=262144"
    "memorysetup-temp-allocator-size-background-worker=32768"
    "memorysetup-temp-allocator-size-job-worker=262144"
    "memorysetup-temp-allocator-size-preload-manager=33554432"
    "memorysetup-temp-allocator-size-nav-mesh-worker=65536"
    "memorysetup-temp-allocator-size-audio-worker=65536"
    "memorysetup-temp-allocator-size-cloud-worker=32768"
    "memorysetup-temp-allocator-size-gi-baking-worker=262144"
    "memorysetup-temp-allocator-size-gi-baking-worker=262144"
    "memorysetup-temp-allocator-size-gi-baking-worker=262144"
    "memorysetup-temp-allocator-size-gi-baking-worker=262144"
    "memorysetup-temp-allocator-size-gfx=262144"
Player connection [10632] Host "[IP] 192.168.0.15 [Port] 0 [Flags] 2 [Guid] 3592225950 [EditorId] 3592225950 [Version] 1048832 [Id] WindowsEditor(7,DESKTOP-43MNS7H) [Debug] 1 [PackageName] WindowsEditor [ProjectName] Editor" joined multi-casting on [225.0.0.222:54997]...
Player connection [10632] Host "[IP] 192.168.0.15 [Port] 0 [Flags] 2 [Guid] 3592225950 [EditorId] 3592225950 [Version] 1048832 [Id] WindowsEditor(7,DESKTOP-43MNS7H) [Debug] 1 [PackageName] WindowsEditor [ProjectName] Editor" joined alternative multi-casting on [225.0.0.222:34997]...
JobSystem: Creating JobQueue using job-worker-count value 11
[Physics::Module] Initialized MultithreadedJobDispatcher with 11 workers.
Library Redirect Path: Library/
Refreshing native plugins compatible for Editor in 1.34 ms, found 3 plugins.
Preloading 0 native plugins for Editor in 0.00 ms.
Initialize engine version: 2023.2.19f1 (95c298372b1e)
[Subsystems] Discovering subsystems at path C:/Program Files/Unity/Hub/Editor/2023.2.19f1/Editor/Data/Resources/UnitySubsystems
[Subsystems] Discovering subsystems at path C:/Important/projetUnity/My project/Assets
GfxDevice: creating device client; kGfxThreadingModeNonThreaded
Direct3D:
    Version:  Direct3D 11.0 [level 11.1]
    Renderer: AMD Radeon RX 6700 (ID=0x73df)
    Vendor:   ATI
    VRAM:     10195 MB
    Driver:   31.0.24002.92
Initialize mono
Mono path[0] = 'C:/Program Files/Unity/Hub/Editor/2023.2.19f1/Editor/Data/Managed'
Mono path[1] = 'C:/Program Files/Unity/Hub/Editor/2023.2.19f1/Editor/Data/MonoBleedingEdge/lib/mono/unityjit-win32'
Mono config path = 'C:/Program Files/Unity/Hub/Editor/2023.2.19f1/Editor/Data/MonoBleedingEdge/etc'
Using monoOptions --debugger-agent=transport=dt_socket,embedding=1,server=y,suspend=n,address=127.0.0.1:56640
Begin MonoManager ReloadAssembly
Registering precompiled unity dll's ...
Register platform support module: C:/Program Files/Unity/Hub/Editor/2023.2.19f1/Editor/Data/PlaybackEngines/WindowsStandaloneSupport/UnityEditor.WindowsStandalone.Extensions.dll
Registered in 0.003905 seconds.
- Loaded All Assemblies, in  0.313 seconds
Native extension for WindowsStandalone target not found
Mono: successfully reloaded assembly
- Finished resetting the current domain, in  0.233 seconds
Domain Reload Profiling: 543ms
	BeginReloadAssembly (110ms)
		ExecutionOrderSort (0ms)
		DisableScriptedObjects (0ms)
		BackupInstance (0ms)
		ReleaseScriptingObjects (0ms)
		CreateAndSetChildDomain (1ms)
	RebuildCommonClasses (29ms)
	RebuildNativeTypeToScriptingClass (9ms)
	initialDomainReloadingComplete (46ms)
	LoadAllAssembliesAndSetupDomain (116ms)
		LoadAssemblies (107ms)
		RebuildTransferFunctionScriptingTraits (0ms)
		AnalyzeDomain (114ms)
			TypeCache.Refresh (113ms)
				TypeCache.ScanAssembly (103ms)
			BuildScriptInfoCaches (0ms)
			ResolveRequiredComponents (0ms)
	FinalizeReload (233ms)
		ReleaseScriptCaches (0ms)
		RebuildScriptCaches (0ms)
		SetupLoadedEditorAssemblies (195ms)
			LogAssemblyErrors (0ms)
			InitializePlatformSupportModulesInManaged (7ms)
			SetLoadedEditorAssemblies (4ms)
			BeforeProcessingInitializeOnLoad (4ms)
			ProcessInitializeOnLoadAttributes (144ms)
			ProcessInitializeOnLoadMethodAttributes (36ms)
			AfterProcessingInitializeOnLoad (0ms)
			EditorAssembliesLoaded (0ms)
		ExecutionOrderSort2 (0ms)
		AwakeInstancesAfterBackupRestoration (0ms)
========================================================================
Worker process is ready to serve import requests
Import Worker Mode flag is 0x00
Begin MonoManager ReloadAssembly
Symbol file LoadedFromMemory doesn't match image C:\Important\projetUnity\My project\Library\PackageCache\com.unity.visualscripting@1.8.0\Editor\VisualScripting.Core\Dependencies\YamlDotNet\Unity.VisualScripting.YamlDotNet.dll
Symbol file LoadedFromMemory doesn't match image C:\Important\projetUnity\My project\Library\PackageCache\com.unity.visualscripting@1.8.0\Editor\VisualScripting.Core\Dependencies\DotNetZip\Unity.VisualScripting.IonicZip.dll
- Loaded All Assemblies, in  0.658 seconds
Refreshing native plugins compatible for Editor in 0.66 ms, found 3 plugins.
Native extension for WindowsStandalone target not found
Mono: successfully reloaded assembly
- Finished resetting the current domain, in  0.562 seconds
Domain Reload Profiling: 1216ms
	BeginReloadAssembly (300ms)
		ExecutionOrderSort (0ms)
		DisableScriptedObjects (5ms)
		BackupInstance (0ms)
		ReleaseScriptingObjects (0ms)
		CreateAndSetChildDomain (28ms)
	RebuildCommonClasses (26ms)
	RebuildNativeTypeToScriptingClass (9ms)
	initialDomainReloadingComplete (32ms)
	LoadAllAssembliesAndSetupDomain (287ms)
		LoadAssemblies (245ms)
		RebuildTransferFunctionScriptingTraits (0ms)
		AnalyzeDomain (123ms)
			TypeCache.Refresh (104ms)
				TypeCache.ScanAssembly (94ms)
			BuildScriptInfoCaches (14ms)
			ResolveRequiredComponents (3ms)
	FinalizeReload (562ms)
		ReleaseScriptCaches (0ms)
		RebuildScriptCaches (0ms)
		SetupLoadedEditorAssemblies (425ms)
			LogAssemblyErrors (0ms)
			InitializePlatformSupportModulesInManaged (2ms)
			SetLoadedEditorAssemblies (3ms)
			BeforeProcessingInitializeOnLoad (34ms)
			ProcessInitializeOnLoadAttributes (361ms)
			ProcessInitializeOnLoadMethodAttributes (17ms)
			AfterProcessingInitializeOnLoad (8ms)
			EditorAssembliesLoaded (0ms)
		ExecutionOrderSort2 (0ms)
		AwakeInstancesAfterBackupRestoration (7ms)
Launched and connected shader compiler UnityShaderCompiler.exe after 0.01 seconds
Refreshing native plugins compatible for Editor in 0.69 ms, found 3 plugins.
Preloading 0 native plugins for Editor in 0.00 ms.
Unloading 16 Unused Serialized files (Serialized files now loaded: 0)
Unloading 3142 unused Assets / (1.1 MB). Loaded Objects now: 3725.
Memory consumption went from 107.5 MB to 106.4 MB.
Total: 5.483500 ms (FindLiveObjects: 0.318700 ms CreateObjectMapping: 0.280600 ms MarkObjects: 4.009200 ms  DeleteObjects: 0.874300 ms)

========================================================================
Received Import Request.
  Time since last request: 733578.028945 seconds.
  path: Assets/Imported/PolygonMini_Fantasy/Prefabs/Tiles/Hex/SM_Tile_Hex_Column_Water_01.prefab
  artifactKey: Guid(eed5b990fef32f74884edcc6df6d9b0d) Importer(815301076,1909f56bfc062723c751e8b465ee728b)
Start importing Assets/Imported/PolygonMini_Fantasy/Prefabs/Tiles/Hex/SM_Tile_Hex_Column_Water_01.prefab using Guid(eed5b990fef32f74884edcc6df6d9b0d) Importer(815301076,1909f56bfc062723c751e8b465ee728b) (PreviewImporter) -> (artifact id: 'dcdb29559858e60c2c1865c7ebf5b54d') in 0.0775688 seconds
Number of updated asset objects reloaded before import = 0Number of asset objects unloaded after import = 9

========================================================================
Received Import Request.
  Time since last request: 0.000014 seconds.
  path: Assets/Imported/PolygonMini_Fantasy/Prefabs/Tiles/Hex/SM_Tile_Hex_Island_01.prefab
  artifactKey: Guid(654498c8b5c4ef64384d848742d6c4e1) Importer(815301076,1909f56bfc062723c751e8b465ee728b)
Start importing Assets/Imported/PolygonMini_Fantasy/Prefabs/Tiles/Hex/SM_Tile_Hex_Island_01.prefab using Guid(654498c8b5c4ef64384d848742d6c4e1) Importer(815301076,1909f56bfc062723c751e8b465ee728b) (PreviewImporter) -> (artifact id: '7029f4ae85f3719a0d136bc1ad8fde6b') in 0.0089686 seconds
Number of updated asset objects reloaded before import = 0Number of asset objects unloaded after import = 9

========================================================================
Received Import Request.
  Time since last request: 0.000011 seconds.
  path: Assets/Imported/PolygonMini_Fantasy/Prefabs/Tiles/Hex/SM_Tile_Hex_Mountain_01.prefab
  artifactKey: Guid(74948e9f5a9732b47aeec5af80de6dca) Importer(815301076,1909f56bfc062723c751e8b465ee728b)
Start importing Assets/Imported/PolygonMini_Fantasy/Prefabs/Tiles/Hex/SM_Tile_Hex_Mountain_01.prefab using Guid(74948e9f5a9732b47aeec5af80de6dca) Importer(815301076,1909f56bfc062723c751e8b465ee728b) (PreviewImporter) -> (artifact id: '93e2a455f08c461ee292572b1cba1fc0') in 0.0086967 seconds
Number of updated asset objects reloaded before import = 0Number of asset objects unloaded after import = 9

========================================================================
Received Import Request.
  Time since last request: 0.002347 seconds.
  path: Assets/Imported/PolygonMini_Fantasy/Prefabs/Tiles/Hex/SM_Tile_Hex_Mountain_04.prefab
  artifactKey: Guid(598f4f2319fd9be4e8da6db3581fe5e1) Importer(815301076,1909f56bfc062723c751e8b465ee728b)
Start importing Assets/Imported/PolygonMini_Fantasy/Prefabs/Tiles/Hex/SM_Tile_Hex_Mountain_04.prefab using Guid(598f4f2319fd9be4e8da6db3581fe5e1) Importer(815301076,1909f56bfc062723c751e8b465ee728b) (PreviewImporter) -> (artifact id: 'e85d1599ba1b52c300619a4f5d325de1') in 0.0075767 seconds
Number of updated asset objects reloaded before import = 0Number of asset objects unloaded after import = 9

========================================================================
Received Import Request.
  Time since last request: 0.007414 seconds.
  path: Assets/Imported/PolygonMini_Fantasy/Prefabs/Tiles/Hex/SM_Tile_Hex_Path_02.prefab
  artifactKey: Guid(d4d5656c912748c458f84393e040e6c7) Importer(815301076,1909f56bfc062723c751e8b465ee728b)
Start importing Assets/Imported/PolygonMini_Fantasy/Prefabs/Tiles/Hex/SM_Tile_Hex_Path_02.prefab using Guid(d4d5656c912748c458f84393e040e6c7) Importer(815301076,1909f56bfc062723c751e8b465ee728b) (PreviewImporter) -> (artifact id: 'ba4aa1f9c0db9719ae83a360bb581395') in 0.0084702 seconds
Number of updated asset objects reloaded before import = 0Number of asset objects unloaded after import = 9

========================================================================
Received Import Request.
  Time since last request: 0.002780 seconds.
  path: Assets/Imported/PolygonMini_Fantasy/Prefabs/Tiles/Hex/SM_Tile_Hex_Path_05.prefab
  artifactKey: Guid(6d220353ea6c2ba4b94356af5be7ce17) Importer(815301076,1909f56bfc062723c751e8b465ee728b)
Start importing Assets/Imported/PolygonMini_Fantasy/Prefabs/Tiles/Hex/SM_Tile_Hex_Path_05.prefab using Guid(6d220353ea6c2ba4b94356af5be7ce17) Importer(815301076,1909f56bfc062723c751e8b465ee728b) (PreviewImporter) -> (artifact id: 'bd5e24f194d238041164309520f00705') in 0.008404 seconds
Number of updated asset objects reloaded before import = 0Number of asset objects unloaded after import = 9

========================================================================
Received Import Request.
  Time since last request: 0.002804 seconds.
  path: Assets/Imported/PolygonMini_Fantasy/Prefabs/Tiles/Hex/SM_Tile_Hex_Path_08.prefab
  artifactKey: Guid(cf651ac6966c04140b7e6f6f04dced7c) Importer(815301076,1909f56bfc062723c751e8b465ee728b)
Start importing Assets/Imported/PolygonMini_Fantasy/Prefabs/Tiles/Hex/SM_Tile_Hex_Path_08.prefab using Guid(cf651ac6966c04140b7e6f6f04dced7c) Importer(815301076,1909f56bfc062723c751e8b465ee728b) (PreviewImporter) -> (artifact id: 'b9e0fac0c39d17d79273198d1b6adcd2') in 0.0082423 seconds
Number of updated asset objects reloaded before import = 0Number of asset objects unloaded after import = 9

========================================================================
Received Import Request.
  Time since last request: 0.001837 seconds.
  path: Assets/Imported/PolygonMini_Fantasy/Prefabs/Tiles/Hex/SM_Tile_Hex_Path_10.prefab
  artifactKey: Guid(1f9f81b71e8ab214b9ab2716eb4c4405) Importer(815301076,1909f56bfc062723c751e8b465ee728b)
Start importing Assets/Imported/PolygonMini_Fantasy/Prefabs/Tiles/Hex/SM_Tile_Hex_Path_10.prefab using Guid(1f9f81b71e8ab214b9ab2716eb4c4405) Importer(815301076,1909f56bfc062723c751e8b465ee728b) (PreviewImporter) -> (artifact id: '79ff7c6c15e8096d578031e4b89093ea') in 0.0084298 seconds
Number of updated asset objects reloaded before import = 0Number of asset objects unloaded after import = 9

========================================================================
Received Import Request.
  Time since last request: 0.002497 seconds.
  path: Assets/Imported/PolygonMini_Fantasy/Prefabs/Tiles/Hex/SM_Tile_Hex_Pond_01.prefab
  artifactKey: Guid(f3d8d1ac7d87b44438cdca777c66e2bd) Importer(815301076,1909f56bfc062723c751e8b465ee728b)
Start importing Assets/Imported/PolygonMini_Fantasy/Prefabs/Tiles/Hex/SM_Tile_Hex_Pond_01.prefab using Guid(f3d8d1ac7d87b44438cdca777c66e2bd) Importer(815301076,1909f56bfc062723c751e8b465ee728b) (PreviewImporter) -> (artifact id: '6fb650a68576725b783e48e1824f6ee3') in 0.0074488 seconds
Number of updated asset objects reloaded before import = 0Number of asset objects unloaded after import = 9

========================================================================
Received Import Request.
  Time since last request: 0.005257 seconds.
  path: Assets/Imported/PolygonMini_Fantasy/Prefabs/Tiles/Hex/SM_Tile_Hex_River_02.prefab
  artifactKey: Guid(74d326a9e30f5d14b9bd30ccd9f65b9d) Importer(815301076,1909f56bfc062723c751e8b465ee728b)
Start importing Assets/Imported/PolygonMini_Fantasy/Prefabs/Tiles/Hex/SM_Tile_Hex_River_02.prefab using Guid(74d326a9e30f5d14b9bd30ccd9f65b9d) Importer(815301076,1909f56bfc062723c751e8b465ee728b) (PreviewImporter) -> (artifact id: 'b121873d244f6c92474d1eaf2893c5cf') in 0.0073747 seconds
Number of updated asset objects reloaded before import = 0Number of asset objects unloaded after import = 9

========================================================================
Received Import Request.
  Time since last request: 0.010075 seconds.
  path: Assets/Imported/PolygonMini_Fantasy/Prefabs/Tiles/Hex/SM_Tile_Hex_River_05.prefab
  artifactKey: Guid(973018b16acfa3f4b804ee6863a8441e) Importer(815301076,1909f56bfc062723c751e8b465ee728b)
Start importing Assets/Imported/PolygonMini_Fantasy/Prefabs/Tiles/Hex/SM_Tile_Hex_River_05.prefab using Guid(973018b16acfa3f4b804ee6863a8441e) Importer(815301076,1909f56bfc062723c751e8b465ee728b) (PreviewImporter) -> (artifact id: 'dc90cb03ab3253f3b58e0490ba52673e') in 0.0074576 seconds
Number of updated asset objects reloaded before import = 0Number of asset objects unloaded after import = 9

========================================================================
Received Import Request.
  Time since last request: 0.003463 seconds.
  path: Assets/Imported/PolygonMini_Fantasy/Prefabs/Tiles/Hex/SM_Tile_Hex_River_08.prefab
  artifactKey: Guid(33b58e8d4f7a52846bcf7fc292871298) Importer(815301076,1909f56bfc062723c751e8b465ee728b)
Start importing Assets/Imported/PolygonMini_Fantasy/Prefabs/Tiles/Hex/SM_Tile_Hex_River_08.prefab using Guid(33b58e8d4f7a52846bcf7fc292871298) Importer(815301076,1909f56bfc062723c751e8b465ee728b) (PreviewImporter) -> (artifact id: '5231b8ebc74ccdf8bdfcaa9c81a332f8') in 0.0074482 seconds
Number of updated asset objects reloaded before import = 0Number of asset objects unloaded after import = 9

========================================================================
Received Import Request.
  Time since last request: 0.004291 seconds.
  path: Assets/Imported/PolygonMini_Fantasy/Prefabs/Tiles/Hex/SM_Tile_Hex_River_11.prefab
  artifactKey: Guid(6da7a65f2725b0847a2c943be5e84f42) Importer(815301076,1909f56bfc062723c751e8b465ee728b)
Start importing Assets/Imported/PolygonMini_Fantasy/Prefabs/Tiles/Hex/SM_Tile_Hex_River_11.prefab using Guid(6da7a65f2725b0847a2c943be5e84f42) Importer(815301076,1909f56bfc062723c751e8b465ee728b) (PreviewImporter) -> (artifact id: '0d73688c377ba7745ae18997363806b3') in 0.0075977 seconds
Number of updated asset objects reloaded before import = 0Number of asset objects unloaded after import = 9

========================================================================
Received Import Request.
  Time since last request: 0.003569 seconds.
  path: Assets/Imported/PolygonMini_Fantasy/Prefabs/Tiles/Hex/SM_Tile_Hex_Rocks_01.prefab
  artifactKey: Guid(27013bd8da5cb794fad32e7d26a484a0) Importer(815301076,1909f56bfc062723c751e8b465ee728b)
Start importing Assets/Imported/PolygonMini_Fantasy/Prefabs/Tiles/Hex/SM_Tile_Hex_Rocks_01.prefab using Guid(27013bd8da5cb794fad32e7d26a484a0) Importer(815301076,1909f56bfc062723c751e8b465ee728b) (PreviewImporter) -> (artifact id: '34db2f334e5e1384163e01bfe3f8eb46') in 0.0079937 seconds
Number of updated asset objects reloaded before import = 0Number of asset objects unloaded after import = 9

Editor requested this worker to shutdown with reason: Scaling down because of idle timeout
AssetImportWorker is now disconnected from the server
Process exiting
Exiting without the bug reporter. Application will terminate with return code 0