Using pre-set license
Built from '2023.2/staging' branch; Version is '2023.2.19f1 (95c298372b1e) revision 9814680'; Using compiler version '193431935'; Build Type 'Release'
OS: 'Windows 10  (10.0.19045) 64bit Professional' Language: 'fr' Physical Memory: 32669 MB
BatchMode: 1, IsHumanControllingUs: 0, StartBugReporterOnCrash: 0, Is64bit: 1, IsPro: 1

COMMAND LINE ARGUMENTS:
C:\Program Files\Unity\Hub\Editor\2023.2.19f1\Editor\Unity.exe
-adb2
-batchMode
-noUpm
-name
AssetImportWorker14
-projectPath
C:/Important/projetUnity/My project
-logFile
Logs/AssetImportWorker14.log
-srvPort
56099
-job-worker-count
11
-background-job-worker-count
8
-asset-garbage-collectors
1
Successfully changed project path to: C:/Important/projetUnity/My project
C:/Important/projetUnity/My project
[UnityMemory] Configuration Parameters - Can be set up in boot.config
    "memorysetup-bucket-allocator-granularity=16"
    "memorysetup-bucket-allocator-bucket-count=8"
    "memorysetup-bucket-allocator-block-size=33554432"
    "memorysetup-bucket-allocator-block-count=8"
    "memorysetup-main-allocator-block-size=16777216"
    "memorysetup-thread-allocator-block-size=16777216"
    "memorysetup-gfx-main-allocator-block-size=16777216"
    "memorysetup-gfx-thread-allocator-block-size=16777216"
    "memorysetup-cache-allocator-block-size=4194304"
    "memorysetup-typetree-allocator-block-size=2097152"
    "memorysetup-profiler-bucket-allocator-granularity=16"
    "memorysetup-profiler-bucket-allocator-bucket-count=8"
    "memorysetup-profiler-bucket-allocator-block-size=33554432"
    "memorysetup-profiler-bucket-allocator-block-count=8"
    "memorysetup-profiler-allocator-block-size=16777216"
    "memorysetup-profiler-editor-allocator-block-size=1048576"
    "memorysetup-temp-allocator-size-main=16777216"
    "memorysetup-job-temp-allocator-block-size=2097152"
    "memorysetup-job-temp-allocator-block-size-background=1048576"
    "memorysetup-job-temp-allocator-reduction-small-platforms=262144"
    "memorysetup-allocator-temp-initial-block-size-main=262144"
    "memorysetup-allocator-temp-initial-block-size-worker=262144"
    "memorysetup-temp-allocator-size-background-worker=32768"
    "memorysetup-temp-allocator-size-job-worker=262144"
    "memorysetup-temp-allocator-size-preload-manager=33554432"
    "memorysetup-temp-allocator-size-nav-mesh-worker=65536"
    "memorysetup-temp-allocator-size-audio-worker=65536"
    "memorysetup-temp-allocator-size-cloud-worker=32768"
    "memorysetup-temp-allocator-size-gi-baking-worker=262144"
    "memorysetup-temp-allocator-size-gi-baking-worker=262144"
    "memorysetup-temp-allocator-size-gi-baking-worker=262144"
    "memorysetup-temp-allocator-size-gi-baking-worker=262144"
    "memorysetup-temp-allocator-size-gfx=262144"
Player connection [26140] Host "[IP] 192.168.0.15 [Port] 0 [Flags] 2 [Guid] 316925172 [EditorId] 316925172 [Version] 1048832 [Id] WindowsEditor(7,DESKTOP-43MNS7H) [Debug] 1 [PackageName] WindowsEditor [ProjectName] Editor" joined multi-casting on [225.0.0.222:54997]...
Player connection [26140] Host "[IP] 192.168.0.15 [Port] 0 [Flags] 2 [Guid] 316925172 [EditorId] 316925172 [Version] 1048832 [Id] WindowsEditor(7,DESKTOP-43MNS7H) [Debug] 1 [PackageName] WindowsEditor [ProjectName] Editor" joined alternative multi-casting on [225.0.0.222:34997]...
JobSystem: Creating JobQueue using job-worker-count value 11
[Physics::Module] Initialized MultithreadedJobDispatcher with 11 workers.
Library Redirect Path: Library/
Refreshing native plugins compatible for Editor in 1.38 ms, found 3 plugins.
Preloading 0 native plugins for Editor in 0.00 ms.
Initialize engine version: 2023.2.19f1 (95c298372b1e)
[Subsystems] Discovering subsystems at path C:/Program Files/Unity/Hub/Editor/2023.2.19f1/Editor/Data/Resources/UnitySubsystems
[Subsystems] Discovering subsystems at path C:/Important/projetUnity/My project/Assets
GfxDevice: creating device client; kGfxThreadingModeNonThreaded
Direct3D:
    Version:  Direct3D 11.0 [level 11.1]
    Renderer: AMD Radeon RX 6700 (ID=0x73df)
    Vendor:   ATI
    VRAM:     10195 MB
    Driver:   31.0.24002.92
Initialize mono
Mono path[0] = 'C:/Program Files/Unity/Hub/Editor/2023.2.19f1/Editor/Data/Managed'
Mono path[1] = 'C:/Program Files/Unity/Hub/Editor/2023.2.19f1/Editor/Data/MonoBleedingEdge/lib/mono/unityjit-win32'
Mono config path = 'C:/Program Files/Unity/Hub/Editor/2023.2.19f1/Editor/Data/MonoBleedingEdge/etc'
Using monoOptions --debugger-agent=transport=dt_socket,embedding=1,server=y,suspend=n,address=127.0.0.1:56656
Begin MonoManager ReloadAssembly
Registering precompiled unity dll's ...
Register platform support module: C:/Program Files/Unity/Hub/Editor/2023.2.19f1/Editor/Data/PlaybackEngines/WindowsStandaloneSupport/UnityEditor.WindowsStandalone.Extensions.dll
Registered in 0.004521 seconds.
- Loaded All Assemblies, in  0.362 seconds
Native extension for WindowsStandalone target not found
Mono: successfully reloaded assembly
- Finished resetting the current domain, in  0.274 seconds
Domain Reload Profiling: 632ms
	BeginReloadAssembly (126ms)
		ExecutionOrderSort (0ms)
		DisableScriptedObjects (0ms)
		BackupInstance (0ms)
		ReleaseScriptingObjects (0ms)
		CreateAndSetChildDomain (1ms)
	RebuildCommonClasses (35ms)
	RebuildNativeTypeToScriptingClass (11ms)
	initialDomainReloadingComplete (51ms)
	LoadAllAssembliesAndSetupDomain (135ms)
		LoadAssemblies (121ms)
		RebuildTransferFunctionScriptingTraits (0ms)
		AnalyzeDomain (133ms)
			TypeCache.Refresh (132ms)
				TypeCache.ScanAssembly (121ms)
			BuildScriptInfoCaches (0ms)
			ResolveRequiredComponents (0ms)
	FinalizeReload (274ms)
		ReleaseScriptCaches (0ms)
		RebuildScriptCaches (0ms)
		SetupLoadedEditorAssemblies (231ms)
			LogAssemblyErrors (0ms)
			InitializePlatformSupportModulesInManaged (10ms)
			SetLoadedEditorAssemblies (5ms)
			BeforeProcessingInitializeOnLoad (5ms)
			ProcessInitializeOnLoadAttributes (175ms)
			ProcessInitializeOnLoadMethodAttributes (37ms)
			AfterProcessingInitializeOnLoad (0ms)
			EditorAssembliesLoaded (0ms)
		ExecutionOrderSort2 (0ms)
		AwakeInstancesAfterBackupRestoration (0ms)
========================================================================
Worker process is ready to serve import requests
Import Worker Mode flag is 0x00
Begin MonoManager ReloadAssembly
Symbol file LoadedFromMemory doesn't match image C:\Important\projetUnity\My project\Library\PackageCache\com.unity.visualscripting@1.8.0\Editor\VisualScripting.Core\Dependencies\YamlDotNet\Unity.VisualScripting.YamlDotNet.dll
Symbol file LoadedFromMemory doesn't match image C:\Important\projetUnity\My project\Library\PackageCache\com.unity.visualscripting@1.8.0\Editor\VisualScripting.Core\Dependencies\DotNetZip\Unity.VisualScripting.IonicZip.dll
- Loaded All Assemblies, in  0.785 seconds
Refreshing native plugins compatible for Editor in 0.68 ms, found 3 plugins.
Native extension for WindowsStandalone target not found
Mono: successfully reloaded assembly
- Finished resetting the current domain, in  0.652 seconds
Domain Reload Profiling: 1431ms
	BeginReloadAssembly (351ms)
		ExecutionOrderSort (0ms)
		DisableScriptedObjects (5ms)
		BackupInstance (0ms)
		ReleaseScriptingObjects (0ms)
		CreateAndSetChildDomain (34ms)
	RebuildCommonClasses (35ms)
	RebuildNativeTypeToScriptingClass (10ms)
	initialDomainReloadingComplete (38ms)
	LoadAllAssembliesAndSetupDomain (344ms)
		LoadAssemblies (307ms)
		RebuildTransferFunctionScriptingTraits (0ms)
		AnalyzeDomain (136ms)
			TypeCache.Refresh (114ms)
				TypeCache.ScanAssembly (103ms)
			BuildScriptInfoCaches (16ms)
			ResolveRequiredComponents (3ms)
	FinalizeReload (652ms)
		ReleaseScriptCaches (0ms)
		RebuildScriptCaches (0ms)
		SetupLoadedEditorAssemblies (495ms)
			LogAssemblyErrors (0ms)
			InitializePlatformSupportModulesInManaged (2ms)
			SetLoadedEditorAssemblies (4ms)
			BeforeProcessingInitializeOnLoad (44ms)
			ProcessInitializeOnLoadAttributes (417ms)
			ProcessInitializeOnLoadMethodAttributes (20ms)
			AfterProcessingInitializeOnLoad (8ms)
			EditorAssembliesLoaded (0ms)
		ExecutionOrderSort2 (0ms)
		AwakeInstancesAfterBackupRestoration (7ms)
Launched and connected shader compiler UnityShaderCompiler.exe after 0.01 seconds
Refreshing native plugins compatible for Editor in 1.22 ms, found 3 plugins.
Preloading 0 native plugins for Editor in 0.00 ms.
Unloading 16 Unused Serialized files (Serialized files now loaded: 0)
Unloading 3143 unused Assets / (0.9 MB). Loaded Objects now: 3726.
Memory consumption went from 107.5 MB to 106.6 MB.
Total: 6.744200 ms (FindLiveObjects: 0.361800 ms CreateObjectMapping: 0.336100 ms MarkObjects: 5.084500 ms  DeleteObjects: 0.961200 ms)

========================================================================
Received Import Request.
  Time since last request: 734148.204799 seconds.
  path: Assets/Imported/PolygonMini_Fantasy/Models/Snow/SM_Bld_Knights_House_03_Snow.fbx
  artifactKey: Guid(b1739f6d89374f34ab14c0aae1ca23b0) Importer(2089858483,192608db42251d675da83286b1cce702)
Start importing Assets/Imported/PolygonMini_Fantasy/Models/Snow/SM_Bld_Knights_House_03_Snow.fbx using Guid(b1739f6d89374f34ab14c0aae1ca23b0) Importer(2089858483,192608db42251d675da83286b1cce702) (ScriptedImporter) -> (artifact id: 'ee78a344e6cf0391e376aa6434e8353e') in 0.1023156 seconds
Number of updated asset objects reloaded before import = 0Number of asset objects unloaded after import = 7

========================================================================
Received Import Request.
  Time since last request: 0.000014 seconds.
  path: Assets/Imported/PolygonMini_Fantasy/Models/Snow/SM_Bld_Viking_Hut_02_Snow.fbx
  artifactKey: Guid(39cb6f574e72a5a459fcc6bc70ae0fad) Importer(2089858483,192608db42251d675da83286b1cce702)
Start importing Assets/Imported/PolygonMini_Fantasy/Models/Snow/SM_Bld_Viking_Hut_02_Snow.fbx using Guid(39cb6f574e72a5a459fcc6bc70ae0fad) Importer(2089858483,192608db42251d675da83286b1cce702) (ScriptedImporter) -> (artifact id: '29be9bc13fc032e98f62131028d267e6') in 0.0147568 seconds
Number of updated asset objects reloaded before import = 0Number of asset objects unloaded after import = 7

========================================================================
Received Import Request.
  Time since last request: 0.000015 seconds.
  path: Assets/Imported/PolygonMini_Fantasy/Shaders/WorldGradient.shader
  artifactKey: Guid(17a6bdb2d7a748643a8b77cdd55d81d3) Importer(2089858483,192608db42251d675da83286b1cce702)
Start importing Assets/Imported/PolygonMini_Fantasy/Shaders/WorldGradient.shader using Guid(17a6bdb2d7a748643a8b77cdd55d81d3) Importer(2089858483,192608db42251d675da83286b1cce702) (ScriptedImporter) -> (artifact id: '955f15f52ef24ca747a74d665386f3a6') in 0.0183998 seconds
Number of updated asset objects reloaded before import = 0Number of asset objects unloaded after import = 1

========================================================================
Received Import Request.
  Time since last request: 0.000056 seconds.
  path: Assets/Imported/PolygonMini_Fantasy/Models/Snow/SM_Env_Dungeon_Rocks_01_Snow.fbx
  artifactKey: Guid(3f91c94d55b87e54987d01a3f8b9ab6a) Importer(2089858483,192608db42251d675da83286b1cce702)
Start importing Assets/Imported/PolygonMini_Fantasy/Models/Snow/SM_Env_Dungeon_Rocks_01_Snow.fbx using Guid(3f91c94d55b87e54987d01a3f8b9ab6a) Importer(2089858483,192608db42251d675da83286b1cce702) (ScriptedImporter) -> (artifact id: 'ea4e2ac56a1b9156823d8568308a3d05') in 0.0142647 seconds
Number of updated asset objects reloaded before import = 0Number of asset objects unloaded after import = 7

========================================================================
Received Import Request.
  Time since last request: 0.000013 seconds.
  path: Assets/Imported/PolygonMini_Fantasy/Textures/PolygonMinis_Texture_01_Purple.png
  artifactKey: Guid(9b654102de6ae3749a41941671a2cbe7) Importer(2089858483,192608db42251d675da83286b1cce702)
Start importing Assets/Imported/PolygonMini_Fantasy/Textures/PolygonMinis_Texture_01_Purple.png using Guid(9b654102de6ae3749a41941671a2cbe7) Importer(2089858483,192608db42251d675da83286b1cce702) (ScriptedImporter) -> (artifact id: '9d1f33c2a6f516942b57d83345973574') in 0.0374373 seconds
Number of updated asset objects reloaded before import = 0Number of asset objects unloaded after import = 1

========================================================================
Received Import Request.
  Time since last request: 0.000022 seconds.
  path: Assets/Imported/PolygonMini_Fantasy/Models/Snow/SM_Bld_Adventure_House_01_Snow.fbx
  artifactKey: Guid(b6a64449bc463cf44be51bf53daf6f46) Importer(2089858483,192608db42251d675da83286b1cce702)
Start importing Assets/Imported/PolygonMini_Fantasy/Models/Snow/SM_Bld_Adventure_House_01_Snow.fbx using Guid(b6a64449bc463cf44be51bf53daf6f46) Importer(2089858483,192608db42251d675da83286b1cce702) (ScriptedImporter) -> (artifact id: '776686409d8d168e0b27991c42fa2169') in 0.0137466 seconds
Number of updated asset objects reloaded before import = 0Number of asset objects unloaded after import = 7

========================================================================
Received Import Request.
  Time since last request: 0.000013 seconds.
  path: Assets/Imported/PolygonMini_Fantasy/Models/Snow/SM_Bld_Knights_Tent_01_Snow.fbx
  artifactKey: Guid(8f30dc4de079e34408e2a5bd67aa10ae) Importer(2089858483,192608db42251d675da83286b1cce702)
Start importing Assets/Imported/PolygonMini_Fantasy/Models/Snow/SM_Bld_Knights_Tent_01_Snow.fbx using Guid(8f30dc4de079e34408e2a5bd67aa10ae) Importer(2089858483,192608db42251d675da83286b1cce702) (ScriptedImporter) -> (artifact id: 'e10f60769ffddb3a05c2c38d161f93db') in 0.0132549 seconds
Number of updated asset objects reloaded before import = 0Number of asset objects unloaded after import = 7

========================================================================
Received Import Request.
  Time since last request: 0.000015 seconds.
  path: Assets/Imported/PolygonMini_Fantasy/Models/SM_Tile_Hex_Mountain_05.fbx
  artifactKey: Guid(10e75a79b79261d46affcd8fa1bcb8fe) Importer(2089858483,192608db42251d675da83286b1cce702)
Start importing Assets/Imported/PolygonMini_Fantasy/Models/SM_Tile_Hex_Mountain_05.fbx using Guid(10e75a79b79261d46affcd8fa1bcb8fe) Importer(2089858483,192608db42251d675da83286b1cce702) (ScriptedImporter) -> (artifact id: '273a1068736e1d7fc9f90633b79240db') in 0.0136472 seconds
Number of updated asset objects reloaded before import = 0Number of asset objects unloaded after import = 7

========================================================================
Received Import Request.
  Time since last request: 0.000041 seconds.
  path: Assets/Imported/PolygonMini_Fantasy/Models/SM_Tile_Hex_Waterfall_01.fbx
  artifactKey: Guid(afc0b2cdfbb729044a788746d9f4d1e7) Importer(2089858483,192608db42251d675da83286b1cce702)
Start importing Assets/Imported/PolygonMini_Fantasy/Models/SM_Tile_Hex_Waterfall_01.fbx using Guid(afc0b2cdfbb729044a788746d9f4d1e7) Importer(2089858483,192608db42251d675da83286b1cce702) (ScriptedImporter) -> (artifact id: '696f2d235fd4376da4b7613c6bfe0976') in 0.0147639 seconds
Number of updated asset objects reloaded before import = 0Number of asset objects unloaded after import = 7

========================================================================
Received Import Request.
  Time since last request: 0.000012 seconds.
  path: Assets/Imported/PolygonMini_Fantasy/Shaders/WorldFog.shader
  artifactKey: Guid(cab4c0e1cc2e66649bb7d184a5488188) Importer(2089858483,192608db42251d675da83286b1cce702)
Start importing Assets/Imported/PolygonMini_Fantasy/Shaders/WorldFog.shader using Guid(cab4c0e1cc2e66649bb7d184a5488188) Importer(2089858483,192608db42251d675da83286b1cce702) (ScriptedImporter) -> (artifact id: '049d7d090271e5e80d41c43e55201b19') in 0.0093553 seconds
Number of updated asset objects reloaded before import = 0Number of asset objects unloaded after import = 1

========================================================================
Received Import Request.
  Time since last request: 0.000032 seconds.
  path: Assets/Imported/PolygonMini_Fantasy/Models/SM_Tile_Cube_Island_03.fbx
  artifactKey: Guid(8e23ea9e755869e4b985a09bf583d031) Importer(2089858483,192608db42251d675da83286b1cce702)
Start importing Assets/Imported/PolygonMini_Fantasy/Models/SM_Tile_Cube_Island_03.fbx using Guid(8e23ea9e755869e4b985a09bf583d031) Importer(2089858483,192608db42251d675da83286b1cce702) (ScriptedImporter) -> (artifact id: '746839d746a33250162f581542c42759') in 0.0152985 seconds
Number of updated asset objects reloaded before import = 0Number of asset objects unloaded after import = 7

========================================================================
Received Import Request.
  Time since last request: 0.000014 seconds.
  path: Assets/Imported/PolygonMini_Fantasy/Scenes/Demo_Hex_LevelSelectSettings.lighting
  artifactKey: Guid(79146abe60694a648bf0f0492caaa704) Importer(2089858483,192608db42251d675da83286b1cce702)
Start importing Assets/Imported/PolygonMini_Fantasy/Scenes/Demo_Hex_LevelSelectSettings.lighting using Guid(79146abe60694a648bf0f0492caaa704) Importer(2089858483,192608db42251d675da83286b1cce702) (ScriptedImporter) -> (artifact id: '8b75e6bd6d132b209a5ccee72ee2afd6') in 0.0153373 seconds
Number of updated asset objects reloaded before import = 0Number of asset objects unloaded after import = 1

========================================================================
Received Import Request.
  Time since last request: 0.000015 seconds.
  path: Assets/Imported/PolygonMini_Fantasy/Models/SM_Tile_Hex_River_13.fbx
  artifactKey: Guid(6d31fc3505f4813499658acad18fe48d) Importer(2089858483,192608db42251d675da83286b1cce702)
Start importing Assets/Imported/PolygonMini_Fantasy/Models/SM_Tile_Hex_River_13.fbx using Guid(6d31fc3505f4813499658acad18fe48d) Importer(2089858483,192608db42251d675da83286b1cce702) (ScriptedImporter) -> (artifact id: '14019078d87658ae47fbb807d871c8d1') in 0.015072 seconds
Number of updated asset objects reloaded before import = 0Number of asset objects unloaded after import = 7

========================================================================
Received Import Request.
  Time since last request: 0.000015 seconds.
  path: Assets/Imported/PolygonMini_Fantasy/Models/Snow/SM_Bld_Samurai_House_01_Snow.fbx
  artifactKey: Guid(b9420d9e601f8b542b2f26207ae51b2a) Importer(2089858483,192608db42251d675da83286b1cce702)
Start importing Assets/Imported/PolygonMini_Fantasy/Models/Snow/SM_Bld_Samurai_House_01_Snow.fbx using Guid(b9420d9e601f8b542b2f26207ae51b2a) Importer(2089858483,192608db42251d675da83286b1cce702) (ScriptedImporter) -> (artifact id: '84023ef586e4124ee285e5617758515e') in 0.0136273 seconds
Number of updated asset objects reloaded before import = 0Number of asset objects unloaded after import = 7

========================================================================
Received Import Request.
  Time since last request: 0.000015 seconds.
  path: Assets/Imported/PolygonMini_Fantasy/Models/Snow/SM_Env_Generic_Rock_03_Snow.fbx
  artifactKey: Guid(2e7756b187bbb0343a01a1c48ce3bbee) Importer(2089858483,192608db42251d675da83286b1cce702)
Start importing Assets/Imported/PolygonMini_Fantasy/Models/Snow/SM_Env_Generic_Rock_03_Snow.fbx using Guid(2e7756b187bbb0343a01a1c48ce3bbee) Importer(2089858483,192608db42251d675da83286b1cce702) (ScriptedImporter) -> (artifact id: '81d609152497fc708100679f7374fd0e') in 0.0143218 seconds
Number of updated asset objects reloaded before import = 0Number of asset objects unloaded after import = 7

========================================================================
Received Import Request.
  Time since last request: 0.000013 seconds.
  path: Assets/Imported/PolygonMini_Fantasy/Models/SM_Tile_Hex_River_11.fbx
  artifactKey: Guid(2f17908b76035004da07e196314218e5) Importer(2089858483,192608db42251d675da83286b1cce702)
Start importing Assets/Imported/PolygonMini_Fantasy/Models/SM_Tile_Hex_River_11.fbx using Guid(2f17908b76035004da07e196314218e5) Importer(2089858483,192608db42251d675da83286b1cce702) (ScriptedImporter) -> (artifact id: '7707ac2d7260b59b93db2c27734896be') in 0.0131086 seconds
Number of updated asset objects reloaded before import = 0Number of asset objects unloaded after import = 7

========================================================================
Received Import Request.
  Time since last request: 0.000014 seconds.
  path: Assets/Imported/PolygonMini_Fantasy/Models/SM_Tile_Hex_Pond_01.fbx
  artifactKey: Guid(2a390776eec7beb449f71b38b0fe8780) Importer(2089858483,192608db42251d675da83286b1cce702)
Start importing Assets/Imported/PolygonMini_Fantasy/Models/SM_Tile_Hex_Pond_01.fbx using Guid(2a390776eec7beb449f71b38b0fe8780) Importer(2089858483,192608db42251d675da83286b1cce702) (ScriptedImporter) -> (artifact id: '618d2cbf4af93fb87bff00e0dda5e2f5') in 0.0142437 seconds
Number of updated asset objects reloaded before import = 0Number of asset objects unloaded after import = 7

========================================================================
Received Import Request.
  Time since last request: 0.000013 seconds.
  path: Assets/Imported/PolygonMini_Fantasy/Scenes/Demo_Hex_ExampleTilesSettings.lighting
  artifactKey: Guid(ceaa5e45c77377e46b70a20778a7fd5c) Importer(2089858483,192608db42251d675da83286b1cce702)
Start importing Assets/Imported/PolygonMini_Fantasy/Scenes/Demo_Hex_ExampleTilesSettings.lighting using Guid(ceaa5e45c77377e46b70a20778a7fd5c) Importer(2089858483,192608db42251d675da83286b1cce702) (ScriptedImporter) -> (artifact id: 'c55c6cdeafc3cd5e9fbd6b458699aebf') in 0.009508 seconds
Number of updated asset objects reloaded before import = 0Number of asset objects unloaded after import = 1

========================================================================
Received Import Request.
  Time since last request: 0.000023 seconds.
  path: Assets/Imported/PolygonMini_Fantasy/Textures/PolygonMinis_Texture_01_Yellow.png
  artifactKey: Guid(c33ed4c347d2d774ea4efbd8877703a9) Importer(2089858483,192608db42251d675da83286b1cce702)
Start importing Assets/Imported/PolygonMini_Fantasy/Textures/PolygonMinis_Texture_01_Yellow.png using Guid(c33ed4c347d2d774ea4efbd8877703a9) Importer(2089858483,192608db42251d675da83286b1cce702) (ScriptedImporter) -> (artifact id: '8e99211a47fee2897a735c151093612a') in 0.0162159 seconds
Number of updated asset objects reloaded before import = 0Number of asset objects unloaded after import = 1

========================================================================
Received Import Request.
  Time since last request: 0.051684 seconds.
  path: Assets/Imported/PolygonMini_Fantasy/Models/Snow/SM_Env_Generic_Tree_04_Snow.fbx
  artifactKey: Guid(d09e1197682d6bb4282aab910330393d) Importer(2089858483,192608db42251d675da83286b1cce702)
Start importing Assets/Imported/PolygonMini_Fantasy/Models/Snow/SM_Env_Generic_Tree_04_Snow.fbx using Guid(d09e1197682d6bb4282aab910330393d) Importer(2089858483,192608db42251d675da83286b1cce702) (ScriptedImporter) -> (artifact id: '79cb41d4badd569ef479da6b1baf3066') in 0.013543 seconds
Number of updated asset objects reloaded before import = 0Number of asset objects unloaded after import = 7

========================================================================
Received Import Request.
  Time since last request: 0.000015 seconds.
  path: Assets/Imported/PolygonMini_Fantasy/Prefabs/Buildings/SM_Bld_Pirates_House_01.prefab
  artifactKey: Guid(52582b53108001248a11df9c8f153416) Importer(2089858483,192608db42251d675da83286b1cce702)
Start importing Assets/Imported/PolygonMini_Fantasy/Prefabs/Buildings/SM_Bld_Pirates_House_01.prefab using Guid(52582b53108001248a11df9c8f153416) Importer(2089858483,192608db42251d675da83286b1cce702) (ScriptedImporter) -> (artifact id: '8deb267af8e570969393ec8e7509ed93') in 0.0130125 seconds
Number of updated asset objects reloaded before import = 0Number of asset objects unloaded after import = 7

========================================================================
Received Import Request.
  Time since last request: 0.000016 seconds.
  path: Assets/Imported/PolygonMini_Fantasy/Prefabs/Environments/SM_Env_Generic_Cliffs_01.prefab
  artifactKey: Guid(033b023fb3cf36a448abde60ec0f9dc1) Importer(2089858483,192608db42251d675da83286b1cce702)
Start importing Assets/Imported/PolygonMini_Fantasy/Prefabs/Environments/SM_Env_Generic_Cliffs_01.prefab using Guid(033b023fb3cf36a448abde60ec0f9dc1) Importer(2089858483,192608db42251d675da83286b1cce702) (ScriptedImporter) -> (artifact id: '0b8fac336b9b55f5473e58bb99bed6af') in 0.0142349 seconds
Number of updated asset objects reloaded before import = 0Number of asset objects unloaded after import = 7

========================================================================
Received Import Request.
  Time since last request: 0.000016 seconds.
  path: Assets/Imported/PolygonMini_Fantasy/Prefabs/Buildings/SM_Bld_Knights_Castle_03.prefab
  artifactKey: Guid(23d78b7620193fb4bbdcaff1855824ad) Importer(2089858483,192608db42251d675da83286b1cce702)
Start importing Assets/Imported/PolygonMini_Fantasy/Prefabs/Buildings/SM_Bld_Knights_Castle_03.prefab using Guid(23d78b7620193fb4bbdcaff1855824ad) Importer(2089858483,192608db42251d675da83286b1cce702) (ScriptedImporter) -> (artifact id: 'ee020d25cac3eb8e0df394aca54d97ad') in 0.0106475 seconds
Number of updated asset objects reloaded before import = 0Number of asset objects unloaded after import = 7

========================================================================
Received Import Request.
  Time since last request: 0.000013 seconds.
  path: Assets/Imported/PolygonMini_Fantasy/Prefabs/Backgrounds/SM_Background_Volcanic_01.prefab
  artifactKey: Guid(cd615e20666df234fb02db53329f0c64) Importer(2089858483,192608db42251d675da83286b1cce702)
Start importing Assets/Imported/PolygonMini_Fantasy/Prefabs/Backgrounds/SM_Background_Volcanic_01.prefab using Guid(cd615e20666df234fb02db53329f0c64) Importer(2089858483,192608db42251d675da83286b1cce702) (ScriptedImporter) -> (artifact id: '683b8c61d529c734b4077d63de4f2292') in 0.012099 seconds
Number of updated asset objects reloaded before import = 0Number of asset objects unloaded after import = 7

========================================================================
Received Import Request.
  Time since last request: 0.000014 seconds.
  path: Assets/Imported/PolygonMini_Fantasy/Prefabs/Buildings/SM_Bld_Viking_House_02.prefab
  artifactKey: Guid(d1116e2bc7ac00347b4fbc311edb555b) Importer(2089858483,192608db42251d675da83286b1cce702)
Start importing Assets/Imported/PolygonMini_Fantasy/Prefabs/Buildings/SM_Bld_Viking_House_02.prefab using Guid(d1116e2bc7ac00347b4fbc311edb555b) Importer(2089858483,192608db42251d675da83286b1cce702) (ScriptedImporter) -> (artifact id: '20ea385cfb7e94275762b85cc18e6802') in 0.0112754 seconds
Number of updated asset objects reloaded before import = 0Number of asset objects unloaded after import = 7

========================================================================
Received Import Request.
  Time since last request: 0.000015 seconds.
  path: Assets/Imported/PolygonMini_Fantasy/Prefabs/Backgrounds/SM_Background_Mountains_01.prefab
  artifactKey: Guid(a63371d09f7dbb240b149b4dfbb35bb2) Importer(2089858483,192608db42251d675da83286b1cce702)
Start importing Assets/Imported/PolygonMini_Fantasy/Prefabs/Backgrounds/SM_Background_Mountains_01.prefab using Guid(a63371d09f7dbb240b149b4dfbb35bb2) Importer(2089858483,192608db42251d675da83286b1cce702) (ScriptedImporter) -> (artifact id: '25b7ea0bce6ca3ecf203614ee6e9f0ce') in 0.0113965 seconds
Number of updated asset objects reloaded before import = 0Number of asset objects unloaded after import = 7

========================================================================
Received Import Request.
  Time since last request: 0.000013 seconds.
  path: Assets/Imported/PolygonMini_Fantasy/Models/Snow/SM_Env_Pirate_Palm_03_Snow.fbx
  artifactKey: Guid(26fe47560496070429ce83c374366ef3) Importer(2089858483,192608db42251d675da83286b1cce702)
Start importing Assets/Imported/PolygonMini_Fantasy/Models/Snow/SM_Env_Pirate_Palm_03_Snow.fbx using Guid(26fe47560496070429ce83c374366ef3) Importer(2089858483,192608db42251d675da83286b1cce702) (ScriptedImporter) -> (artifact id: 'b6d702a0a77e343503b895038f7f7847') in 0.0128521 seconds
Number of updated asset objects reloaded before import = 0Number of asset objects unloaded after import = 7

========================================================================
Received Import Request.
  Time since last request: 0.000013 seconds.
  path: Assets/Imported/PolygonMini_Fantasy/Models/Snow/SM_Prop_Generic_Bridge_01_Snow.fbx
  artifactKey: Guid(d7498850cee790b45894b049bfba701d) Importer(2089858483,192608db42251d675da83286b1cce702)
Start importing Assets/Imported/PolygonMini_Fantasy/Models/Snow/SM_Prop_Generic_Bridge_01_Snow.fbx using Guid(d7498850cee790b45894b049bfba701d) Importer(2089858483,192608db42251d675da83286b1cce702) (ScriptedImporter) -> (artifact id: 'a9bb1a839b1983b7d4e77f34ae0410f5') in 0.0137598 seconds
Number of updated asset objects reloaded before import = 0Number of asset objects unloaded after import = 7

========================================================================
Received Import Request.
  Time since last request: 0.000013 seconds.
  path: Assets/Imported/PolygonMini_Fantasy/Prefabs/Environments/SM_Env_Dungeon_Bones_01.prefab
  artifactKey: Guid(3f62ba52e75825546b3fbe3e30ebca6e) Importer(2089858483,192608db42251d675da83286b1cce702)
Start importing Assets/Imported/PolygonMini_Fantasy/Prefabs/Environments/SM_Env_Dungeon_Bones_01.prefab using Guid(3f62ba52e75825546b3fbe3e30ebca6e) Importer(2089858483,192608db42251d675da83286b1cce702) (ScriptedImporter) -> (artifact id: 'f637d459b233ff3b10556f86db77dd74') in 0.0109233 seconds
Number of updated asset objects reloaded before import = 0Number of asset objects unloaded after import = 7

========================================================================
Received Import Request.
  Time since last request: 0.000017 seconds.
  path: Assets/Imported/PolygonMini_Fantasy/Models/Snow/SM_Env_Generic_Tree_Birch_01_Snow.fbx
  artifactKey: Guid(32cead59911fd954ca2999b7c81e8f27) Importer(2089858483,192608db42251d675da83286b1cce702)
Start importing Assets/Imported/PolygonMini_Fantasy/Models/Snow/SM_Env_Generic_Tree_Birch_01_Snow.fbx using Guid(32cead59911fd954ca2999b7c81e8f27) Importer(2089858483,192608db42251d675da83286b1cce702) (ScriptedImporter) -> (artifact id: '6bb670e659c35737eba18aabafa71a40') in 0.0136883 seconds
Number of updated asset objects reloaded before import = 0Number of asset objects unloaded after import = 7

========================================================================
Received Import Request.
  Time since last request: 0.000011 seconds.
  path: Assets/Imported/PolygonMini_Fantasy/Models/Snow/SM_Env_Generic_Tree_07_Snow.fbx
  artifactKey: Guid(4c4cbb657a0174344a868d4bd8c19395) Importer(2089858483,192608db42251d675da83286b1cce702)
Start importing Assets/Imported/PolygonMini_Fantasy/Models/Snow/SM_Env_Generic_Tree_07_Snow.fbx using Guid(4c4cbb657a0174344a868d4bd8c19395) Importer(2089858483,192608db42251d675da83286b1cce702) (ScriptedImporter) -> (artifact id: 'f9982ac2aba4d85e6b5b63673f6048a8') in 0.0161222 seconds
Number of updated asset objects reloaded before import = 0Number of asset objects unloaded after import = 7

========================================================================
Received Import Request.
  Time since last request: 0.000012 seconds.
  path: Assets/Imported/PolygonMini_Fantasy/Models/Snow/SM_Prop_Knights_Wagon_01_Snow.fbx
  artifactKey: Guid(b9643435875857f468686ecad7b62df2) Importer(2089858483,192608db42251d675da83286b1cce702)
Start importing Assets/Imported/PolygonMini_Fantasy/Models/Snow/SM_Prop_Knights_Wagon_01_Snow.fbx using Guid(b9643435875857f468686ecad7b62df2) Importer(2089858483,192608db42251d675da83286b1cce702) (ScriptedImporter) -> (artifact id: '2d6de3be22197164fcf0b09acf949fa3') in 0.0129066 seconds
Number of updated asset objects reloaded before import = 0Number of asset objects unloaded after import = 7

========================================================================
Received Import Request.
  Time since last request: 0.000017 seconds.
  path: Assets/Imported/PolygonMini_Fantasy/Models/Snow/SM_Env_Western_Butte_02_Snow.fbx
  artifactKey: Guid(d4287969749dd274cae572442be20229) Importer(2089858483,192608db42251d675da83286b1cce702)
Start importing Assets/Imported/PolygonMini_Fantasy/Models/Snow/SM_Env_Western_Butte_02_Snow.fbx using Guid(d4287969749dd274cae572442be20229) Importer(2089858483,192608db42251d675da83286b1cce702) (ScriptedImporter) -> (artifact id: 'c8087577f83e812cc157b5b70fb63ef0') in 0.0131787 seconds
Number of updated asset objects reloaded before import = 0Number of asset objects unloaded after import = 7

========================================================================
Received Import Request.
  Time since last request: 0.000014 seconds.
  path: Assets/Imported/PolygonMini_Fantasy/Prefabs/Buildings/SM_Bld_Pirate_Mansion_01.prefab
  artifactKey: Guid(3fed7be6c19d6434e8c2a56a20409d0b) Importer(2089858483,192608db42251d675da83286b1cce702)
Start importing Assets/Imported/PolygonMini_Fantasy/Prefabs/Buildings/SM_Bld_Pirate_Mansion_01.prefab using Guid(3fed7be6c19d6434e8c2a56a20409d0b) Importer(2089858483,192608db42251d675da83286b1cce702) (ScriptedImporter) -> (artifact id: '0068fa96a4ffc4e0014c27f8f542de01') in 0.0108733 seconds
Number of updated asset objects reloaded before import = 0Number of asset objects unloaded after import = 7

========================================================================
Received Import Request.
  Time since last request: 0.000013 seconds.
  path: Assets/Imported/PolygonMini_Fantasy/Prefabs/Buildings/SM_Bld_Knights_House_04.prefab
  artifactKey: Guid(e3c4c403564da1e46953ebc26617410e) Importer(2089858483,192608db42251d675da83286b1cce702)
Start importing Assets/Imported/PolygonMini_Fantasy/Prefabs/Buildings/SM_Bld_Knights_House_04.prefab using Guid(e3c4c403564da1e46953ebc26617410e) Importer(2089858483,192608db42251d675da83286b1cce702) (ScriptedImporter) -> (artifact id: 'ef9407b616b96fa7b6afe3945869379b') in 0.0106717 seconds
Number of updated asset objects reloaded before import = 0Number of asset objects unloaded after import = 7

========================================================================
Received Import Request.
  Time since last request: 0.000180 seconds.
  path: Assets/Imported/PolygonMini_Fantasy/Models/Snow/SM_Env_Western_Cactus_02_Snow.fbx
  artifactKey: Guid(bfb2a05e450407d46b493144b42196e7) Importer(2089858483,192608db42251d675da83286b1cce702)
Start importing Assets/Imported/PolygonMini_Fantasy/Models/Snow/SM_Env_Western_Cactus_02_Snow.fbx using Guid(bfb2a05e450407d46b493144b42196e7) Importer(2089858483,192608db42251d675da83286b1cce702) (ScriptedImporter) -> (artifact id: '55a7bd9039f4e25af971ed3152290c4f') in 0.0138731 seconds
Number of updated asset objects reloaded before import = 0Number of asset objects unloaded after import = 7

========================================================================
Received Import Request.
  Time since last request: 0.000013 seconds.
  path: Assets/Imported/PolygonMini_Fantasy/Prefabs/Environments/SM_Env_Generic_Cloud_02.prefab
  artifactKey: Guid(16d637fceb0a8e04ba15bf37da151060) Importer(2089858483,192608db42251d675da83286b1cce702)
Start importing Assets/Imported/PolygonMini_Fantasy/Prefabs/Environments/SM_Env_Generic_Cloud_02.prefab using Guid(16d637fceb0a8e04ba15bf37da151060) Importer(2089858483,192608db42251d675da83286b1cce702) (ScriptedImporter) -> (artifact id: '60964eb242ef318e0f55e4ca3feafa17') in 0.010439 seconds
Number of updated asset objects reloaded before import = 0Number of asset objects unloaded after import = 7

========================================================================
Received Import Request.
  Time since last request: 0.000014 seconds.
  path: Assets/Imported/PolygonMini_Fantasy/Models/Snow/SM_Prop_Pirate_Boat_01_Snow.fbx
  artifactKey: Guid(1fc9cacbeb8a4e940ae328d676134030) Importer(2089858483,192608db42251d675da83286b1cce702)
Start importing Assets/Imported/PolygonMini_Fantasy/Models/Snow/SM_Prop_Pirate_Boat_01_Snow.fbx using Guid(1fc9cacbeb8a4e940ae328d676134030) Importer(2089858483,192608db42251d675da83286b1cce702) (ScriptedImporter) -> (artifact id: '0c7c47ebca551f80daa95d3944ed9ae9') in 0.0129901 seconds
Number of updated asset objects reloaded before import = 0Number of asset objects unloaded after import = 7

========================================================================
Received Import Request.
  Time since last request: 0.000012 seconds.
  path: Assets/Imported/PolygonMini_Fantasy/Models/Snow/SM_Env_Western_Butte_01_Snow.fbx
  artifactKey: Guid(71ab22036134ef6448faeedadbe631b3) Importer(2089858483,192608db42251d675da83286b1cce702)
Start importing Assets/Imported/PolygonMini_Fantasy/Models/Snow/SM_Env_Western_Butte_01_Snow.fbx using Guid(71ab22036134ef6448faeedadbe631b3) Importer(2089858483,192608db42251d675da83286b1cce702) (ScriptedImporter) -> (artifact id: '77b62d134f7a078bdf8a4e16fa4df98a') in 0.0129438 seconds
Number of updated asset objects reloaded before import = 0Number of asset objects unloaded after import = 7

========================================================================
Received Import Request.
  Time since last request: 0.000013 seconds.
  path: Assets/Imported/PolygonMini_Fantasy/Prefabs/Buildings/SM_Bld_Knights_Castle_02.prefab
  artifactKey: Guid(86e216da0abd45e47b3db079ed802697) Importer(2089858483,192608db42251d675da83286b1cce702)
Start importing Assets/Imported/PolygonMini_Fantasy/Prefabs/Buildings/SM_Bld_Knights_Castle_02.prefab using Guid(86e216da0abd45e47b3db079ed802697) Importer(2089858483,192608db42251d675da83286b1cce702) (ScriptedImporter) -> (artifact id: 'd444e178dd6fdb332c079e2aaf34e689') in 0.0119493 seconds
Number of updated asset objects reloaded before import = 0Number of asset objects unloaded after import = 7

========================================================================
Received Import Request.
  Time since last request: 0.000013 seconds.
  path: Assets/Imported/PolygonMini_Fantasy/Prefabs/Buildings/SM_Bld_Adventure_House_02.prefab
  artifactKey: Guid(60e3f855f21e1da4b8f428299401e583) Importer(2089858483,192608db42251d675da83286b1cce702)
Start importing Assets/Imported/PolygonMini_Fantasy/Prefabs/Buildings/SM_Bld_Adventure_House_02.prefab using Guid(60e3f855f21e1da4b8f428299401e583) Importer(2089858483,192608db42251d675da83286b1cce702) (ScriptedImporter) -> (artifact id: '2bab000b69d4992b9b27eba78da44a33') in 0.0107089 seconds
Number of updated asset objects reloaded before import = 0Number of asset objects unloaded after import = 7

========================================================================
Received Import Request.
  Time since last request: 0.000015 seconds.
  path: Assets/Imported/PolygonMini_Fantasy/Prefabs/Buildings/SM_Bld_Viking_Hut_01.prefab
  artifactKey: Guid(3661ed411f6b0bd43952e8748c1907db) Importer(2089858483,192608db42251d675da83286b1cce702)
Start importing Assets/Imported/PolygonMini_Fantasy/Prefabs/Buildings/SM_Bld_Viking_Hut_01.prefab using Guid(3661ed411f6b0bd43952e8748c1907db) Importer(2089858483,192608db42251d675da83286b1cce702) (ScriptedImporter) -> (artifact id: '337088104e62a38c52710ba9482940ac') in 0.0135785 seconds
Number of updated asset objects reloaded before import = 0Number of asset objects unloaded after import = 7

========================================================================
Received Import Request.
  Time since last request: 0.000014 seconds.
  path: Assets/Imported/PolygonMini_Fantasy/Models/Snow/SM_Prop_Viking_Fence_01_Snow.fbx
  artifactKey: Guid(b4ea70dc9d4a2ef4398640d8567e4a59) Importer(2089858483,192608db42251d675da83286b1cce702)
Start importing Assets/Imported/PolygonMini_Fantasy/Models/Snow/SM_Prop_Viking_Fence_01_Snow.fbx using Guid(b4ea70dc9d4a2ef4398640d8567e4a59) Importer(2089858483,192608db42251d675da83286b1cce702) (ScriptedImporter) -> (artifact id: '087897218bbd50614f5a5b46287a30ae') in 0.0126503 seconds
Number of updated asset objects reloaded before import = 0Number of asset objects unloaded after import = 7

========================================================================
Received Import Request.
  Time since last request: 0.000025 seconds.
  path: Assets/Imported/PolygonMini_Fantasy/Prefabs/Backgrounds/SM_Background_Ice_01.prefab
  artifactKey: Guid(a5016c0e5cb1d524cbca1a45f7603d5d) Importer(2089858483,192608db42251d675da83286b1cce702)
Start importing Assets/Imported/PolygonMini_Fantasy/Prefabs/Backgrounds/SM_Background_Ice_01.prefab using Guid(a5016c0e5cb1d524cbca1a45f7603d5d) Importer(2089858483,192608db42251d675da83286b1cce702) (ScriptedImporter) -> (artifact id: '63f3d391f42fd2871d8ba6836c15aff3') in 0.0115756 seconds
Number of updated asset objects reloaded before import = 0Number of asset objects unloaded after import = 7

========================================================================
Received Import Request.
  Time since last request: 0.201584 seconds.
  path: Assets/Imported/PolygonMini_Fantasy/Prefabs/Environments/SM_Env_Generic_Grass_Blob_01.prefab
  artifactKey: Guid(195cc96adaf1f7d4f80bf19f10bd1c62) Importer(2089858483,192608db42251d675da83286b1cce702)
Start importing Assets/Imported/PolygonMini_Fantasy/Prefabs/Environments/SM_Env_Generic_Grass_Blob_01.prefab using Guid(195cc96adaf1f7d4f80bf19f10bd1c62) Importer(2089858483,192608db42251d675da83286b1cce702) (ScriptedImporter) -> (artifact id: '53925571438873255153abc289975610') in 0.0121841 seconds
Number of updated asset objects reloaded before import = 0Number of asset objects unloaded after import = 7

========================================================================
Received Import Request.
  Time since last request: 0.000016 seconds.
  path: Assets/Imported/PolygonMini_Fantasy/Prefabs/Snow/SM_Bld_Adventure_Wall_01_Snow.prefab
  artifactKey: Guid(d619e375f57ca66458c65d43da9ebc63) Importer(2089858483,192608db42251d675da83286b1cce702)
Start importing Assets/Imported/PolygonMini_Fantasy/Prefabs/Snow/SM_Bld_Adventure_Wall_01_Snow.prefab using Guid(d619e375f57ca66458c65d43da9ebc63) Importer(2089858483,192608db42251d675da83286b1cce702) (ScriptedImporter) -> (artifact id: '222c85de218e65ab50719c736df132ce') in 0.0119477 seconds
Number of updated asset objects reloaded before import = 0Number of asset objects unloaded after import = 7

========================================================================
Received Import Request.
  Time since last request: 0.000016 seconds.
  path: Assets/Imported/PolygonMini_Fantasy/Prefabs/Snow/SM_Env_Dungeon_Mushroom_01_Snow.prefab
  artifactKey: Guid(ee9be575f6abc4340a7142657f06ada0) Importer(2089858483,192608db42251d675da83286b1cce702)
Start importing Assets/Imported/PolygonMini_Fantasy/Prefabs/Snow/SM_Env_Dungeon_Mushroom_01_Snow.prefab using Guid(ee9be575f6abc4340a7142657f06ada0) Importer(2089858483,192608db42251d675da83286b1cce702) (ScriptedImporter) -> (artifact id: 'd833f0914716998ddb3c885ef2b04043') in 0.0119559 seconds
Number of updated asset objects reloaded before import = 0Number of asset objects unloaded after import = 7

========================================================================
Received Import Request.
  Time since last request: 0.000014 seconds.
  path: Assets/Imported/PolygonMini_Fantasy/Prefabs/Snow/SM_Prop_Adventure_Well_01_Snow.prefab
  artifactKey: Guid(64bfda1e632acf54e9194d4b4b6147b0) Importer(2089858483,192608db42251d675da83286b1cce702)
Start importing Assets/Imported/PolygonMini_Fantasy/Prefabs/Snow/SM_Prop_Adventure_Well_01_Snow.prefab using Guid(64bfda1e632acf54e9194d4b4b6147b0) Importer(2089858483,192608db42251d675da83286b1cce702) (ScriptedImporter) -> (artifact id: '0fb674f1c83fab71d02daab16c71447e') in 0.0113042 seconds
Number of updated asset objects reloaded before import = 0Number of asset objects unloaded after import = 7

========================================================================
Received Import Request.
  Time since last request: 0.000016 seconds.
  path: Assets/Imported/PolygonMini_Fantasy/Prefabs/Snow/SM_Bld_Knights_Castle_05_Snow.prefab
  artifactKey: Guid(f62224d01ed274c47bda681cf6c3b696) Importer(2089858483,192608db42251d675da83286b1cce702)
Start importing Assets/Imported/PolygonMini_Fantasy/Prefabs/Snow/SM_Bld_Knights_Castle_05_Snow.prefab using Guid(f62224d01ed274c47bda681cf6c3b696) Importer(2089858483,192608db42251d675da83286b1cce702) (ScriptedImporter) -> (artifact id: 'a30796199b3fbd7fd8bbc9e53abbeba6') in 0.0117207 seconds
Number of updated asset objects reloaded before import = 0Number of asset objects unloaded after import = 7

========================================================================
Received Import Request.
  Time since last request: 0.000013 seconds.
  path: Assets/Imported/PolygonMini_Fantasy/Prefabs/Snow/SM_Bld_Pirate_Fort_04_Snow.prefab
  artifactKey: Guid(24166b6308ea9644aaac16da8729574f) Importer(2089858483,192608db42251d675da83286b1cce702)
Start importing Assets/Imported/PolygonMini_Fantasy/Prefabs/Snow/SM_Bld_Pirate_Fort_04_Snow.prefab using Guid(24166b6308ea9644aaac16da8729574f) Importer(2089858483,192608db42251d675da83286b1cce702) (ScriptedImporter) -> (artifact id: '212a95cf9f0ced5781f0ef7e88b7ab78') in 0.0122753 seconds
Number of updated asset objects reloaded before import = 0Number of asset objects unloaded after import = 7

========================================================================
Received Import Request.
  Time since last request: 0.000013 seconds.
  path: Assets/Imported/PolygonMini_Fantasy/Prefabs/Environments/SM_Env_Lilly_01.prefab
  artifactKey: Guid(b05819227e223ab4383d4bac7e0d70c4) Importer(2089858483,192608db42251d675da83286b1cce702)
Start importing Assets/Imported/PolygonMini_Fantasy/Prefabs/Environments/SM_Env_Lilly_01.prefab using Guid(b05819227e223ab4383d4bac7e0d70c4) Importer(2089858483,192608db42251d675da83286b1cce702) (ScriptedImporter) -> (artifact id: '71484c900b3e85ed6795303590da8966') in 0.0114658 seconds
Number of updated asset objects reloaded before import = 0Number of asset objects unloaded after import = 7

========================================================================
Received Import Request.
  Time since last request: 0.000013 seconds.
  path: Assets/Imported/PolygonMini_Fantasy/Prefabs/Snow/SM_Env_Western_Cactus_01_Snow.prefab
  artifactKey: Guid(2b2ed3766cf3a6940a196f2a7b7c6bc7) Importer(2089858483,192608db42251d675da83286b1cce702)
Start importing Assets/Imported/PolygonMini_Fantasy/Prefabs/Snow/SM_Env_Western_Cactus_01_Snow.prefab using Guid(2b2ed3766cf3a6940a196f2a7b7c6bc7) Importer(2089858483,192608db42251d675da83286b1cce702) (ScriptedImporter) -> (artifact id: 'ad8c34e51ecbcbdc2febd8f07f1e51ea') in 0.0122601 seconds
Number of updated asset objects reloaded before import = 0Number of asset objects unloaded after import = 7

========================================================================
Received Import Request.
  Time since last request: 0.000015 seconds.
  path: Assets/Imported/PolygonMini_Fantasy/Prefabs/Props/SM_Prop_Samurai_Fence_01.prefab
  artifactKey: Guid(d2e43fa6198751a4596078dadb81740c) Importer(2089858483,192608db42251d675da83286b1cce702)
Start importing Assets/Imported/PolygonMini_Fantasy/Prefabs/Props/SM_Prop_Samurai_Fence_01.prefab using Guid(d2e43fa6198751a4596078dadb81740c) Importer(2089858483,192608db42251d675da83286b1cce702) (ScriptedImporter) -> (artifact id: '25394b98ebbadb35e1da88261ca87e92') in 0.0103858 seconds
Number of updated asset objects reloaded before import = 0Number of asset objects unloaded after import = 7

========================================================================
Received Import Request.
  Time since last request: 0.000022 seconds.
  path: Assets/Imported/PolygonMini_Fantasy/Prefabs/FX/FX_Waves_Small_01.prefab
  artifactKey: Guid(2c4db6a8a7531684e9e924b82a059609) Importer(2089858483,192608db42251d675da83286b1cce702)
Start importing Assets/Imported/PolygonMini_Fantasy/Prefabs/FX/FX_Waves_Small_01.prefab using Guid(2c4db6a8a7531684e9e924b82a059609) Importer(2089858483,192608db42251d675da83286b1cce702) (ScriptedImporter) -> (artifact id: '53454776cd97431453e15cb15f3d0e57') in 0.0508651 seconds
Number of updated asset objects reloaded before import = 0Number of asset objects unloaded after import = 11

========================================================================
Received Import Request.
  Time since last request: 0.000015 seconds.
  path: Assets/Imported/PolygonMini_Fantasy/Prefabs/Snow/SM_Bld_Viking_Hut_01_Snow.prefab
  artifactKey: Guid(ae21a33c91d76f04098865e0b074bc89) Importer(2089858483,192608db42251d675da83286b1cce702)
Start importing Assets/Imported/PolygonMini_Fantasy/Prefabs/Snow/SM_Bld_Viking_Hut_01_Snow.prefab using Guid(ae21a33c91d76f04098865e0b074bc89) Importer(2089858483,192608db42251d675da83286b1cce702) (ScriptedImporter) -> (artifact id: '84d468a0857cc0ac8228705313486eb7') in 0.0105177 seconds
Number of updated asset objects reloaded before import = 0Number of asset objects unloaded after import = 7

========================================================================
Received Import Request.
  Time since last request: 0.000017 seconds.
  path: Assets/Imported/PolygonMini_Fantasy/Prefabs/Snow/SM_Env_Western_Rock_02_Snow.prefab
  artifactKey: Guid(35c1b05044b27114cb24c383360c7b29) Importer(2089858483,192608db42251d675da83286b1cce702)
Start importing Assets/Imported/PolygonMini_Fantasy/Prefabs/Snow/SM_Env_Western_Rock_02_Snow.prefab using Guid(35c1b05044b27114cb24c383360c7b29) Importer(2089858483,192608db42251d675da83286b1cce702) (ScriptedImporter) -> (artifact id: '3698b67dc09ab2c52e86ac36865ded7f') in 0.0143342 seconds
Number of updated asset objects reloaded before import = 0Number of asset objects unloaded after import = 7

========================================================================
Received Import Request.
  Time since last request: 0.000014 seconds.
  path: Assets/Imported/PolygonMini_Fantasy/Prefabs/Environments/SM_Env_Pirate_Palm_01.prefab
  artifactKey: Guid(e36cc1fcd494a3f449216cd0e7a45493) Importer(2089858483,192608db42251d675da83286b1cce702)
Start importing Assets/Imported/PolygonMini_Fantasy/Prefabs/Environments/SM_Env_Pirate_Palm_01.prefab using Guid(e36cc1fcd494a3f449216cd0e7a45493) Importer(2089858483,192608db42251d675da83286b1cce702) (ScriptedImporter) -> (artifact id: '930df42a21c9de7fff74140f5e08b5bc') in 0.0122788 seconds
Number of updated asset objects reloaded before import = 0Number of asset objects unloaded after import = 7

========================================================================
Received Import Request.
  Time since last request: 0.000013 seconds.
  path: Assets/Imported/PolygonMini_Fantasy/Prefabs/Environments/SM_Env_Lilly_02.prefab
  artifactKey: Guid(7697f9b061d93cc4f96f585eecdf996e) Importer(2089858483,192608db42251d675da83286b1cce702)
Start importing Assets/Imported/PolygonMini_Fantasy/Prefabs/Environments/SM_Env_Lilly_02.prefab using Guid(7697f9b061d93cc4f96f585eecdf996e) Importer(2089858483,192608db42251d675da83286b1cce702) (ScriptedImporter) -> (artifact id: '7b4e91b21ff07e00dbe82c05258d7d0e') in 0.0110844 seconds
Number of updated asset objects reloaded before import = 0Number of asset objects unloaded after import = 7

========================================================================
Received Import Request.
  Time since last request: 0.000013 seconds.
  path: Assets/Imported/PolygonMini_Fantasy/Prefabs/Snow/SM_Env_Samurai_Crops_01_Snow.prefab
  artifactKey: Guid(42dda09b91aaf584a84afdf9d81b9461) Importer(2089858483,192608db42251d675da83286b1cce702)
Start importing Assets/Imported/PolygonMini_Fantasy/Prefabs/Snow/SM_Env_Samurai_Crops_01_Snow.prefab using Guid(42dda09b91aaf584a84afdf9d81b9461) Importer(2089858483,192608db42251d675da83286b1cce702) (ScriptedImporter) -> (artifact id: '51727ebdf3cf285d1670a5c3be6a7052') in 0.0107115 seconds
Number of updated asset objects reloaded before import = 0Number of asset objects unloaded after import = 7

========================================================================
Received Import Request.
  Time since last request: 0.000015 seconds.
  path: Assets/Imported/PolygonMini_Fantasy/Prefabs/Snow/SM_Bld_Knights_Flag_04_Snow.prefab
  artifactKey: Guid(ace2b86ed1491cd40bfe07f2fd90bb31) Importer(2089858483,192608db42251d675da83286b1cce702)
Start importing Assets/Imported/PolygonMini_Fantasy/Prefabs/Snow/SM_Bld_Knights_Flag_04_Snow.prefab using Guid(ace2b86ed1491cd40bfe07f2fd90bb31) Importer(2089858483,192608db42251d675da83286b1cce702) (ScriptedImporter) -> (artifact id: '76c4dca6c6e46cb8d978af741c6ae51d') in 0.0116793 seconds
Number of updated asset objects reloaded before import = 0Number of asset objects unloaded after import = 7

========================================================================
Received Import Request.
  Time since last request: 0.000012 seconds.
  path: Assets/Imported/PolygonMini_Fantasy/Prefabs/Snow/SM_Env_Dungeon_Crystal_02_Snow.prefab
  artifactKey: Guid(8742e3a2fbac4714ba7ec09cd7d1a27e) Importer(2089858483,192608db42251d675da83286b1cce702)
Start importing Assets/Imported/PolygonMini_Fantasy/Prefabs/Snow/SM_Env_Dungeon_Crystal_02_Snow.prefab using Guid(8742e3a2fbac4714ba7ec09cd7d1a27e) Importer(2089858483,192608db42251d675da83286b1cce702) (ScriptedImporter) -> (artifact id: '59845544bc289bcffe4af0136a4e9700') in 0.0109378 seconds
Number of updated asset objects reloaded before import = 0Number of asset objects unloaded after import = 7

========================================================================
Received Import Request.
  Time since last request: 0.000017 seconds.
  path: Assets/Imported/PolygonMini_Fantasy/Prefabs/Snow/SM_Bld_Samurai_House_02_Snow.prefab
  artifactKey: Guid(1807e8c8424e12840829b0e9ef6662a2) Importer(2089858483,192608db42251d675da83286b1cce702)
Start importing Assets/Imported/PolygonMini_Fantasy/Prefabs/Snow/SM_Bld_Samurai_House_02_Snow.prefab using Guid(1807e8c8424e12840829b0e9ef6662a2) Importer(2089858483,192608db42251d675da83286b1cce702) (ScriptedImporter) -> (artifact id: '9664eabbe9205f55978aa2ee94d43f9e') in 0.0117531 seconds
Number of updated asset objects reloaded before import = 0Number of asset objects unloaded after import = 7

========================================================================
Received Import Request.
  Time since last request: 0.000013 seconds.
  path: Assets/Imported/PolygonMini_Fantasy/Prefabs/Snow/SM_Env_Generic_Tree_06_Snow.prefab
  artifactKey: Guid(ce0d69dfc6992494d884d14e7e10f032) Importer(2089858483,192608db42251d675da83286b1cce702)
Start importing Assets/Imported/PolygonMini_Fantasy/Prefabs/Snow/SM_Env_Generic_Tree_06_Snow.prefab using Guid(ce0d69dfc6992494d884d14e7e10f032) Importer(2089858483,192608db42251d675da83286b1cce702) (ScriptedImporter) -> (artifact id: 'bec1a426ba8958b331a467d33b77acde') in 0.0151734 seconds
Number of updated asset objects reloaded before import = 0Number of asset objects unloaded after import = 7

========================================================================
Received Import Request.
  Time since last request: 0.000016 seconds.
  path: Assets/Imported/PolygonMini_Fantasy/Prefabs/Snow/SM_Prop_Generic_Bridge_02_Snow.prefab
  artifactKey: Guid(bcf17c2b540864a49ae35901f95b7bb5) Importer(2089858483,192608db42251d675da83286b1cce702)
Start importing Assets/Imported/PolygonMini_Fantasy/Prefabs/Snow/SM_Prop_Generic_Bridge_02_Snow.prefab using Guid(bcf17c2b540864a49ae35901f95b7bb5) Importer(2089858483,192608db42251d675da83286b1cce702) (ScriptedImporter) -> (artifact id: 'a5aa7cbc260f125a6008bac25deba6c6') in 0.0113804 seconds
Number of updated asset objects reloaded before import = 0Number of asset objects unloaded after import = 7

========================================================================
Received Import Request.
  Time since last request: 0.000013 seconds.
  path: Assets/Imported/PolygonMini_Fantasy/Prefabs/Snow/SM_Env_Generic_Tree_Birch_01_Snow.prefab
  artifactKey: Guid(2624ccd61ef720b439ba167c5f5862ec) Importer(2089858483,192608db42251d675da83286b1cce702)
Start importing Assets/Imported/PolygonMini_Fantasy/Prefabs/Snow/SM_Env_Generic_Tree_Birch_01_Snow.prefab using Guid(2624ccd61ef720b439ba167c5f5862ec) Importer(2089858483,192608db42251d675da83286b1cce702) (ScriptedImporter) -> (artifact id: '2a7c6abdd54e6319add0230b1d343a73') in 0.011629 seconds
Number of updated asset objects reloaded before import = 0Number of asset objects unloaded after import = 7

========================================================================
Received Import Request.
  Time since last request: 0.000015 seconds.
  path: Assets/Imported/PolygonMini_Fantasy/Prefabs/Snow/SM_Env_Dungeon_Rocks_01_Snow.prefab
  artifactKey: Guid(c49616f936bbc1c41a0486b619621c75) Importer(2089858483,192608db42251d675da83286b1cce702)
Start importing Assets/Imported/PolygonMini_Fantasy/Prefabs/Snow/SM_Env_Dungeon_Rocks_01_Snow.prefab using Guid(c49616f936bbc1c41a0486b619621c75) Importer(2089858483,192608db42251d675da83286b1cce702) (ScriptedImporter) -> (artifact id: '216d18e165292616c7d7d35977ec96bd') in 0.0113978 seconds
Number of updated asset objects reloaded before import = 0Number of asset objects unloaded after import = 7

========================================================================
Received Import Request.
  Time since last request: 0.000015 seconds.
  path: Assets/Imported/PolygonMini_Fantasy/Prefabs/Snow/SM_Bld_Pirate_Mansion_01_Snow.prefab
  artifactKey: Guid(78b48f46351f5de4996234da6c387753) Importer(2089858483,192608db42251d675da83286b1cce702)
Start importing Assets/Imported/PolygonMini_Fantasy/Prefabs/Snow/SM_Bld_Pirate_Mansion_01_Snow.prefab using Guid(78b48f46351f5de4996234da6c387753) Importer(2089858483,192608db42251d675da83286b1cce702) (ScriptedImporter) -> (artifact id: '4cf1a68557a6327e0b9eca59f7d83947') in 0.0124997 seconds
Number of updated asset objects reloaded before import = 0Number of asset objects unloaded after import = 7

========================================================================
Received Import Request.
  Time since last request: 0.000019 seconds.
  path: Assets/Imported/PolygonMini_Fantasy/Prefabs/FX/FX_Ash_Falling_01.prefab
  artifactKey: Guid(65946a128cbeff2469267bae87331f3b) Importer(2089858483,192608db42251d675da83286b1cce702)
Start importing Assets/Imported/PolygonMini_Fantasy/Prefabs/FX/FX_Ash_Falling_01.prefab using Guid(65946a128cbeff2469267bae87331f3b) Importer(2089858483,192608db42251d675da83286b1cce702) (ScriptedImporter) -> (artifact id: '5f7108eaf12f6aab2ea77a5594e7265a') in 0.0200081 seconds
Number of updated asset objects reloaded before import = 0Number of asset objects unloaded after import = 6

========================================================================
Received Import Request.
  Time since last request: 0.000014 seconds.
  path: Assets/Imported/PolygonMini_Fantasy/Prefabs/Props/SM_Prop_Samurai_Shrine_01.prefab
  artifactKey: Guid(bacab3461ec365841a2eb894ba83d2e5) Importer(2089858483,192608db42251d675da83286b1cce702)
Start importing Assets/Imported/PolygonMini_Fantasy/Prefabs/Props/SM_Prop_Samurai_Shrine_01.prefab using Guid(bacab3461ec365841a2eb894ba83d2e5) Importer(2089858483,192608db42251d675da83286b1cce702) (ScriptedImporter) -> (artifact id: '36fadf17d3af7cdd4aef7fe79f864b76') in 0.0112448 seconds
Number of updated asset objects reloaded before import = 0Number of asset objects unloaded after import = 7

========================================================================
Received Import Request.
  Time since last request: 0.000016 seconds.
  path: Assets/Imported/PolygonMini_Fantasy/Prefabs/Snow/SM_Env_Dungeon_Bones_01_Snow.prefab
  artifactKey: Guid(efaa3a56a22fe484d904d8dfc54e45dd) Importer(2089858483,192608db42251d675da83286b1cce702)
Start importing Assets/Imported/PolygonMini_Fantasy/Prefabs/Snow/SM_Env_Dungeon_Bones_01_Snow.prefab using Guid(efaa3a56a22fe484d904d8dfc54e45dd) Importer(2089858483,192608db42251d675da83286b1cce702) (ScriptedImporter) -> (artifact id: 'a0ed06a7669b0908d1807ff74821bdd1') in 0.0124955 seconds
Number of updated asset objects reloaded before import = 0Number of asset objects unloaded after import = 7

========================================================================
Received Import Request.
  Time since last request: 0.000016 seconds.
  path: Assets/Imported/PolygonMini_Fantasy/Prefabs/Environments/SM_Env_Generic_Tree_06.prefab
  artifactKey: Guid(d258987b7723f8f4391995b9556ba14e) Importer(2089858483,192608db42251d675da83286b1cce702)
Start importing Assets/Imported/PolygonMini_Fantasy/Prefabs/Environments/SM_Env_Generic_Tree_06.prefab using Guid(d258987b7723f8f4391995b9556ba14e) Importer(2089858483,192608db42251d675da83286b1cce702) (ScriptedImporter) -> (artifact id: 'f3edb9da703a0867334a076410ba665f') in 0.011501 seconds
Number of updated asset objects reloaded before import = 0Number of asset objects unloaded after import = 7

========================================================================
Received Import Request.
  Time since last request: 0.000014 seconds.
  path: Assets/Imported/PolygonMini_Fantasy/Prefabs/Snow/SM_Prop_Generic_Crate_01_Snow.prefab
  artifactKey: Guid(5e7a3b648a979d9489c881dea63d0c5b) Importer(2089858483,192608db42251d675da83286b1cce702)
Start importing Assets/Imported/PolygonMini_Fantasy/Prefabs/Snow/SM_Prop_Generic_Crate_01_Snow.prefab using Guid(5e7a3b648a979d9489c881dea63d0c5b) Importer(2089858483,192608db42251d675da83286b1cce702) (ScriptedImporter) -> (artifact id: '9d4d246dc78720b262045ab0f264146a') in 0.0117917 seconds
Number of updated asset objects reloaded before import = 0Number of asset objects unloaded after import = 7

========================================================================
Received Import Request.
  Time since last request: 0.000016 seconds.
  path: Assets/Imported/PolygonMini_Fantasy/Prefabs/Snow/SM_Bld_Knights_Tent_02_Snow.prefab
  artifactKey: Guid(34a97470e4ea2364cbea0e58cd1a95f6) Importer(2089858483,192608db42251d675da83286b1cce702)
Start importing Assets/Imported/PolygonMini_Fantasy/Prefabs/Snow/SM_Bld_Knights_Tent_02_Snow.prefab using Guid(34a97470e4ea2364cbea0e58cd1a95f6) Importer(2089858483,192608db42251d675da83286b1cce702) (ScriptedImporter) -> (artifact id: '3e9fef2e36e7c46f80bce94a166e5520') in 0.0125027 seconds
Number of updated asset objects reloaded before import = 0Number of asset objects unloaded after import = 7

========================================================================
Received Import Request.
  Time since last request: 0.000014 seconds.
  path: Assets/Imported/PolygonMini_Fantasy/Prefabs/Snow/SM_Prop_Knights_Wagon_01_Snow.prefab
  artifactKey: Guid(153f08aab8251e7489babbd0dc5882bd) Importer(2089858483,192608db42251d675da83286b1cce702)
Start importing Assets/Imported/PolygonMini_Fantasy/Prefabs/Snow/SM_Prop_Knights_Wagon_01_Snow.prefab using Guid(153f08aab8251e7489babbd0dc5882bd) Importer(2089858483,192608db42251d675da83286b1cce702) (ScriptedImporter) -> (artifact id: 'f148946c7eec31de38ab9e5a14efa10a') in 0.0117725 seconds
Number of updated asset objects reloaded before import = 0Number of asset objects unloaded after import = 7

========================================================================
Received Import Request.
  Time since last request: 0.000018 seconds.
  path: Assets/Imported/PolygonMini_Fantasy/Prefabs/Snow/SM_Env_Generic_Rock_03_Snow.prefab
  artifactKey: Guid(c75eaece6dc61d24ea23f260b5f59f59) Importer(2089858483,192608db42251d675da83286b1cce702)
Start importing Assets/Imported/PolygonMini_Fantasy/Prefabs/Snow/SM_Env_Generic_Rock_03_Snow.prefab using Guid(c75eaece6dc61d24ea23f260b5f59f59) Importer(2089858483,192608db42251d675da83286b1cce702) (ScriptedImporter) -> (artifact id: '745991c9b7bd4d6281b01288d33f672d') in 0.0138336 seconds
Number of updated asset objects reloaded before import = 0Number of asset objects unloaded after import = 7

========================================================================
Received Import Request.
  Time since last request: 0.000013 seconds.
  path: Assets/Imported/PolygonMini_Fantasy/Prefabs/Props/SM_Prop_Stairs_Wood_01.prefab
  artifactKey: Guid(347bffbbf74ecd94eae3586fb0528c9f) Importer(2089858483,192608db42251d675da83286b1cce702)
Start importing Assets/Imported/PolygonMini_Fantasy/Prefabs/Props/SM_Prop_Stairs_Wood_01.prefab using Guid(347bffbbf74ecd94eae3586fb0528c9f) Importer(2089858483,192608db42251d675da83286b1cce702) (ScriptedImporter) -> (artifact id: '5dad94bf4c691a31785d174caa631c77') in 0.0107227 seconds
Number of updated asset objects reloaded before import = 0Number of asset objects unloaded after import = 7

========================================================================
Received Import Request.
  Time since last request: 0.000015 seconds.
  path: Assets/Imported/PolygonMini_Fantasy/Prefabs/Props/SM_Prop_Generic_Crate_01.prefab
  artifactKey: Guid(05c21bcae9883c94c93239788ed85936) Importer(2089858483,192608db42251d675da83286b1cce702)
Start importing Assets/Imported/PolygonMini_Fantasy/Prefabs/Props/SM_Prop_Generic_Crate_01.prefab using Guid(05c21bcae9883c94c93239788ed85936) Importer(2089858483,192608db42251d675da83286b1cce702) (ScriptedImporter) -> (artifact id: '4362e7ba68eb511f936a2840550c2c11') in 0.0112087 seconds
Number of updated asset objects reloaded before import = 0Number of asset objects unloaded after import = 7

========================================================================
Received Import Request.
  Time since last request: 0.000013 seconds.
  path: Assets/Imported/PolygonMini_Fantasy/Prefabs/Environments/SM_Env_Generic_Tree_08.prefab
  artifactKey: Guid(7cfe43cd9c9bf6842859e16b6f35c255) Importer(2089858483,192608db42251d675da83286b1cce702)
Start importing Assets/Imported/PolygonMini_Fantasy/Prefabs/Environments/SM_Env_Generic_Tree_08.prefab using Guid(7cfe43cd9c9bf6842859e16b6f35c255) Importer(2089858483,192608db42251d675da83286b1cce702) (ScriptedImporter) -> (artifact id: '374968c4ed9b30319bdabf99913f0e6f') in 0.0121039 seconds
Number of updated asset objects reloaded before import = 0Number of asset objects unloaded after import = 7

========================================================================
Received Import Request.
  Time since last request: 0.000014 seconds.
  path: Assets/Imported/PolygonMini_Fantasy/Prefabs/Snow/SM_Env_Generic_Bush_01_Snow.prefab
  artifactKey: Guid(8d126d2ba0e61c64681079cced20e42f) Importer(2089858483,192608db42251d675da83286b1cce702)
Start importing Assets/Imported/PolygonMini_Fantasy/Prefabs/Snow/SM_Env_Generic_Bush_01_Snow.prefab using Guid(8d126d2ba0e61c64681079cced20e42f) Importer(2089858483,192608db42251d675da83286b1cce702) (ScriptedImporter) -> (artifact id: '969c1efba632e7d337cf5cdcdaade9d7') in 0.0104235 seconds
Number of updated asset objects reloaded before import = 0Number of asset objects unloaded after import = 7

========================================================================
Received Import Request.
  Time since last request: 0.000019 seconds.
  path: Assets/Imported/PolygonMini_Fantasy/Prefabs/Environments/SM_Env_Generic_Grass_Blob_02.prefab
  artifactKey: Guid(232e3fd35982e9c418dbda1abc79c82e) Importer(2089858483,192608db42251d675da83286b1cce702)
Start importing Assets/Imported/PolygonMini_Fantasy/Prefabs/Environments/SM_Env_Generic_Grass_Blob_02.prefab using Guid(232e3fd35982e9c418dbda1abc79c82e) Importer(2089858483,192608db42251d675da83286b1cce702) (ScriptedImporter) -> (artifact id: '91c115eb73b99ffc6c10749a026d3033') in 0.0110988 seconds
Number of updated asset objects reloaded before import = 0Number of asset objects unloaded after import = 7

========================================================================
Received Import Request.
  Time since last request: 0.000012 seconds.
  path: Assets/Imported/PolygonMini_Fantasy/Prefabs/Snow/SM_Env_Generic_Bush_03_Snow.prefab
  artifactKey: Guid(84d81ddef6e57ad4e8b6584a938831d7) Importer(2089858483,192608db42251d675da83286b1cce702)
Start importing Assets/Imported/PolygonMini_Fantasy/Prefabs/Snow/SM_Env_Generic_Bush_03_Snow.prefab using Guid(84d81ddef6e57ad4e8b6584a938831d7) Importer(2089858483,192608db42251d675da83286b1cce702) (ScriptedImporter) -> (artifact id: 'cd697f667d8c4fad80a4107fe8e9c70d') in 0.0127647 seconds
Number of updated asset objects reloaded before import = 0Number of asset objects unloaded after import = 7

========================================================================
Received Import Request.
  Time since last request: 0.013530 seconds.
  path: Assets/Imported/PolygonMini_Fantasy/Prefabs/Snow/SM_Prop_Samurai_Gong_01_Snow.prefab
  artifactKey: Guid(361abfb7b0329e447a4ae820ac18af6e) Importer(2089858483,192608db42251d675da83286b1cce702)
Start importing Assets/Imported/PolygonMini_Fantasy/Prefabs/Snow/SM_Prop_Samurai_Gong_01_Snow.prefab using Guid(361abfb7b0329e447a4ae820ac18af6e) Importer(2089858483,192608db42251d675da83286b1cce702) (ScriptedImporter) -> (artifact id: 'e38085c7733fd589b504a25dcfef6642') in 0.0117991 seconds
Number of updated asset objects reloaded before import = 0Number of asset objects unloaded after import = 7

========================================================================
Received Import Request.
  Time since last request: 0.000017 seconds.
  path: Assets/Imported/PolygonMini_Fantasy/Prefabs/Tiles/Hex/SM_Tile_Hex_Path_02.prefab
  artifactKey: Guid(d4d5656c912748c458f84393e040e6c7) Importer(2089858483,192608db42251d675da83286b1cce702)
Start importing Assets/Imported/PolygonMini_Fantasy/Prefabs/Tiles/Hex/SM_Tile_Hex_Path_02.prefab using Guid(d4d5656c912748c458f84393e040e6c7) Importer(2089858483,192608db42251d675da83286b1cce702) (ScriptedImporter) -> (artifact id: 'ecc7cb998bd995e8ac66d5dfc5cd88c4') in 0.0122661 seconds
Number of updated asset objects reloaded before import = 0Number of asset objects unloaded after import = 7

========================================================================
Received Import Request.
  Time since last request: 0.000023 seconds.
  path: Assets/Imported/PolygonMini_Fantasy/Prefabs/Snow/SM_Prop_Viking_Boat_01_Snow.prefab
  artifactKey: Guid(911b1a2fc5ba6ae498fa207731030f3e) Importer(2089858483,192608db42251d675da83286b1cce702)
Start importing Assets/Imported/PolygonMini_Fantasy/Prefabs/Snow/SM_Prop_Viking_Boat_01_Snow.prefab using Guid(911b1a2fc5ba6ae498fa207731030f3e) Importer(2089858483,192608db42251d675da83286b1cce702) (ScriptedImporter) -> (artifact id: 'e9987ec1cb8f634e7284a6062339b8af') in 0.0118563 seconds
Number of updated asset objects reloaded before import = 0Number of asset objects unloaded after import = 7

========================================================================
Received Import Request.
  Time since last request: 0.000014 seconds.
  path: Assets/Imported/PolygonMini_Fantasy/Prefabs/Tiles/Hex/SM_Tile_Hex_Flat_03.prefab
  artifactKey: Guid(378e4d44d4a27e346a0efb62541a2d33) Importer(2089858483,192608db42251d675da83286b1cce702)
Start importing Assets/Imported/PolygonMini_Fantasy/Prefabs/Tiles/Hex/SM_Tile_Hex_Flat_03.prefab using Guid(378e4d44d4a27e346a0efb62541a2d33) Importer(2089858483,192608db42251d675da83286b1cce702) (ScriptedImporter) -> (artifact id: '69088b96d84ecfa32baeeac4e1e93154') in 0.0127273 seconds
Number of updated asset objects reloaded before import = 0Number of asset objects unloaded after import = 7

========================================================================
Received Import Request.
  Time since last request: 0.000016 seconds.
  path: Assets/Imported/PolygonMini_Fantasy/Prefabs/Tiles/Hex/SM_Tile_Hex_Path_07.prefab
  artifactKey: Guid(d933434f8a4097742a6b9d9534bb9ac3) Importer(2089858483,192608db42251d675da83286b1cce702)
Start importing Assets/Imported/PolygonMini_Fantasy/Prefabs/Tiles/Hex/SM_Tile_Hex_Path_07.prefab using Guid(d933434f8a4097742a6b9d9534bb9ac3) Importer(2089858483,192608db42251d675da83286b1cce702) (ScriptedImporter) -> (artifact id: '530daef304b076f48a93c196eac4490a') in 0.010784 seconds
Number of updated asset objects reloaded before import = 0Number of asset objects unloaded after import = 7

========================================================================
Received Import Request.
  Time since last request: 0.000015 seconds.
  path: Assets/Imported/PolygonMini_Fantasy/Prefabs/Tiles/Hex/SM_Tile_Hex_River_06.prefab
  artifactKey: Guid(401ae249403ef584a804106257e5bc93) Importer(2089858483,192608db42251d675da83286b1cce702)
Start importing Assets/Imported/PolygonMini_Fantasy/Prefabs/Tiles/Hex/SM_Tile_Hex_River_06.prefab using Guid(401ae249403ef584a804106257e5bc93) Importer(2089858483,192608db42251d675da83286b1cce702) (ScriptedImporter) -> (artifact id: 'ef74c8e29cf3555af05538c8f59437b9') in 0.012112 seconds
Number of updated asset objects reloaded before import = 0Number of asset objects unloaded after import = 7

========================================================================
Received Import Request.
  Time since last request: 0.000016 seconds.
  path: Assets/Imported/PolygonMini_Fantasy/Prefabs/Tiles/Cube/SM_Tile_Cube_Mountain_04.prefab
  artifactKey: Guid(d1f3f3aca116eea4da738ff4ff033a3a) Importer(2089858483,192608db42251d675da83286b1cce702)
Start importing Assets/Imported/PolygonMini_Fantasy/Prefabs/Tiles/Cube/SM_Tile_Cube_Mountain_04.prefab using Guid(d1f3f3aca116eea4da738ff4ff033a3a) Importer(2089858483,192608db42251d675da83286b1cce702) (ScriptedImporter) -> (artifact id: '08f33b8bb0ec5c841387cfbb10ac09bb') in 0.0105184 seconds
Number of updated asset objects reloaded before import = 0Number of asset objects unloaded after import = 7

========================================================================
Received Import Request.
  Time since last request: 0.000015 seconds.
  path: Assets/Imported/PolygonMini_Fantasy/Prefabs/Tiles/Hex/SM_Tile_Hex_Skulls_01.prefab
  artifactKey: Guid(f78d2f9d16eb11a448239663170d2c7e) Importer(2089858483,192608db42251d675da83286b1cce702)
Start importing Assets/Imported/PolygonMini_Fantasy/Prefabs/Tiles/Hex/SM_Tile_Hex_Skulls_01.prefab using Guid(f78d2f9d16eb11a448239663170d2c7e) Importer(2089858483,192608db42251d675da83286b1cce702) (ScriptedImporter) -> (artifact id: 'c260dc188ac3a66c50f37ced8830aa54') in 0.0126659 seconds
Number of updated asset objects reloaded before import = 0Number of asset objects unloaded after import = 7

========================================================================
Received Import Request.
  Time since last request: 0.000017 seconds.
  path: Assets/Imported/PolygonMini_Fantasy/Prefabs/UI/SM_UI_Number_01.prefab
  artifactKey: Guid(361d4b818ba5e29459ad22b36ed21d37) Importer(2089858483,192608db42251d675da83286b1cce702)
Start importing Assets/Imported/PolygonMini_Fantasy/Prefabs/UI/SM_UI_Number_01.prefab using Guid(361d4b818ba5e29459ad22b36ed21d37) Importer(2089858483,192608db42251d675da83286b1cce702) (ScriptedImporter) -> (artifact id: '6f59a04378cfa25eefff65c801fcaccf') in 0.0118411 seconds
Number of updated asset objects reloaded before import = 0Number of asset objects unloaded after import = 7

========================================================================
Received Import Request.
  Time since last request: 0.000019 seconds.
  path: Assets/Imported/PolygonMini_Fantasy/Prefabs/UI/SM_UI_Number_09.prefab
  artifactKey: Guid(23bff731238f22e4580a2c7486aedb2f) Importer(2089858483,192608db42251d675da83286b1cce702)
Start importing Assets/Imported/PolygonMini_Fantasy/Prefabs/UI/SM_UI_Number_09.prefab using Guid(23bff731238f22e4580a2c7486aedb2f) Importer(2089858483,192608db42251d675da83286b1cce702) (ScriptedImporter) -> (artifact id: '30e6a508c7a7f0946ecb8832adc7302f') in 0.0120617 seconds
Number of updated asset objects reloaded before import = 0Number of asset objects unloaded after import = 7

========================================================================
Received Import Request.
  Time since last request: 0.000018 seconds.
  path: Assets/Imported/PolygonMini_Fantasy/Prefabs/Tiles/Hex/SM_Tile_Hex_Forest_01.prefab
  artifactKey: Guid(9ebc0b3419d85bc478783f8df41ecac9) Importer(2089858483,192608db42251d675da83286b1cce702)
Start importing Assets/Imported/PolygonMini_Fantasy/Prefabs/Tiles/Hex/SM_Tile_Hex_Forest_01.prefab using Guid(9ebc0b3419d85bc478783f8df41ecac9) Importer(2089858483,192608db42251d675da83286b1cce702) (ScriptedImporter) -> (artifact id: '472c42d1e8d85866e716aa15ac9289e7') in 0.0109845 seconds
Number of updated asset objects reloaded before import = 0Number of asset objects unloaded after import = 7

========================================================================
Received Import Request.
  Time since last request: 0.000013 seconds.
  path: Assets/Imported/PolygonMini_Fantasy/Prefabs/Tiles/Cube/SM_Tile_Cube_Mountain_01.prefab
  artifactKey: Guid(a916bffd5af4b1f4a8b6fa26d4fa5323) Importer(2089858483,192608db42251d675da83286b1cce702)
Start importing Assets/Imported/PolygonMini_Fantasy/Prefabs/Tiles/Cube/SM_Tile_Cube_Mountain_01.prefab using Guid(a916bffd5af4b1f4a8b6fa26d4fa5323) Importer(2089858483,192608db42251d675da83286b1cce702) (ScriptedImporter) -> (artifact id: 'c586937a373a7f6fdb7cb82adb06b585') in 0.0121929 seconds
Number of updated asset objects reloaded before import = 0Number of asset objects unloaded after import = 7

========================================================================
Received Import Request.
  Time since last request: 0.000013 seconds.
  path: Assets/Imported/PolygonMini_Fantasy/Prefabs/Tiles/Hex/SM_Tile_Hex_Path_05.prefab
  artifactKey: Guid(6d220353ea6c2ba4b94356af5be7ce17) Importer(2089858483,192608db42251d675da83286b1cce702)
Start importing Assets/Imported/PolygonMini_Fantasy/Prefabs/Tiles/Hex/SM_Tile_Hex_Path_05.prefab using Guid(6d220353ea6c2ba4b94356af5be7ce17) Importer(2089858483,192608db42251d675da83286b1cce702) (ScriptedImporter) -> (artifact id: '0aa1ae811c204c41bf8fdd4d058bbd4c') in 0.0106687 seconds
Number of updated asset objects reloaded before import = 0Number of asset objects unloaded after import = 7

========================================================================
Received Import Request.
  Time since last request: 0.000014 seconds.
  path: Assets/Imported/PolygonMini_Fantasy/Prefabs/Tiles/Hex/SM_Tile_Hex_Mountain_03.prefab
  artifactKey: Guid(3d4dfd5ea69d2fb4fa8c37ac3c2750e3) Importer(2089858483,192608db42251d675da83286b1cce702)
Start importing Assets/Imported/PolygonMini_Fantasy/Prefabs/Tiles/Hex/SM_Tile_Hex_Mountain_03.prefab using Guid(3d4dfd5ea69d2fb4fa8c37ac3c2750e3) Importer(2089858483,192608db42251d675da83286b1cce702) (ScriptedImporter) -> (artifact id: '8d9bc1563ed33ce2593262db71b1e1bf') in 0.0119271 seconds
Number of updated asset objects reloaded before import = 0Number of asset objects unloaded after import = 7

========================================================================
Received Import Request.
  Time since last request: 0.000014 seconds.
  path: Assets/Imported/PolygonMini_Fantasy/Prefabs/UI/SM_UI_Number_06.prefab
  artifactKey: Guid(6a4cb0ca3ea62bf4bb95c6ee252992b9) Importer(2089858483,192608db42251d675da83286b1cce702)
Start importing Assets/Imported/PolygonMini_Fantasy/Prefabs/UI/SM_UI_Number_06.prefab using Guid(6a4cb0ca3ea62bf4bb95c6ee252992b9) Importer(2089858483,192608db42251d675da83286b1cce702) (ScriptedImporter) -> (artifact id: 'bd7ba2db8e2a5c106577765cf5991f5e') in 0.0113635 seconds
Number of updated asset objects reloaded before import = 0Number of asset objects unloaded after import = 7

========================================================================
Received Import Request.
  Time since last request: 0.000014 seconds.
  path: Assets/Imported/PolygonMini_Fantasy/Prefabs/Tiles/Cube/SM_Tile_Cube_Path_03.prefab
  artifactKey: Guid(a8027928386be58448d0c8987c772cc3) Importer(2089858483,192608db42251d675da83286b1cce702)
Start importing Assets/Imported/PolygonMini_Fantasy/Prefabs/Tiles/Cube/SM_Tile_Cube_Path_03.prefab using Guid(a8027928386be58448d0c8987c772cc3) Importer(2089858483,192608db42251d675da83286b1cce702) (ScriptedImporter) -> (artifact id: '681bf04f662dcfd71c0619ec8ea0ab6f') in 0.0140688 seconds
Number of updated asset objects reloaded before import = 0Number of asset objects unloaded after import = 7

========================================================================
Received Import Request.
  Time since last request: 0.000013 seconds.
  path: Assets/Imported/PolygonMini_Fantasy/Prefabs/Tiles/Hex/SM_Tile_Hex_Column_Water_02.prefab
  artifactKey: Guid(868e7193913516741912c9f4f922c6f9) Importer(2089858483,192608db42251d675da83286b1cce702)
Start importing Assets/Imported/PolygonMini_Fantasy/Prefabs/Tiles/Hex/SM_Tile_Hex_Column_Water_02.prefab using Guid(868e7193913516741912c9f4f922c6f9) Importer(2089858483,192608db42251d675da83286b1cce702) (ScriptedImporter) -> (artifact id: '201c9fe7eb3864078f5c4b8168783a36') in 0.0118752 seconds
Number of updated asset objects reloaded before import = 0Number of asset objects unloaded after import = 7

========================================================================
Received Import Request.
  Time since last request: 0.000015 seconds.
  path: Assets/Imported/PolygonMini_Fantasy/Prefabs/UI/SM_UI_Number_00.prefab
  artifactKey: Guid(b618f3a03c66e684a96cbbf4db3d2e23) Importer(2089858483,192608db42251d675da83286b1cce702)
Start importing Assets/Imported/PolygonMini_Fantasy/Prefabs/UI/SM_UI_Number_00.prefab using Guid(b618f3a03c66e684a96cbbf4db3d2e23) Importer(2089858483,192608db42251d675da83286b1cce702) (ScriptedImporter) -> (artifact id: '83290d837cf1c5e987c2e5758c928622') in 0.0107783 seconds
Number of updated asset objects reloaded before import = 0Number of asset objects unloaded after import = 7

========================================================================
Received Import Request.
  Time since last request: 0.000014 seconds.
  path: Assets/Imported/PolygonMini_Fantasy/Prefabs/Tiles/Cube/SM_Tile_Cube_Skulls_01.prefab
  artifactKey: Guid(e04238e3c3623884d9e69313178b19f3) Importer(2089858483,192608db42251d675da83286b1cce702)
Start importing Assets/Imported/PolygonMini_Fantasy/Prefabs/Tiles/Cube/SM_Tile_Cube_Skulls_01.prefab using Guid(e04238e3c3623884d9e69313178b19f3) Importer(2089858483,192608db42251d675da83286b1cce702) (ScriptedImporter) -> (artifact id: '7325071458013808278cb85d5b12e7d6') in 0.0124965 seconds
Number of updated asset objects reloaded before import = 0Number of asset objects unloaded after import = 7

========================================================================
Received Import Request.
  Time since last request: 0.000018 seconds.
  path: Assets/Imported/PolygonMini_Fantasy/Prefabs/Tiles/Hex/SM_Tile_Hex_Path_03.prefab
  artifactKey: Guid(23d160648806938428a44a72fb15a6be) Importer(2089858483,192608db42251d675da83286b1cce702)
Start importing Assets/Imported/PolygonMini_Fantasy/Prefabs/Tiles/Hex/SM_Tile_Hex_Path_03.prefab using Guid(23d160648806938428a44a72fb15a6be) Importer(2089858483,192608db42251d675da83286b1cce702) (ScriptedImporter) -> (artifact id: 'c2d7c0fef235295de3aeef2049e0c0bd') in 0.0117139 seconds
Number of updated asset objects reloaded before import = 0Number of asset objects unloaded after import = 7

========================================================================
Received Import Request.
  Time since last request: 0.000021 seconds.
  path: Assets/Imported/PolygonMini_Fantasy/Prefabs/Tiles/Cube/SM_Tile_Cube_River_03.prefab
  artifactKey: Guid(31c211549b6855044a0b12803a11bca5) Importer(2089858483,192608db42251d675da83286b1cce702)
Start importing Assets/Imported/PolygonMini_Fantasy/Prefabs/Tiles/Cube/SM_Tile_Cube_River_03.prefab using Guid(31c211549b6855044a0b12803a11bca5) Importer(2089858483,192608db42251d675da83286b1cce702) (ScriptedImporter) -> (artifact id: '381b273daf9d576847ead204ac0a9aa9') in 0.012049 seconds
Number of updated asset objects reloaded before import = 0Number of asset objects unloaded after import = 7

========================================================================
Received Import Request.
  Time since last request: 0.000015 seconds.
  path: Assets/Imported/PolygonMini_Fantasy/Prefabs/Tiles/Hex/SM_Tile_Hex_Hill_08.prefab
  artifactKey: Guid(fd93c12f2175ba8478031f3fa3ec9ba0) Importer(2089858483,192608db42251d675da83286b1cce702)
Start importing Assets/Imported/PolygonMini_Fantasy/Prefabs/Tiles/Hex/SM_Tile_Hex_Hill_08.prefab using Guid(fd93c12f2175ba8478031f3fa3ec9ba0) Importer(2089858483,192608db42251d675da83286b1cce702) (ScriptedImporter) -> (artifact id: 'ce4e36c8b48a1fe7bb21ed76fcd904e5') in 0.0119308 seconds
Number of updated asset objects reloaded before import = 0Number of asset objects unloaded after import = 7

========================================================================
Received Import Request.
  Time since last request: 0.000013 seconds.
  path: Assets/Imported/PolygonMini_Fantasy/Prefabs/Tiles/Cube/SM_Tile_Cube_Hill_06.prefab
  artifactKey: Guid(09d43b9ec1f563845b5a8a9a3301b501) Importer(2089858483,192608db42251d675da83286b1cce702)
Start importing Assets/Imported/PolygonMini_Fantasy/Prefabs/Tiles/Cube/SM_Tile_Cube_Hill_06.prefab using Guid(09d43b9ec1f563845b5a8a9a3301b501) Importer(2089858483,192608db42251d675da83286b1cce702) (ScriptedImporter) -> (artifact id: 'd66906089bb6de95a2c76a584de2802e') in 0.0122933 seconds
Number of updated asset objects reloaded before import = 0Number of asset objects unloaded after import = 7

========================================================================
Received Import Request.
  Time since last request: 0.000014 seconds.
  path: Assets/Imported/PolygonMini_Fantasy/Prefabs/Snow/SM_Prop_Western_Fence_01_Snow.prefab
  artifactKey: Guid(49597997f682ffa49b67525f24a4ef4a) Importer(2089858483,192608db42251d675da83286b1cce702)
Start importing Assets/Imported/PolygonMini_Fantasy/Prefabs/Snow/SM_Prop_Western_Fence_01_Snow.prefab using Guid(49597997f682ffa49b67525f24a4ef4a) Importer(2089858483,192608db42251d675da83286b1cce702) (ScriptedImporter) -> (artifact id: 'a6fec6fd7c78973a89e417fabdf1e51a') in 0.0130959 seconds
Number of updated asset objects reloaded before import = 0Number of asset objects unloaded after import = 7

========================================================================
Received Import Request.
  Time since last request: 0.000014 seconds.
  path: Assets/Imported/PolygonMini_Fantasy/Prefabs/Tiles/Hex/SM_Tile_Hex_Mountain_01.prefab
  artifactKey: Guid(74948e9f5a9732b47aeec5af80de6dca) Importer(2089858483,192608db42251d675da83286b1cce702)
Start importing Assets/Imported/PolygonMini_Fantasy/Prefabs/Tiles/Hex/SM_Tile_Hex_Mountain_01.prefab using Guid(74948e9f5a9732b47aeec5af80de6dca) Importer(2089858483,192608db42251d675da83286b1cce702) (ScriptedImporter) -> (artifact id: 'd518143eeeedb8d4e50bddb3f13cd9cb') in 0.010243 seconds
Number of updated asset objects reloaded before import = 0Number of asset objects unloaded after import = 7

Editor requested this worker to shutdown with reason: Scaling down because of idle timeout
AssetImportWorker is now disconnected from the server
Process exiting
Exiting without the bug reporter. Application will terminate with return code 0