Using pre-set license
Built from '2023.2/staging' branch; Version is '2023.2.19f1 (95c298372b1e) revision 9814680'; Using compiler version '193431935'; Build Type 'Release'
OS: 'Windows 10  (10.0.19045) 64bit Professional' Language: 'fr' Physical Memory: 32669 MB
BatchMode: 1, IsHumanControllingUs: 0, StartBugReporterOnCrash: 0, Is64bit: 1, IsPro: 1

COMMAND LINE ARGUMENTS:
C:\Program Files\Unity\Hub\Editor\2023.2.19f1\Editor\Unity.exe
-adb2
-batchMode
-noUpm
-name
AssetImportWorker13
-projectPath
C:/Important/projetUnity/My project
-logFile
Logs/AssetImportWorker13.log
-srvPort
56099
-job-worker-count
11
-background-job-worker-count
8
-asset-garbage-collectors
1
Successfully changed project path to: C:/Important/projetUnity/My project
C:/Important/projetUnity/My project
[UnityMemory] Configuration Parameters - Can be set up in boot.config
    "memorysetup-bucket-allocator-granularity=16"
    "memorysetup-bucket-allocator-bucket-count=8"
    "memorysetup-bucket-allocator-block-size=33554432"
    "memorysetup-bucket-allocator-block-count=8"
    "memorysetup-main-allocator-block-size=16777216"
    "memorysetup-thread-allocator-block-size=16777216"
    "memorysetup-gfx-main-allocator-block-size=16777216"
    "memorysetup-gfx-thread-allocator-block-size=16777216"
    "memorysetup-cache-allocator-block-size=4194304"
    "memorysetup-typetree-allocator-block-size=2097152"
    "memorysetup-profiler-bucket-allocator-granularity=16"
    "memorysetup-profiler-bucket-allocator-bucket-count=8"
    "memorysetup-profiler-bucket-allocator-block-size=33554432"
    "memorysetup-profiler-bucket-allocator-block-count=8"
    "memorysetup-profiler-allocator-block-size=16777216"
    "memorysetup-profiler-editor-allocator-block-size=1048576"
    "memorysetup-temp-allocator-size-main=16777216"
    "memorysetup-job-temp-allocator-block-size=2097152"
    "memorysetup-job-temp-allocator-block-size-background=1048576"
    "memorysetup-job-temp-allocator-reduction-small-platforms=262144"
    "memorysetup-allocator-temp-initial-block-size-main=262144"
    "memorysetup-allocator-temp-initial-block-size-worker=262144"
    "memorysetup-temp-allocator-size-background-worker=32768"
    "memorysetup-temp-allocator-size-job-worker=262144"
    "memorysetup-temp-allocator-size-preload-manager=33554432"
    "memorysetup-temp-allocator-size-nav-mesh-worker=65536"
    "memorysetup-temp-allocator-size-audio-worker=65536"
    "memorysetup-temp-allocator-size-cloud-worker=32768"
    "memorysetup-temp-allocator-size-gi-baking-worker=262144"
    "memorysetup-temp-allocator-size-gi-baking-worker=262144"
    "memorysetup-temp-allocator-size-gi-baking-worker=262144"
    "memorysetup-temp-allocator-size-gi-baking-worker=262144"
    "memorysetup-temp-allocator-size-gfx=262144"
Player connection [5428] Host "[IP] 192.168.0.15 [Port] 0 [Flags] 2 [Guid] 2220790653 [EditorId] 2220790653 [Version] 1048832 [Id] WindowsEditor(7,DESKTOP-43MNS7H) [Debug] 1 [PackageName] WindowsEditor [ProjectName] Editor" joined multi-casting on [225.0.0.222:54997]...
Player connection [5428] Host "[IP] 192.168.0.15 [Port] 0 [Flags] 2 [Guid] 2220790653 [EditorId] 2220790653 [Version] 1048832 [Id] WindowsEditor(7,DESKTOP-43MNS7H) [Debug] 1 [PackageName] WindowsEditor [ProjectName] Editor" joined alternative multi-casting on [225.0.0.222:34997]...
JobSystem: Creating JobQueue using job-worker-count value 11
[Physics::Module] Initialized MultithreadedJobDispatcher with 11 workers.
Library Redirect Path: Library/
Refreshing native plugins compatible for Editor in 1.32 ms, found 3 plugins.
Preloading 0 native plugins for Editor in 0.00 ms.
Initialize engine version: 2023.2.19f1 (95c298372b1e)
[Subsystems] Discovering subsystems at path C:/Program Files/Unity/Hub/Editor/2023.2.19f1/Editor/Data/Resources/UnitySubsystems
[Subsystems] Discovering subsystems at path C:/Important/projetUnity/My project/Assets
GfxDevice: creating device client; kGfxThreadingModeNonThreaded
Direct3D:
    Version:  Direct3D 11.0 [level 11.1]
    Renderer: AMD Radeon RX 6700 (ID=0x73df)
    Vendor:   ATI
    VRAM:     10195 MB
    Driver:   31.0.24002.92
Initialize mono
Mono path[0] = 'C:/Program Files/Unity/Hub/Editor/2023.2.19f1/Editor/Data/Managed'
Mono path[1] = 'C:/Program Files/Unity/Hub/Editor/2023.2.19f1/Editor/Data/MonoBleedingEdge/lib/mono/unityjit-win32'
Mono config path = 'C:/Program Files/Unity/Hub/Editor/2023.2.19f1/Editor/Data/MonoBleedingEdge/etc'
Using monoOptions --debugger-agent=transport=dt_socket,embedding=1,server=y,suspend=n,address=127.0.0.1:56344
Begin MonoManager ReloadAssembly
Registering precompiled unity dll's ...
Register platform support module: C:/Program Files/Unity/Hub/Editor/2023.2.19f1/Editor/Data/PlaybackEngines/WindowsStandaloneSupport/UnityEditor.WindowsStandalone.Extensions.dll
Registered in 0.004873 seconds.
- Loaded All Assemblies, in  0.356 seconds
Native extension for WindowsStandalone target not found
Mono: successfully reloaded assembly
- Finished resetting the current domain, in  0.270 seconds
Domain Reload Profiling: 623ms
	BeginReloadAssembly (127ms)
		ExecutionOrderSort (0ms)
		DisableScriptedObjects (0ms)
		BackupInstance (0ms)
		ReleaseScriptingObjects (0ms)
		CreateAndSetChildDomain (1ms)
	RebuildCommonClasses (32ms)
	RebuildNativeTypeToScriptingClass (10ms)
	initialDomainReloadingComplete (54ms)
	LoadAllAssembliesAndSetupDomain (129ms)
		LoadAssemblies (122ms)
		RebuildTransferFunctionScriptingTraits (0ms)
		AnalyzeDomain (127ms)
			TypeCache.Refresh (125ms)
				TypeCache.ScanAssembly (114ms)
			BuildScriptInfoCaches (0ms)
			ResolveRequiredComponents (0ms)
	FinalizeReload (271ms)
		ReleaseScriptCaches (0ms)
		RebuildScriptCaches (0ms)
		SetupLoadedEditorAssemblies (229ms)
			LogAssemblyErrors (0ms)
			InitializePlatformSupportModulesInManaged (8ms)
			SetLoadedEditorAssemblies (4ms)
			BeforeProcessingInitializeOnLoad (5ms)
			ProcessInitializeOnLoadAttributes (175ms)
			ProcessInitializeOnLoadMethodAttributes (36ms)
			AfterProcessingInitializeOnLoad (0ms)
			EditorAssembliesLoaded (0ms)
		ExecutionOrderSort2 (0ms)
		AwakeInstancesAfterBackupRestoration (0ms)
========================================================================
Worker process is ready to serve import requests
Import Worker Mode flag is 0x00
Begin MonoManager ReloadAssembly
Symbol file LoadedFromMemory doesn't match image C:\Important\projetUnity\My project\Library\PackageCache\com.unity.visualscripting@1.8.0\Editor\VisualScripting.Core\Dependencies\YamlDotNet\Unity.VisualScripting.YamlDotNet.dll
Symbol file LoadedFromMemory doesn't match image C:\Important\projetUnity\My project\Library\PackageCache\com.unity.visualscripting@1.8.0\Editor\VisualScripting.Core\Dependencies\DotNetZip\Unity.VisualScripting.IonicZip.dll
- Loaded All Assemblies, in  0.781 seconds
Refreshing native plugins compatible for Editor in 1.11 ms, found 3 plugins.
Native extension for WindowsStandalone target not found
Mono: successfully reloaded assembly
- Finished resetting the current domain, in  0.659 seconds
Domain Reload Profiling: 1434ms
	BeginReloadAssembly (342ms)
		ExecutionOrderSort (0ms)
		DisableScriptedObjects (5ms)
		BackupInstance (0ms)
		ReleaseScriptingObjects (0ms)
		CreateAndSetChildDomain (30ms)
	RebuildCommonClasses (31ms)
	RebuildNativeTypeToScriptingClass (10ms)
	initialDomainReloadingComplete (37ms)
	LoadAllAssembliesAndSetupDomain (355ms)
		LoadAssemblies (315ms)
		RebuildTransferFunctionScriptingTraits (0ms)
		AnalyzeDomain (140ms)
			TypeCache.Refresh (118ms)
				TypeCache.ScanAssembly (106ms)
			BuildScriptInfoCaches (17ms)
			ResolveRequiredComponents (3ms)
	FinalizeReload (659ms)
		ReleaseScriptCaches (0ms)
		RebuildScriptCaches (0ms)
		SetupLoadedEditorAssemblies (503ms)
			LogAssemblyErrors (0ms)
			InitializePlatformSupportModulesInManaged (2ms)
			SetLoadedEditorAssemblies (4ms)
			BeforeProcessingInitializeOnLoad (41ms)
			ProcessInitializeOnLoadAttributes (430ms)
			ProcessInitializeOnLoadMethodAttributes (18ms)
			AfterProcessingInitializeOnLoad (8ms)
			EditorAssembliesLoaded (0ms)
		ExecutionOrderSort2 (0ms)
		AwakeInstancesAfterBackupRestoration (8ms)
Launched and connected shader compiler UnityShaderCompiler.exe after 0.01 seconds
Refreshing native plugins compatible for Editor in 0.83 ms, found 3 plugins.
Preloading 0 native plugins for Editor in 0.00 ms.
Unloading 16 Unused Serialized files (Serialized files now loaded: 0)
Unloading 3143 unused Assets / (1.0 MB). Loaded Objects now: 3726.
Memory consumption went from 107.5 MB to 106.5 MB.
Total: 6.332500 ms (FindLiveObjects: 0.347000 ms CreateObjectMapping: 0.358900 ms MarkObjects: 4.633000 ms  DeleteObjects: 0.992700 ms)

========================================================================
Received Import Request.
  Time since last request: 734148.215075 seconds.
  path: Assets/Imported/PolygonMini_Fantasy/Models/Snow/SM_Bld_Knights_Castle_Flag_02_Snow.fbx
  artifactKey: Guid(b6c9c76252b3a224c802016991d264ed) Importer(2089858483,192608db42251d675da83286b1cce702)
Start importing Assets/Imported/PolygonMini_Fantasy/Models/Snow/SM_Bld_Knights_Castle_Flag_02_Snow.fbx using Guid(b6c9c76252b3a224c802016991d264ed) Importer(2089858483,192608db42251d675da83286b1cce702) (ScriptedImporter) -> (artifact id: 'c9b6db460054ef9d501d3caf2c569634') in 0.1045216 seconds
Number of updated asset objects reloaded before import = 0Number of asset objects unloaded after import = 7

========================================================================
Received Import Request.
  Time since last request: 0.000014 seconds.
  path: Assets/Imported/PolygonMini_Fantasy/Models/Snow/SM_Env_Generic_Treestump_01_Snow.fbx
  artifactKey: Guid(968c36662b5b841448b7429e21b582d4) Importer(2089858483,192608db42251d675da83286b1cce702)
Start importing Assets/Imported/PolygonMini_Fantasy/Models/Snow/SM_Env_Generic_Treestump_01_Snow.fbx using Guid(968c36662b5b841448b7429e21b582d4) Importer(2089858483,192608db42251d675da83286b1cce702) (ScriptedImporter) -> (artifact id: '2f0c7685f997cb32f96e61a232a6b4a2') in 0.0140581 seconds
Number of updated asset objects reloaded before import = 0Number of asset objects unloaded after import = 7

========================================================================
Received Import Request.
  Time since last request: 0.000014 seconds.
  path: Assets/Imported/PolygonMini_Fantasy/Models/Snow/SM_Bld_Knights_Castle_01_Snow.fbx
  artifactKey: Guid(4b35f3dcff0f7d549a32aede5ad8fef6) Importer(2089858483,192608db42251d675da83286b1cce702)
Start importing Assets/Imported/PolygonMini_Fantasy/Models/Snow/SM_Bld_Knights_Castle_01_Snow.fbx using Guid(4b35f3dcff0f7d549a32aede5ad8fef6) Importer(2089858483,192608db42251d675da83286b1cce702) (ScriptedImporter) -> (artifact id: 'd8a00a14f6c91b693b75c71162d22851') in 0.0188387 seconds
Number of updated asset objects reloaded before import = 0Number of asset objects unloaded after import = 7

========================================================================
Received Import Request.
  Time since last request: 0.000014 seconds.
  path: Assets/Imported/PolygonMini_Fantasy/Scenes/Demo_Hex_LevelSelect.unity
  artifactKey: Guid(8ebdf7c7396188342a6ad51d7e32f86a) Importer(2089858483,192608db42251d675da83286b1cce702)
Start importing Assets/Imported/PolygonMini_Fantasy/Scenes/Demo_Hex_LevelSelect.unity using Guid(8ebdf7c7396188342a6ad51d7e32f86a) Importer(2089858483,192608db42251d675da83286b1cce702) (ScriptedImporter) -> (artifact id: 'fd402aebb710a9a00e96d6a6ec138983') in 0.0342221 seconds
Number of updated asset objects reloaded before import = 0Number of asset objects unloaded after import = 1

========================================================================
Received Import Request.
  Time since last request: 0.000044 seconds.
  path: Assets/Imported/PolygonMini_Fantasy/Models/Snow/SM_Bld_Knights_House_01_Snow.fbx
  artifactKey: Guid(2085b7e723844904784c2903ee43b938) Importer(2089858483,192608db42251d675da83286b1cce702)
Start importing Assets/Imported/PolygonMini_Fantasy/Models/Snow/SM_Bld_Knights_House_01_Snow.fbx using Guid(2085b7e723844904784c2903ee43b938) Importer(2089858483,192608db42251d675da83286b1cce702) (ScriptedImporter) -> (artifact id: 'f8f17c2ea8d910875c9d4a6cc68e3dc2') in 0.0140588 seconds
Number of updated asset objects reloaded before import = 0Number of asset objects unloaded after import = 7

========================================================================
Received Import Request.
  Time since last request: 0.000013 seconds.
  path: Assets/Imported/PolygonMini_Fantasy/Models/Snow/SM_Env_Generic_Rock_04_Snow.fbx
  artifactKey: Guid(1f3df676a8a363f4cb7e2c11322b709d) Importer(2089858483,192608db42251d675da83286b1cce702)
Start importing Assets/Imported/PolygonMini_Fantasy/Models/Snow/SM_Env_Generic_Rock_04_Snow.fbx using Guid(1f3df676a8a363f4cb7e2c11322b709d) Importer(2089858483,192608db42251d675da83286b1cce702) (ScriptedImporter) -> (artifact id: 'c09f171b10cc1daf5d652ccc7c0d368b') in 0.0139985 seconds
Number of updated asset objects reloaded before import = 0Number of asset objects unloaded after import = 7

========================================================================
Received Import Request.
  Time since last request: 0.000014 seconds.
  path: Assets/Imported/PolygonMini_Fantasy/Models/Snow/SM_Env_Generic_Bush_01_Snow.fbx
  artifactKey: Guid(1b21ac91a44723d418314366099b51cf) Importer(2089858483,192608db42251d675da83286b1cce702)
Start importing Assets/Imported/PolygonMini_Fantasy/Models/Snow/SM_Env_Generic_Bush_01_Snow.fbx using Guid(1b21ac91a44723d418314366099b51cf) Importer(2089858483,192608db42251d675da83286b1cce702) (ScriptedImporter) -> (artifact id: 'bef3a5bf2c0e237d2f8efccb4c142d10') in 0.0150068 seconds
Number of updated asset objects reloaded before import = 0Number of asset objects unloaded after import = 7

========================================================================
Received Import Request.
  Time since last request: 0.000016 seconds.
  path: Assets/Imported/PolygonMini_Fantasy/Shaders/LocalFog_Add.shader
  artifactKey: Guid(ea6bb6f56491c3542b706792ee8c4295) Importer(2089858483,192608db42251d675da83286b1cce702)
Start importing Assets/Imported/PolygonMini_Fantasy/Shaders/LocalFog_Add.shader using Guid(ea6bb6f56491c3542b706792ee8c4295) Importer(2089858483,192608db42251d675da83286b1cce702) (ScriptedImporter) -> (artifact id: '019f14ff15d91acf5ff2bdf457b03e3c') in 0.0160688 seconds
Number of updated asset objects reloaded before import = 0Number of asset objects unloaded after import = 1

========================================================================
Received Import Request.
  Time since last request: 0.000050 seconds.
  path: Assets/Imported/PolygonMini_Fantasy/Models/SM_Tile_Hex_Hill_08.fbx
  artifactKey: Guid(5b0428dc76d9ff14e859be50c02a6d3f) Importer(2089858483,192608db42251d675da83286b1cce702)
Start importing Assets/Imported/PolygonMini_Fantasy/Models/SM_Tile_Hex_Hill_08.fbx using Guid(5b0428dc76d9ff14e859be50c02a6d3f) Importer(2089858483,192608db42251d675da83286b1cce702) (ScriptedImporter) -> (artifact id: '2e556a8b254efa4f60d96be0ee9dc8bf') in 0.0131451 seconds
Number of updated asset objects reloaded before import = 0Number of asset objects unloaded after import = 7

========================================================================
Received Import Request.
  Time since last request: 0.000013 seconds.
  path: Assets/Imported/PolygonMini_Fantasy/Models/SM_Tile_Hex_Mountain_01.fbx
  artifactKey: Guid(7ea276fbadbae3946b82a5b7467f2121) Importer(2089858483,192608db42251d675da83286b1cce702)
Start importing Assets/Imported/PolygonMini_Fantasy/Models/SM_Tile_Hex_Mountain_01.fbx using Guid(7ea276fbadbae3946b82a5b7467f2121) Importer(2089858483,192608db42251d675da83286b1cce702) (ScriptedImporter) -> (artifact id: '3de612990f47539a96baad1d08b14e2f') in 0.0150007 seconds
Number of updated asset objects reloaded before import = 0Number of asset objects unloaded after import = 7

========================================================================
Received Import Request.
  Time since last request: 0.000013 seconds.
  path: Assets/Imported/PolygonMini_Fantasy/Models/SM_Tile_Cube_River_01.fbx
  artifactKey: Guid(ccb3b588c645f4b4b96fffdcffbe6341) Importer(2089858483,192608db42251d675da83286b1cce702)
Start importing Assets/Imported/PolygonMini_Fantasy/Models/SM_Tile_Cube_River_01.fbx using Guid(ccb3b588c645f4b4b96fffdcffbe6341) Importer(2089858483,192608db42251d675da83286b1cce702) (ScriptedImporter) -> (artifact id: '9d10856ec4c70ea4c4a654ec99957b4d') in 0.0126164 seconds
Number of updated asset objects reloaded before import = 0Number of asset objects unloaded after import = 7

========================================================================
Received Import Request.
  Time since last request: 0.000014 seconds.
  path: Assets/Imported/PolygonMini_Fantasy/Models/SM_Prop_Viking_Sheild_04.fbx
  artifactKey: Guid(2215b5c866d92e347bf148463bf073bc) Importer(2089858483,192608db42251d675da83286b1cce702)
Start importing Assets/Imported/PolygonMini_Fantasy/Models/SM_Prop_Viking_Sheild_04.fbx using Guid(2215b5c866d92e347bf148463bf073bc) Importer(2089858483,192608db42251d675da83286b1cce702) (ScriptedImporter) -> (artifact id: 'c2f8630b3ba971a3e13a654958125b9b') in 0.0150933 seconds
Number of updated asset objects reloaded before import = 0Number of asset objects unloaded after import = 7

========================================================================
Received Import Request.
  Time since last request: 0.000016 seconds.
  path: Assets/Imported/PolygonMini_Fantasy/Models/SM_Tile_Hex_River_06.fbx
  artifactKey: Guid(3c4816f80eecd2048ab866604b9fba66) Importer(2089858483,192608db42251d675da83286b1cce702)
Start importing Assets/Imported/PolygonMini_Fantasy/Models/SM_Tile_Hex_River_06.fbx using Guid(3c4816f80eecd2048ab866604b9fba66) Importer(2089858483,192608db42251d675da83286b1cce702) (ScriptedImporter) -> (artifact id: '9b88e3c2f5aa16c6a3dcebc3f2692800') in 0.013952 seconds
Number of updated asset objects reloaded before import = 0Number of asset objects unloaded after import = 7

========================================================================
Received Import Request.
  Time since last request: 0.000013 seconds.
  path: Assets/Imported/PolygonMini_Fantasy/Models/SM_Tile_Cube_Hill_07.fbx
  artifactKey: Guid(d4d0b3e62335559408262baa2891a400) Importer(2089858483,192608db42251d675da83286b1cce702)
Start importing Assets/Imported/PolygonMini_Fantasy/Models/SM_Tile_Cube_Hill_07.fbx using Guid(d4d0b3e62335559408262baa2891a400) Importer(2089858483,192608db42251d675da83286b1cce702) (ScriptedImporter) -> (artifact id: '9312a76f41407cb5d5775fd7eecfac3a') in 0.0151757 seconds
Number of updated asset objects reloaded before import = 0Number of asset objects unloaded after import = 7

========================================================================
Received Import Request.
  Time since last request: 0.000016 seconds.
  path: Assets/Imported/PolygonMini_Fantasy/Scenes/Demo_Hex_Example.unity
  artifactKey: Guid(fd12050b8b20c7149865bcc337040f22) Importer(2089858483,192608db42251d675da83286b1cce702)
Start importing Assets/Imported/PolygonMini_Fantasy/Scenes/Demo_Hex_Example.unity using Guid(fd12050b8b20c7149865bcc337040f22) Importer(2089858483,192608db42251d675da83286b1cce702) (ScriptedImporter) -> (artifact id: 'ff32585771c4b3ca749b97b8a7473bee') in 0.0124596 seconds
Number of updated asset objects reloaded before import = 0Number of asset objects unloaded after import = 1

========================================================================
Received Import Request.
  Time since last request: 0.000026 seconds.
  path: Assets/Imported/PolygonMini_Fantasy/Models/SM_UI_Coin_01.fbx
  artifactKey: Guid(ac7c0f08ec547f448a452113524d465b) Importer(2089858483,192608db42251d675da83286b1cce702)
Start importing Assets/Imported/PolygonMini_Fantasy/Models/SM_UI_Coin_01.fbx using Guid(ac7c0f08ec547f448a452113524d465b) Importer(2089858483,192608db42251d675da83286b1cce702) (ScriptedImporter) -> (artifact id: '55e2599fe18a226af2e73202229496f7') in 0.013814 seconds
Number of updated asset objects reloaded before import = 0Number of asset objects unloaded after import = 7

========================================================================
Received Import Request.
  Time since last request: 0.000015 seconds.
  path: Assets/Imported/PolygonMini_Fantasy/Textures/PolygonMinis_Texture_Lava_Emission.png
  artifactKey: Guid(4e8d221bbf3ba194c97a5cb8fbaa51be) Importer(2089858483,192608db42251d675da83286b1cce702)
Start importing Assets/Imported/PolygonMini_Fantasy/Textures/PolygonMinis_Texture_Lava_Emission.png using Guid(4e8d221bbf3ba194c97a5cb8fbaa51be) Importer(2089858483,192608db42251d675da83286b1cce702) (ScriptedImporter) -> (artifact id: '1686df38a6b02a8b3ecebf230492d7c4') in 0.035818 seconds
Number of updated asset objects reloaded before import = 0Number of asset objects unloaded after import = 1

========================================================================
Received Import Request.
  Time since last request: 0.043629 seconds.
  path: Assets/Imported/PolygonMini_Fantasy/Models/Snow/SM_Env_Generic_Tree_03_Snow.fbx
  artifactKey: Guid(b7bb5e45d7a1bb94895c4bfebc51ddac) Importer(2089858483,192608db42251d675da83286b1cce702)
Start importing Assets/Imported/PolygonMini_Fantasy/Models/Snow/SM_Env_Generic_Tree_03_Snow.fbx using Guid(b7bb5e45d7a1bb94895c4bfebc51ddac) Importer(2089858483,192608db42251d675da83286b1cce702) (ScriptedImporter) -> (artifact id: '6f175031e1801a459d89c2d1032748bb') in 0.0137143 seconds
Number of updated asset objects reloaded before import = 0Number of asset objects unloaded after import = 7

========================================================================
Received Import Request.
  Time since last request: 0.000013 seconds.
  path: Assets/Imported/PolygonMini_Fantasy/Prefabs/Buildings/SM_Bld_Samurai_House_01.prefab
  artifactKey: Guid(0b4c812145b32534fa0e1971a923e6a4) Importer(2089858483,192608db42251d675da83286b1cce702)
Start importing Assets/Imported/PolygonMini_Fantasy/Prefabs/Buildings/SM_Bld_Samurai_House_01.prefab using Guid(0b4c812145b32534fa0e1971a923e6a4) Importer(2089858483,192608db42251d675da83286b1cce702) (ScriptedImporter) -> (artifact id: '376381edeb2cb2b0bbe8f88e2a8a1d6e') in 0.0122338 seconds
Number of updated asset objects reloaded before import = 0Number of asset objects unloaded after import = 7

========================================================================
Received Import Request.
  Time since last request: 0.000024 seconds.
  path: Assets/Imported/PolygonMini_Fantasy/Prefabs/Buildings/SM_Bld_Pirate_Fort_02.prefab
  artifactKey: Guid(a8622d2f12d4aab4fba9eb49b876dacb) Importer(2089858483,192608db42251d675da83286b1cce702)
Start importing Assets/Imported/PolygonMini_Fantasy/Prefabs/Buildings/SM_Bld_Pirate_Fort_02.prefab using Guid(a8622d2f12d4aab4fba9eb49b876dacb) Importer(2089858483,192608db42251d675da83286b1cce702) (ScriptedImporter) -> (artifact id: '522ff5633c4c5b821e516b91f46bacfd') in 0.0120438 seconds
Number of updated asset objects reloaded before import = 0Number of asset objects unloaded after import = 7

========================================================================
Received Import Request.
  Time since last request: 0.000017 seconds.
  path: Assets/Imported/PolygonMini_Fantasy/Models/Snow/SM_Prop_Viking_Boat_01_Snow.fbx
  artifactKey: Guid(2c1b3d4ccd6181044a96fcc1ceba42ef) Importer(2089858483,192608db42251d675da83286b1cce702)
Start importing Assets/Imported/PolygonMini_Fantasy/Models/Snow/SM_Prop_Viking_Boat_01_Snow.fbx using Guid(2c1b3d4ccd6181044a96fcc1ceba42ef) Importer(2089858483,192608db42251d675da83286b1cce702) (ScriptedImporter) -> (artifact id: 'da6666674f7d3d470abe86a47996aab7') in 0.0130082 seconds
Number of updated asset objects reloaded before import = 0Number of asset objects unloaded after import = 7

========================================================================
Received Import Request.
  Time since last request: 0.000015 seconds.
  path: Assets/Imported/PolygonMini_Fantasy/Models/Snow/SM_Prop_TreasureChest_Closed_02_Snow.fbx
  artifactKey: Guid(714ede4064c6ca54e84d60878953aa8d) Importer(2089858483,192608db42251d675da83286b1cce702)
Start importing Assets/Imported/PolygonMini_Fantasy/Models/Snow/SM_Prop_TreasureChest_Closed_02_Snow.fbx using Guid(714ede4064c6ca54e84d60878953aa8d) Importer(2089858483,192608db42251d675da83286b1cce702) (ScriptedImporter) -> (artifact id: 'b20674cb1ccb704a3da1b2f80addbfe0') in 0.0132562 seconds
Number of updated asset objects reloaded before import = 0Number of asset objects unloaded after import = 7

========================================================================
Received Import Request.
  Time since last request: 0.000015 seconds.
  path: Assets/Imported/PolygonMini_Fantasy/Models/Snow/SM_Prop_Samurai_Gong_01_Snow.fbx
  artifactKey: Guid(23a29299ff5e78947ad6ced90c1ca973) Importer(2089858483,192608db42251d675da83286b1cce702)
Start importing Assets/Imported/PolygonMini_Fantasy/Models/Snow/SM_Prop_Samurai_Gong_01_Snow.fbx using Guid(23a29299ff5e78947ad6ced90c1ca973) Importer(2089858483,192608db42251d675da83286b1cce702) (ScriptedImporter) -> (artifact id: 'db583ff589da4a54bc7cbe6d5f35e76a') in 0.0135757 seconds
Number of updated asset objects reloaded before import = 0Number of asset objects unloaded after import = 7

========================================================================
Received Import Request.
  Time since last request: 0.000015 seconds.
  path: Assets/Imported/PolygonMini_Fantasy/Models/Snow/SM_Env_Viking_Iceberg_01_Snow.fbx
  artifactKey: Guid(374288f328e5ce2428425f8422d8fa93) Importer(2089858483,192608db42251d675da83286b1cce702)
Start importing Assets/Imported/PolygonMini_Fantasy/Models/Snow/SM_Env_Viking_Iceberg_01_Snow.fbx using Guid(374288f328e5ce2428425f8422d8fa93) Importer(2089858483,192608db42251d675da83286b1cce702) (ScriptedImporter) -> (artifact id: '59d0b5c4e3c3b817d0e3e650ad17bd21') in 0.0135937 seconds
Number of updated asset objects reloaded before import = 0Number of asset objects unloaded after import = 7

========================================================================
Received Import Request.
  Time since last request: 0.000013 seconds.
  path: Assets/Imported/PolygonMini_Fantasy/Prefabs/Environments/SM_Env_Generic_Bush_03.prefab
  artifactKey: Guid(bc2c73acc0998b14993375cfae2e1205) Importer(2089858483,192608db42251d675da83286b1cce702)
Start importing Assets/Imported/PolygonMini_Fantasy/Prefabs/Environments/SM_Env_Generic_Bush_03.prefab using Guid(bc2c73acc0998b14993375cfae2e1205) Importer(2089858483,192608db42251d675da83286b1cce702) (ScriptedImporter) -> (artifact id: '68b36e5eb2d8ddb81cd1a2901fbf425e') in 0.0107624 seconds
Number of updated asset objects reloaded before import = 0Number of asset objects unloaded after import = 7

========================================================================
Received Import Request.
  Time since last request: 0.000015 seconds.
  path: Assets/Imported/PolygonMini_Fantasy/Models/Snow/SM_Env_Western_Rock_02_Snow.fbx
  artifactKey: Guid(1f93aae6850349a49a89363d5a161182) Importer(2089858483,192608db42251d675da83286b1cce702)
Start importing Assets/Imported/PolygonMini_Fantasy/Models/Snow/SM_Env_Western_Rock_02_Snow.fbx using Guid(1f93aae6850349a49a89363d5a161182) Importer(2089858483,192608db42251d675da83286b1cce702) (ScriptedImporter) -> (artifact id: '9606bcebdf706c200ec5de8633258268') in 0.0139488 seconds
Number of updated asset objects reloaded before import = 0Number of asset objects unloaded after import = 7

========================================================================
Received Import Request.
  Time since last request: 0.000015 seconds.
  path: Assets/Imported/PolygonMini_Fantasy/Prefabs/Buildings/SM_Bld_Adventure_Tower_01.prefab
  artifactKey: Guid(0936ba84f1c00fd47b2c2860a393691d) Importer(2089858483,192608db42251d675da83286b1cce702)
Start importing Assets/Imported/PolygonMini_Fantasy/Prefabs/Buildings/SM_Bld_Adventure_Tower_01.prefab using Guid(0936ba84f1c00fd47b2c2860a393691d) Importer(2089858483,192608db42251d675da83286b1cce702) (ScriptedImporter) -> (artifact id: '83c6a4c260121118425aef82966bdeac') in 0.014562 seconds
Number of updated asset objects reloaded before import = 0Number of asset objects unloaded after import = 7

========================================================================
Received Import Request.
  Time since last request: 0.000014 seconds.
  path: Assets/Imported/PolygonMini_Fantasy/Models/Snow/SM_Prop_Western_Town_Arch_01_Snow.fbx
  artifactKey: Guid(c243db43835bbc74184e3ec75b15eac9) Importer(2089858483,192608db42251d675da83286b1cce702)
Start importing Assets/Imported/PolygonMini_Fantasy/Models/Snow/SM_Prop_Western_Town_Arch_01_Snow.fbx using Guid(c243db43835bbc74184e3ec75b15eac9) Importer(2089858483,192608db42251d675da83286b1cce702) (ScriptedImporter) -> (artifact id: 'd028336540eb59f7aea705488bf847db') in 0.0125637 seconds
Number of updated asset objects reloaded before import = 0Number of asset objects unloaded after import = 7

========================================================================
Received Import Request.
  Time since last request: 0.000013 seconds.
  path: Assets/Imported/PolygonMini_Fantasy/Models/Snow/SM_Prop_Generic_CampFire_01_Snow.fbx
  artifactKey: Guid(0535ada914ad3ac4388dc09f699209fa) Importer(2089858483,192608db42251d675da83286b1cce702)
Start importing Assets/Imported/PolygonMini_Fantasy/Models/Snow/SM_Prop_Generic_CampFire_01_Snow.fbx using Guid(0535ada914ad3ac4388dc09f699209fa) Importer(2089858483,192608db42251d675da83286b1cce702) (ScriptedImporter) -> (artifact id: 'b1811e8a07ed2425879b9ca2d7ed8a89') in 0.0178844 seconds
Number of updated asset objects reloaded before import = 0Number of asset objects unloaded after import = 7

========================================================================
Received Import Request.
  Time since last request: 0.000014 seconds.
  path: Assets/Imported/PolygonMini_Fantasy/Models/Snow/SM_Env_Generic_Tree_05_Snow.fbx
  artifactKey: Guid(7ca9521982e719a478c8ac4475ff02b5) Importer(2089858483,192608db42251d675da83286b1cce702)
Start importing Assets/Imported/PolygonMini_Fantasy/Models/Snow/SM_Env_Generic_Tree_05_Snow.fbx using Guid(7ca9521982e719a478c8ac4475ff02b5) Importer(2089858483,192608db42251d675da83286b1cce702) (ScriptedImporter) -> (artifact id: '9c9e680d521cb50bc0c281c4e92a9783') in 0.0145092 seconds
Number of updated asset objects reloaded before import = 0Number of asset objects unloaded after import = 7

========================================================================
Received Import Request.
  Time since last request: 0.000015 seconds.
  path: Assets/Imported/PolygonMini_Fantasy/Prefabs/Buildings/SM_Bld_Pirates_Fountain_01.prefab
  artifactKey: Guid(e081053b0dcd25c40a418acf787e702e) Importer(2089858483,192608db42251d675da83286b1cce702)
Start importing Assets/Imported/PolygonMini_Fantasy/Prefabs/Buildings/SM_Bld_Pirates_Fountain_01.prefab using Guid(e081053b0dcd25c40a418acf787e702e) Importer(2089858483,192608db42251d675da83286b1cce702) (ScriptedImporter) -> (artifact id: '6b2a306b8b8769f6baa3c691fcca38b4') in 0.0115892 seconds
Number of updated asset objects reloaded before import = 0Number of asset objects unloaded after import = 7

========================================================================
Received Import Request.
  Time since last request: 0.000014 seconds.
  path: Assets/Imported/PolygonMini_Fantasy/Prefabs/Environments/SM_Env_Generic_Bush_01.prefab
  artifactKey: Guid(d3b936423ee49f44c8c960c445e06b6d) Importer(2089858483,192608db42251d675da83286b1cce702)
Start importing Assets/Imported/PolygonMini_Fantasy/Prefabs/Environments/SM_Env_Generic_Bush_01.prefab using Guid(d3b936423ee49f44c8c960c445e06b6d) Importer(2089858483,192608db42251d675da83286b1cce702) (ScriptedImporter) -> (artifact id: '08d98a066800a1ba4975da784e675a01') in 0.0107752 seconds
Number of updated asset objects reloaded before import = 0Number of asset objects unloaded after import = 7

========================================================================
Received Import Request.
  Time since last request: 0.000014 seconds.
  path: Assets/Imported/PolygonMini_Fantasy/Prefabs/Environments/SM_Env_Dungeon_Rocks_02.prefab
  artifactKey: Guid(d711abe5b31cb4740adb0edc1a0b1561) Importer(2089858483,192608db42251d675da83286b1cce702)
Start importing Assets/Imported/PolygonMini_Fantasy/Prefabs/Environments/SM_Env_Dungeon_Rocks_02.prefab using Guid(d711abe5b31cb4740adb0edc1a0b1561) Importer(2089858483,192608db42251d675da83286b1cce702) (ScriptedImporter) -> (artifact id: '6c84cdc11314e094fe4158a1924ba315') in 0.0119308 seconds
Number of updated asset objects reloaded before import = 0Number of asset objects unloaded after import = 7

========================================================================
Received Import Request.
  Time since last request: 0.000013 seconds.
  path: Assets/Imported/PolygonMini_Fantasy/Prefabs/Backgrounds/SM_Background_Mountains_03.prefab
  artifactKey: Guid(bf6a1711d4432c54eb67dcfd346d3fd5) Importer(2089858483,192608db42251d675da83286b1cce702)
Start importing Assets/Imported/PolygonMini_Fantasy/Prefabs/Backgrounds/SM_Background_Mountains_03.prefab using Guid(bf6a1711d4432c54eb67dcfd346d3fd5) Importer(2089858483,192608db42251d675da83286b1cce702) (ScriptedImporter) -> (artifact id: 'f2facab207fa37334567b75748d21a98') in 0.0107979 seconds
Number of updated asset objects reloaded before import = 0Number of asset objects unloaded after import = 7

========================================================================
Received Import Request.
  Time since last request: 0.000014 seconds.
  path: Assets/Imported/PolygonMini_Fantasy/Prefabs/Buildings/SM_Bld_Pirate_Fort_04.prefab
  artifactKey: Guid(28f0414748ab538479bc1f4539dc6ecf) Importer(2089858483,192608db42251d675da83286b1cce702)
Start importing Assets/Imported/PolygonMini_Fantasy/Prefabs/Buildings/SM_Bld_Pirate_Fort_04.prefab using Guid(28f0414748ab538479bc1f4539dc6ecf) Importer(2089858483,192608db42251d675da83286b1cce702) (ScriptedImporter) -> (artifact id: 'c05245ea847899bba824e58142b66f83') in 0.0112861 seconds
Number of updated asset objects reloaded before import = 0Number of asset objects unloaded after import = 7

========================================================================
Received Import Request.
  Time since last request: 0.000016 seconds.
  path: Assets/Imported/PolygonMini_Fantasy/Prefabs/Environments/SM_Env_Dungeon_Skull_01.prefab
  artifactKey: Guid(8a62b53f77cc5764eaac614c9ff1f808) Importer(2089858483,192608db42251d675da83286b1cce702)
Start importing Assets/Imported/PolygonMini_Fantasy/Prefabs/Environments/SM_Env_Dungeon_Skull_01.prefab using Guid(8a62b53f77cc5764eaac614c9ff1f808) Importer(2089858483,192608db42251d675da83286b1cce702) (ScriptedImporter) -> (artifact id: 'd16b1bd623a462bac9ae5176012ebf03') in 0.0116291 seconds
Number of updated asset objects reloaded before import = 0Number of asset objects unloaded after import = 7

========================================================================
Received Import Request.
  Time since last request: 0.000023 seconds.
  path: Assets/Imported/PolygonMini_Fantasy/Prefabs/Environments/SM_Env_Generic_Cliffs_04.prefab
  artifactKey: Guid(96b0799fb1590834392ab0c4b772146a) Importer(2089858483,192608db42251d675da83286b1cce702)
Start importing Assets/Imported/PolygonMini_Fantasy/Prefabs/Environments/SM_Env_Generic_Cliffs_04.prefab using Guid(96b0799fb1590834392ab0c4b772146a) Importer(2089858483,192608db42251d675da83286b1cce702) (ScriptedImporter) -> (artifact id: 'b3c1c483c889ab18ef46a1d6b19cd936') in 0.0145824 seconds
Number of updated asset objects reloaded before import = 0Number of asset objects unloaded after import = 7

========================================================================
Received Import Request.
  Time since last request: 0.000015 seconds.
  path: Assets/Imported/PolygonMini_Fantasy/Prefabs/Buildings/SM_Bld_Samurai_Temple_02.prefab
  artifactKey: Guid(185b4da334de02f4993f410af833140b) Importer(2089858483,192608db42251d675da83286b1cce702)
Start importing Assets/Imported/PolygonMini_Fantasy/Prefabs/Buildings/SM_Bld_Samurai_Temple_02.prefab using Guid(185b4da334de02f4993f410af833140b) Importer(2089858483,192608db42251d675da83286b1cce702) (ScriptedImporter) -> (artifact id: '86c3d28fddd907fec1d00ec47f6dc451') in 0.0105742 seconds
Number of updated asset objects reloaded before import = 0Number of asset objects unloaded after import = 7

========================================================================
Received Import Request.
  Time since last request: 0.000013 seconds.
  path: Assets/Imported/PolygonMini_Fantasy/Prefabs/Buildings/SM_Bld_Knights_Castle_Flag_01.prefab
  artifactKey: Guid(566ee34388738d540acc820778503fef) Importer(2089858483,192608db42251d675da83286b1cce702)
Start importing Assets/Imported/PolygonMini_Fantasy/Prefabs/Buildings/SM_Bld_Knights_Castle_Flag_01.prefab using Guid(566ee34388738d540acc820778503fef) Importer(2089858483,192608db42251d675da83286b1cce702) (ScriptedImporter) -> (artifact id: '86c6b75cfed86c307cf198e2f47c4377') in 0.0116105 seconds
Number of updated asset objects reloaded before import = 0Number of asset objects unloaded after import = 7

========================================================================
Received Import Request.
  Time since last request: 0.000015 seconds.
  path: Assets/Imported/PolygonMini_Fantasy/Prefabs/Backgrounds/SM_Background_Ice_03.prefab
  artifactKey: Guid(50667b79fb99861458412861d026f9e1) Importer(2089858483,192608db42251d675da83286b1cce702)
Start importing Assets/Imported/PolygonMini_Fantasy/Prefabs/Backgrounds/SM_Background_Ice_03.prefab using Guid(50667b79fb99861458412861d026f9e1) Importer(2089858483,192608db42251d675da83286b1cce702) (ScriptedImporter) -> (artifact id: '7e5eb847800281f3bfb5b4c5c2c2f008') in 0.0125127 seconds
Number of updated asset objects reloaded before import = 0Number of asset objects unloaded after import = 7

========================================================================
Received Import Request.
  Time since last request: 0.000014 seconds.
  path: Assets/Imported/PolygonMini_Fantasy/Models/Snow/SM_Prop_Samurai_Shrine_02_Snow.fbx
  artifactKey: Guid(b4f900dc0cde59b4086cca59343debbe) Importer(2089858483,192608db42251d675da83286b1cce702)
Start importing Assets/Imported/PolygonMini_Fantasy/Models/Snow/SM_Prop_Samurai_Shrine_02_Snow.fbx using Guid(b4f900dc0cde59b4086cca59343debbe) Importer(2089858483,192608db42251d675da83286b1cce702) (ScriptedImporter) -> (artifact id: '65e842a8a8f17e6cd6c04b29c0e29a5a') in 0.0158784 seconds
Number of updated asset objects reloaded before import = 0Number of asset objects unloaded after import = 7

========================================================================
Received Import Request.
  Time since last request: 0.205217 seconds.
  path: Assets/Imported/PolygonMini_Fantasy/Prefabs/Environments/SM_Env_Generic_Dead_Tree_01.prefab
  artifactKey: Guid(17cadfd66dccb874ca1bad5f08c32405) Importer(2089858483,192608db42251d675da83286b1cce702)
Start importing Assets/Imported/PolygonMini_Fantasy/Prefabs/Environments/SM_Env_Generic_Dead_Tree_01.prefab using Guid(17cadfd66dccb874ca1bad5f08c32405) Importer(2089858483,192608db42251d675da83286b1cce702) (ScriptedImporter) -> (artifact id: 'f6161a6011d98c581726ffbaa3913c14') in 0.0119216 seconds
Number of updated asset objects reloaded before import = 0Number of asset objects unloaded after import = 7

========================================================================
Received Import Request.
  Time since last request: 0.000014 seconds.
  path: Assets/Imported/PolygonMini_Fantasy/Prefabs/Props/SM_Prop_Viking_Sheild_03.prefab
  artifactKey: Guid(4ea45303087e112489c4be5ed131f853) Importer(2089858483,192608db42251d675da83286b1cce702)
Start importing Assets/Imported/PolygonMini_Fantasy/Prefabs/Props/SM_Prop_Viking_Sheild_03.prefab using Guid(4ea45303087e112489c4be5ed131f853) Importer(2089858483,192608db42251d675da83286b1cce702) (ScriptedImporter) -> (artifact id: '93823f96777e71282b386890efd35404') in 0.0123439 seconds
Number of updated asset objects reloaded before import = 0Number of asset objects unloaded after import = 7

========================================================================
Received Import Request.
  Time since last request: 0.000014 seconds.
  path: Assets/Imported/PolygonMini_Fantasy/Prefabs/Environments/SM_Env_Samurai_Tree_01.prefab
  artifactKey: Guid(b035dd0b83cb1e346825054a1345d8dc) Importer(2089858483,192608db42251d675da83286b1cce702)
Start importing Assets/Imported/PolygonMini_Fantasy/Prefabs/Environments/SM_Env_Samurai_Tree_01.prefab using Guid(b035dd0b83cb1e346825054a1345d8dc) Importer(2089858483,192608db42251d675da83286b1cce702) (ScriptedImporter) -> (artifact id: '014cb28deb9257f6839fda0e387808ca') in 0.0107586 seconds
Number of updated asset objects reloaded before import = 0Number of asset objects unloaded after import = 7

========================================================================
Received Import Request.
  Time since last request: 0.000016 seconds.
  path: Assets/Imported/PolygonMini_Fantasy/Prefabs/Snow/SM_Bld_Pirate_Shack_01_Snow.prefab
  artifactKey: Guid(3be1f64ae35a8e24891c49a57ebcfd29) Importer(2089858483,192608db42251d675da83286b1cce702)
Start importing Assets/Imported/PolygonMini_Fantasy/Prefabs/Snow/SM_Bld_Pirate_Shack_01_Snow.prefab using Guid(3be1f64ae35a8e24891c49a57ebcfd29) Importer(2089858483,192608db42251d675da83286b1cce702) (ScriptedImporter) -> (artifact id: 'e7348ee8e75154638172f01bea6e18b2') in 0.0126944 seconds
Number of updated asset objects reloaded before import = 0Number of asset objects unloaded after import = 7

========================================================================
Received Import Request.
  Time since last request: 0.000016 seconds.
  path: Assets/Imported/PolygonMini_Fantasy/Prefabs/Snow/SM_Bld_Viking_Dock_02_Snow.prefab
  artifactKey: Guid(304193c9c299c9549a736eeed9e01e35) Importer(2089858483,192608db42251d675da83286b1cce702)
Start importing Assets/Imported/PolygonMini_Fantasy/Prefabs/Snow/SM_Bld_Viking_Dock_02_Snow.prefab using Guid(304193c9c299c9549a736eeed9e01e35) Importer(2089858483,192608db42251d675da83286b1cce702) (ScriptedImporter) -> (artifact id: '451c92b816d25bb9e1e5965d1abba5e6') in 0.0114463 seconds
Number of updated asset objects reloaded before import = 0Number of asset objects unloaded after import = 7

========================================================================
Received Import Request.
  Time since last request: 0.000015 seconds.
  path: Assets/Imported/PolygonMini_Fantasy/Prefabs/Props/SM_Prop_Stairs_Stone_01.prefab
  artifactKey: Guid(2f84ba709bce90549b8fd9a6d32ab593) Importer(2089858483,192608db42251d675da83286b1cce702)
Start importing Assets/Imported/PolygonMini_Fantasy/Prefabs/Props/SM_Prop_Stairs_Stone_01.prefab using Guid(2f84ba709bce90549b8fd9a6d32ab593) Importer(2089858483,192608db42251d675da83286b1cce702) (ScriptedImporter) -> (artifact id: 'b523975d1f83cbf35ca0457095be278e') in 0.0115962 seconds
Number of updated asset objects reloaded before import = 0Number of asset objects unloaded after import = 7

========================================================================
Received Import Request.
  Time since last request: 0.000017 seconds.
  path: Assets/Imported/PolygonMini_Fantasy/Prefabs/Props/SM_Prop_Generic_Bridge_02.prefab
  artifactKey: Guid(44a7a37c88a45ae4f929530064e3a024) Importer(2089858483,192608db42251d675da83286b1cce702)
Start importing Assets/Imported/PolygonMini_Fantasy/Prefabs/Props/SM_Prop_Generic_Bridge_02.prefab using Guid(44a7a37c88a45ae4f929530064e3a024) Importer(2089858483,192608db42251d675da83286b1cce702) (ScriptedImporter) -> (artifact id: '15da15140f80940e6a313b8c09b821d9') in 0.0108104 seconds
Number of updated asset objects reloaded before import = 0Number of asset objects unloaded after import = 7

========================================================================
Received Import Request.
  Time since last request: 0.000015 seconds.
  path: Assets/Imported/PolygonMini_Fantasy/Prefabs/Snow/SM_Env_Generic_Tree_09_Snow.prefab
  artifactKey: Guid(ef8ad51f2c1de5d4691bcb2cbefc109f) Importer(2089858483,192608db42251d675da83286b1cce702)
Start importing Assets/Imported/PolygonMini_Fantasy/Prefabs/Snow/SM_Env_Generic_Tree_09_Snow.prefab using Guid(ef8ad51f2c1de5d4691bcb2cbefc109f) Importer(2089858483,192608db42251d675da83286b1cce702) (ScriptedImporter) -> (artifact id: 'd4ee59d7d8bd5d8ade88967ea7faaa45') in 0.0121705 seconds
Number of updated asset objects reloaded before import = 0Number of asset objects unloaded after import = 7

========================================================================
Received Import Request.
  Time since last request: 0.000016 seconds.
  path: Assets/Imported/PolygonMini_Fantasy/Prefabs/Props/SM_Prop_Stairs_Wood_02.prefab
  artifactKey: Guid(152c4de5d95bfe346a9650db77ae9fb5) Importer(2089858483,192608db42251d675da83286b1cce702)
Start importing Assets/Imported/PolygonMini_Fantasy/Prefabs/Props/SM_Prop_Stairs_Wood_02.prefab using Guid(152c4de5d95bfe346a9650db77ae9fb5) Importer(2089858483,192608db42251d675da83286b1cce702) (ScriptedImporter) -> (artifact id: '2259201b10aa04e6bd5fd4150e7ad8e5') in 0.0112475 seconds
Number of updated asset objects reloaded before import = 0Number of asset objects unloaded after import = 7

========================================================================
Received Import Request.
  Time since last request: 0.000018 seconds.
  path: Assets/Imported/PolygonMini_Fantasy/Prefabs/Environments/SM_Env_Pirate_SkullRock_01.prefab
  artifactKey: Guid(8c5a7fe7a2341f24188a252fd3da54f8) Importer(2089858483,192608db42251d675da83286b1cce702)
Start importing Assets/Imported/PolygonMini_Fantasy/Prefabs/Environments/SM_Env_Pirate_SkullRock_01.prefab using Guid(8c5a7fe7a2341f24188a252fd3da54f8) Importer(2089858483,192608db42251d675da83286b1cce702) (ScriptedImporter) -> (artifact id: '8de72112e09c5172e5fcc28d97080e77') in 0.0129452 seconds
Number of updated asset objects reloaded before import = 0Number of asset objects unloaded after import = 7

========================================================================
Received Import Request.
  Time since last request: 0.000016 seconds.
  path: Assets/Imported/PolygonMini_Fantasy/Prefabs/Snow/SM_Env_Generic_Tree_07_Snow.prefab
  artifactKey: Guid(223a93b6870ddd24ca769bac87ecc671) Importer(2089858483,192608db42251d675da83286b1cce702)
Start importing Assets/Imported/PolygonMini_Fantasy/Prefabs/Snow/SM_Env_Generic_Tree_07_Snow.prefab using Guid(223a93b6870ddd24ca769bac87ecc671) Importer(2089858483,192608db42251d675da83286b1cce702) (ScriptedImporter) -> (artifact id: '4138fb0aa40646555dbc7544528cf68c') in 0.0120258 seconds
Number of updated asset objects reloaded before import = 0Number of asset objects unloaded after import = 7

========================================================================
Received Import Request.
  Time since last request: 0.000012 seconds.
  path: Assets/Imported/PolygonMini_Fantasy/Prefabs/Environments/SM_Env_Generic_River_Stone_01.prefab
  artifactKey: Guid(491e0eccb7eb82f499f7dc7f6b1dfecf) Importer(2089858483,192608db42251d675da83286b1cce702)
Start importing Assets/Imported/PolygonMini_Fantasy/Prefabs/Environments/SM_Env_Generic_River_Stone_01.prefab using Guid(491e0eccb7eb82f499f7dc7f6b1dfecf) Importer(2089858483,192608db42251d675da83286b1cce702) (ScriptedImporter) -> (artifact id: '9eed08712ae29e9f89417b74e750af54') in 0.0104171 seconds
Number of updated asset objects reloaded before import = 0Number of asset objects unloaded after import = 7

========================================================================
Received Import Request.
  Time since last request: 0.000028 seconds.
  path: Assets/Imported/PolygonMini_Fantasy/Prefabs/Snow/SM_Bld_Adventure_House_02_Snow.prefab
  artifactKey: Guid(8da4960c0b3252049bd76e7f9427a7ec) Importer(2089858483,192608db42251d675da83286b1cce702)
Start importing Assets/Imported/PolygonMini_Fantasy/Prefabs/Snow/SM_Bld_Adventure_House_02_Snow.prefab using Guid(8da4960c0b3252049bd76e7f9427a7ec) Importer(2089858483,192608db42251d675da83286b1cce702) (ScriptedImporter) -> (artifact id: '9ae8611fb3a6eee7c31406223cc86772') in 0.0124446 seconds
Number of updated asset objects reloaded before import = 0Number of asset objects unloaded after import = 7

========================================================================
Received Import Request.
  Time since last request: 0.000022 seconds.
  path: Assets/Imported/PolygonMini_Fantasy/Prefabs/Environments/SM_Env_Viking_Iceberg_01.prefab
  artifactKey: Guid(d85f293954ba9284e91b7af206f876bb) Importer(2089858483,192608db42251d675da83286b1cce702)
Start importing Assets/Imported/PolygonMini_Fantasy/Prefabs/Environments/SM_Env_Viking_Iceberg_01.prefab using Guid(d85f293954ba9284e91b7af206f876bb) Importer(2089858483,192608db42251d675da83286b1cce702) (ScriptedImporter) -> (artifact id: '217f1a1ee28c526872c5a2ff9012534e') in 0.0102008 seconds
Number of updated asset objects reloaded before import = 0Number of asset objects unloaded after import = 7

========================================================================
Received Import Request.
  Time since last request: 0.000012 seconds.
  path: Assets/Imported/PolygonMini_Fantasy/Prefabs/Snow/SM_Bld_Knights_Castle_02_Snow.prefab
  artifactKey: Guid(f66ebab6901c2a648827f03cf3398156) Importer(2089858483,192608db42251d675da83286b1cce702)
Start importing Assets/Imported/PolygonMini_Fantasy/Prefabs/Snow/SM_Bld_Knights_Castle_02_Snow.prefab using Guid(f66ebab6901c2a648827f03cf3398156) Importer(2089858483,192608db42251d675da83286b1cce702) (ScriptedImporter) -> (artifact id: 'a7a88a5186820f373782bc38b31aee8a') in 0.0126867 seconds
Number of updated asset objects reloaded before import = 0Number of asset objects unloaded after import = 7

========================================================================
Received Import Request.
  Time since last request: 0.000013 seconds.
  path: Assets/Imported/PolygonMini_Fantasy/Prefabs/Props/SM_Prop_Viking_Sheild_02.prefab
  artifactKey: Guid(ca3d2c5dc737bb54bba6dd60d3aba54d) Importer(2089858483,192608db42251d675da83286b1cce702)
Start importing Assets/Imported/PolygonMini_Fantasy/Prefabs/Props/SM_Prop_Viking_Sheild_02.prefab using Guid(ca3d2c5dc737bb54bba6dd60d3aba54d) Importer(2089858483,192608db42251d675da83286b1cce702) (ScriptedImporter) -> (artifact id: '1e6c4e159bc930f8b42eee6cc7cd1d9a') in 0.0122921 seconds
Number of updated asset objects reloaded before import = 0Number of asset objects unloaded after import = 7

========================================================================
Received Import Request.
  Time since last request: 0.000013 seconds.
  path: Assets/Imported/PolygonMini_Fantasy/Prefabs/FX/FX_Smoke_01.prefab
  artifactKey: Guid(229d8dd550694d24fb404332b13a1f68) Importer(2089858483,192608db42251d675da83286b1cce702)
Start importing Assets/Imported/PolygonMini_Fantasy/Prefabs/FX/FX_Smoke_01.prefab using Guid(229d8dd550694d24fb404332b13a1f68) Importer(2089858483,192608db42251d675da83286b1cce702) (ScriptedImporter) -> (artifact id: '0e624582ba8d09af3e3dc276367ef7da') in 0.0504472 seconds
Number of updated asset objects reloaded before import = 0Number of asset objects unloaded after import = 6

========================================================================
Received Import Request.
  Time since last request: 0.000015 seconds.
  path: Assets/Imported/PolygonMini_Fantasy/Prefabs/Environments/SM_Env_Generic_Rock_05.prefab
  artifactKey: Guid(4ed4e898f8232c44da85dd5d6d4c15be) Importer(2089858483,192608db42251d675da83286b1cce702)
Start importing Assets/Imported/PolygonMini_Fantasy/Prefabs/Environments/SM_Env_Generic_Rock_05.prefab using Guid(4ed4e898f8232c44da85dd5d6d4c15be) Importer(2089858483,192608db42251d675da83286b1cce702) (ScriptedImporter) -> (artifact id: '0039dba65a775f76fdb9afbb13ed0c3b') in 0.0099461 seconds
Number of updated asset objects reloaded before import = 0Number of asset objects unloaded after import = 7

========================================================================
Received Import Request.
  Time since last request: 0.000013 seconds.
  path: Assets/Imported/PolygonMini_Fantasy/Prefabs/Props/SM_Prop_TreasureChest_Open_01.prefab
  artifactKey: Guid(4a7ed95378760a44aae5c1a2d9a49566) Importer(2089858483,192608db42251d675da83286b1cce702)
Start importing Assets/Imported/PolygonMini_Fantasy/Prefabs/Props/SM_Prop_TreasureChest_Open_01.prefab using Guid(4a7ed95378760a44aae5c1a2d9a49566) Importer(2089858483,192608db42251d675da83286b1cce702) (ScriptedImporter) -> (artifact id: '3431fbeccc743be5b42e254682435fdc') in 0.0162821 seconds
Number of updated asset objects reloaded before import = 0Number of asset objects unloaded after import = 7

========================================================================
Received Import Request.
  Time since last request: 0.000016 seconds.
  path: Assets/Imported/PolygonMini_Fantasy/Prefabs/Snow/SM_Bld_Western_Building_01_Snow.prefab
  artifactKey: Guid(76acbc68d5c59204387f63050ab94e29) Importer(2089858483,192608db42251d675da83286b1cce702)
Start importing Assets/Imported/PolygonMini_Fantasy/Prefabs/Snow/SM_Bld_Western_Building_01_Snow.prefab using Guid(76acbc68d5c59204387f63050ab94e29) Importer(2089858483,192608db42251d675da83286b1cce702) (ScriptedImporter) -> (artifact id: 'e00d524f386aba8f7d07b400dfad5ce1') in 0.011638 seconds
Number of updated asset objects reloaded before import = 0Number of asset objects unloaded after import = 7

========================================================================
Received Import Request.
  Time since last request: 0.000014 seconds.
  path: Assets/Imported/PolygonMini_Fantasy/Prefabs/Snow/SM_Bld_Pirates_House_03_Snow.prefab
  artifactKey: Guid(e634ba723d46f3043bc17f4a6558c583) Importer(2089858483,192608db42251d675da83286b1cce702)
Start importing Assets/Imported/PolygonMini_Fantasy/Prefabs/Snow/SM_Bld_Pirates_House_03_Snow.prefab using Guid(e634ba723d46f3043bc17f4a6558c583) Importer(2089858483,192608db42251d675da83286b1cce702) (ScriptedImporter) -> (artifact id: '05b1664ff87f7dc69c5dcc9c9baa2a28') in 0.011079 seconds
Number of updated asset objects reloaded before import = 0Number of asset objects unloaded after import = 7

========================================================================
Received Import Request.
  Time since last request: 0.000015 seconds.
  path: Assets/Imported/PolygonMini_Fantasy/Prefabs/Snow/SM_Bld_Viking_House_03_Snow.prefab
  artifactKey: Guid(909c4bd49fb36494589cf76af2f6d908) Importer(2089858483,192608db42251d675da83286b1cce702)
Start importing Assets/Imported/PolygonMini_Fantasy/Prefabs/Snow/SM_Bld_Viking_House_03_Snow.prefab using Guid(909c4bd49fb36494589cf76af2f6d908) Importer(2089858483,192608db42251d675da83286b1cce702) (ScriptedImporter) -> (artifact id: 'aa9d867cc3bbee3c3c229c458a9b335b') in 0.0120531 seconds
Number of updated asset objects reloaded before import = 0Number of asset objects unloaded after import = 7

========================================================================
Received Import Request.
  Time since last request: 0.000017 seconds.
  path: Assets/Imported/PolygonMini_Fantasy/Prefabs/Snow/SM_Env_Generic_Rock_01_Snow.prefab
  artifactKey: Guid(c196b2cc18b570e43b03bb04f877f8ac) Importer(2089858483,192608db42251d675da83286b1cce702)
Start importing Assets/Imported/PolygonMini_Fantasy/Prefabs/Snow/SM_Env_Generic_Rock_01_Snow.prefab using Guid(c196b2cc18b570e43b03bb04f877f8ac) Importer(2089858483,192608db42251d675da83286b1cce702) (ScriptedImporter) -> (artifact id: '417cd68bf605cd361fa2b0c127c8b07c') in 0.0112562 seconds
Number of updated asset objects reloaded before import = 0Number of asset objects unloaded after import = 7

========================================================================
Received Import Request.
  Time since last request: 0.000016 seconds.
  path: Assets/Imported/PolygonMini_Fantasy/Prefabs/Snow/SM_Env_Generic_Rock_05_Snow.prefab
  artifactKey: Guid(c68a66e5a6547e045a3fccd899ff4102) Importer(2089858483,192608db42251d675da83286b1cce702)
Start importing Assets/Imported/PolygonMini_Fantasy/Prefabs/Snow/SM_Env_Generic_Rock_05_Snow.prefab using Guid(c68a66e5a6547e045a3fccd899ff4102) Importer(2089858483,192608db42251d675da83286b1cce702) (ScriptedImporter) -> (artifact id: '7cb06e55c0f687eff1ffd1a2447c55be') in 0.0111588 seconds
Number of updated asset objects reloaded before import = 0Number of asset objects unloaded after import = 7

========================================================================
Received Import Request.
  Time since last request: 0.000014 seconds.
  path: Assets/Imported/PolygonMini_Fantasy/Prefabs/Environments/SM_Env_Western_Butte_03.prefab
  artifactKey: Guid(0fee0a1e717995c4e939e850789ba676) Importer(2089858483,192608db42251d675da83286b1cce702)
Start importing Assets/Imported/PolygonMini_Fantasy/Prefabs/Environments/SM_Env_Western_Butte_03.prefab using Guid(0fee0a1e717995c4e939e850789ba676) Importer(2089858483,192608db42251d675da83286b1cce702) (ScriptedImporter) -> (artifact id: '951a85df91e5c8de381e8ffd417f61be') in 0.0132899 seconds
Number of updated asset objects reloaded before import = 0Number of asset objects unloaded after import = 7

========================================================================
Received Import Request.
  Time since last request: 0.000014 seconds.
  path: Assets/Imported/PolygonMini_Fantasy/Prefabs/Snow/SM_Env_Pirate_Palm_01_Snow.prefab
  artifactKey: Guid(8cc3e2b341873a941bb8b3eb228c2d90) Importer(2089858483,192608db42251d675da83286b1cce702)
Start importing Assets/Imported/PolygonMini_Fantasy/Prefabs/Snow/SM_Env_Pirate_Palm_01_Snow.prefab using Guid(8cc3e2b341873a941bb8b3eb228c2d90) Importer(2089858483,192608db42251d675da83286b1cce702) (ScriptedImporter) -> (artifact id: '8109c3bbd2deea13746a1e9413bf3355') in 0.010514 seconds
Number of updated asset objects reloaded before import = 0Number of asset objects unloaded after import = 7

========================================================================
Received Import Request.
  Time since last request: 0.000015 seconds.
  path: Assets/Imported/PolygonMini_Fantasy/Prefabs/Environments/SM_Env_Western_Cactus_03.prefab
  artifactKey: Guid(d12c561d905a63e48bda5852738cbd41) Importer(2089858483,192608db42251d675da83286b1cce702)
Start importing Assets/Imported/PolygonMini_Fantasy/Prefabs/Environments/SM_Env_Western_Cactus_03.prefab using Guid(d12c561d905a63e48bda5852738cbd41) Importer(2089858483,192608db42251d675da83286b1cce702) (ScriptedImporter) -> (artifact id: '12f9cb6058a9248083649a3953d5e6ed') in 0.0111999 seconds
Number of updated asset objects reloaded before import = 0Number of asset objects unloaded after import = 7

========================================================================
Received Import Request.
  Time since last request: 0.000020 seconds.
  path: Assets/Imported/PolygonMini_Fantasy/Prefabs/Snow/SM_Env_Generic_Tree_04_Snow.prefab
  artifactKey: Guid(fb5d49623f91b6844870860af3d45567) Importer(2089858483,192608db42251d675da83286b1cce702)
Start importing Assets/Imported/PolygonMini_Fantasy/Prefabs/Snow/SM_Env_Generic_Tree_04_Snow.prefab using Guid(fb5d49623f91b6844870860af3d45567) Importer(2089858483,192608db42251d675da83286b1cce702) (ScriptedImporter) -> (artifact id: '98c951450b52696628a39de8a376357c') in 0.0120164 seconds
Number of updated asset objects reloaded before import = 0Number of asset objects unloaded after import = 7

========================================================================
Received Import Request.
  Time since last request: 0.000024 seconds.
  path: Assets/Imported/PolygonMini_Fantasy/Prefabs/Environments/SM_Env_Reed_01.prefab
  artifactKey: Guid(d2173579f77d045409b1db6572c574bb) Importer(2089858483,192608db42251d675da83286b1cce702)
Start importing Assets/Imported/PolygonMini_Fantasy/Prefabs/Environments/SM_Env_Reed_01.prefab using Guid(d2173579f77d045409b1db6572c574bb) Importer(2089858483,192608db42251d675da83286b1cce702) (ScriptedImporter) -> (artifact id: 'fc4e6c026d288730326f2878c0954d90') in 0.0102845 seconds
Number of updated asset objects reloaded before import = 0Number of asset objects unloaded after import = 7

========================================================================
Received Import Request.
  Time since last request: 0.000013 seconds.
  path: Assets/Imported/PolygonMini_Fantasy/Prefabs/Snow/SM_Env_Generic_Barrel_01_Snow.prefab
  artifactKey: Guid(dbf3ea334a05a4d47bd12a8d24dbbf42) Importer(2089858483,192608db42251d675da83286b1cce702)
Start importing Assets/Imported/PolygonMini_Fantasy/Prefabs/Snow/SM_Env_Generic_Barrel_01_Snow.prefab using Guid(dbf3ea334a05a4d47bd12a8d24dbbf42) Importer(2089858483,192608db42251d675da83286b1cce702) (ScriptedImporter) -> (artifact id: '3b9baa314b5690e1897de612c782508a') in 0.0128333 seconds
Number of updated asset objects reloaded before import = 0Number of asset objects unloaded after import = 7

========================================================================
Received Import Request.
  Time since last request: 0.000015 seconds.
  path: Assets/Imported/PolygonMini_Fantasy/Prefabs/Props/SM_Prop_Knights_Wagon_01.prefab
  artifactKey: Guid(ae01fa3840cd258459737514c9ac38c1) Importer(2089858483,192608db42251d675da83286b1cce702)
Start importing Assets/Imported/PolygonMini_Fantasy/Prefabs/Props/SM_Prop_Knights_Wagon_01.prefab using Guid(ae01fa3840cd258459737514c9ac38c1) Importer(2089858483,192608db42251d675da83286b1cce702) (ScriptedImporter) -> (artifact id: 'd3fd982926ffe25150af157fac797e7c') in 0.0102582 seconds
Number of updated asset objects reloaded before import = 0Number of asset objects unloaded after import = 7

========================================================================
Received Import Request.
  Time since last request: 0.000015 seconds.
  path: Assets/Imported/PolygonMini_Fantasy/Prefabs/FX/FX_Snow_Falling_01.prefab
  artifactKey: Guid(d78e7fea21fe96144942db9e3c29f03e) Importer(2089858483,192608db42251d675da83286b1cce702)
Start importing Assets/Imported/PolygonMini_Fantasy/Prefabs/FX/FX_Snow_Falling_01.prefab using Guid(d78e7fea21fe96144942db9e3c29f03e) Importer(2089858483,192608db42251d675da83286b1cce702) (ScriptedImporter) -> (artifact id: '8437d714f14d6b6bca35de662c9d29a8') in 0.020697 seconds
Number of updated asset objects reloaded before import = 0Number of asset objects unloaded after import = 6

========================================================================
Received Import Request.
  Time since last request: 0.000014 seconds.
  path: Assets/Imported/PolygonMini_Fantasy/Prefabs/Snow/SM_Env_Generic_Tree_011_Snow.prefab
  artifactKey: Guid(602f8bc1b9b5e5f48811fd13aad14630) Importer(2089858483,192608db42251d675da83286b1cce702)
Start importing Assets/Imported/PolygonMini_Fantasy/Prefabs/Snow/SM_Env_Generic_Tree_011_Snow.prefab using Guid(602f8bc1b9b5e5f48811fd13aad14630) Importer(2089858483,192608db42251d675da83286b1cce702) (ScriptedImporter) -> (artifact id: '17b0c172c82a9b584fb02bec8abf191e') in 0.0121382 seconds
Number of updated asset objects reloaded before import = 0Number of asset objects unloaded after import = 7

========================================================================
Received Import Request.
  Time since last request: 0.000012 seconds.
  path: Assets/Imported/PolygonMini_Fantasy/Prefabs/Snow/SM_Env_Western_Rock_01_Snow.prefab
  artifactKey: Guid(0b1e81048343f7642854fee44fca1384) Importer(2089858483,192608db42251d675da83286b1cce702)
Start importing Assets/Imported/PolygonMini_Fantasy/Prefabs/Snow/SM_Env_Western_Rock_01_Snow.prefab using Guid(0b1e81048343f7642854fee44fca1384) Importer(2089858483,192608db42251d675da83286b1cce702) (ScriptedImporter) -> (artifact id: '8a7375edb39c2cdb4087c90d424c5c96') in 0.0143983 seconds
Number of updated asset objects reloaded before import = 0Number of asset objects unloaded after import = 7

========================================================================
Received Import Request.
  Time since last request: 0.000014 seconds.
  path: Assets/Imported/PolygonMini_Fantasy/Prefabs/Snow/SM_Env_Western_Cactus_03_Snow.prefab
  artifactKey: Guid(69a315f5deb74ec4097d2b7ee4bc0402) Importer(2089858483,192608db42251d675da83286b1cce702)
Start importing Assets/Imported/PolygonMini_Fantasy/Prefabs/Snow/SM_Env_Western_Cactus_03_Snow.prefab using Guid(69a315f5deb74ec4097d2b7ee4bc0402) Importer(2089858483,192608db42251d675da83286b1cce702) (ScriptedImporter) -> (artifact id: '00d4bc51ffa8c263321af518565dc133') in 0.0112063 seconds
Number of updated asset objects reloaded before import = 0Number of asset objects unloaded after import = 7

========================================================================
Received Import Request.
  Time since last request: 0.000013 seconds.
  path: Assets/Imported/PolygonMini_Fantasy/Prefabs/Snow/SM_Env_Generic_Cliffs_05_Snow.prefab
  artifactKey: Guid(f1b50fe7e7a45a54a8a2acd044a4ed3a) Importer(2089858483,192608db42251d675da83286b1cce702)
Start importing Assets/Imported/PolygonMini_Fantasy/Prefabs/Snow/SM_Env_Generic_Cliffs_05_Snow.prefab using Guid(f1b50fe7e7a45a54a8a2acd044a4ed3a) Importer(2089858483,192608db42251d675da83286b1cce702) (ScriptedImporter) -> (artifact id: '13280938d7e374717b6d2620e73093af') in 0.0116307 seconds
Number of updated asset objects reloaded before import = 0Number of asset objects unloaded after import = 7

========================================================================
Received Import Request.
  Time since last request: 0.000015 seconds.
  path: Assets/Imported/PolygonMini_Fantasy/Prefabs/Environments/SM_Env_Generic_Rock_02.prefab
  artifactKey: Guid(2b320a5b36aa010419a5d9bfaaa348bb) Importer(2089858483,192608db42251d675da83286b1cce702)
Start importing Assets/Imported/PolygonMini_Fantasy/Prefabs/Environments/SM_Env_Generic_Rock_02.prefab using Guid(2b320a5b36aa010419a5d9bfaaa348bb) Importer(2089858483,192608db42251d675da83286b1cce702) (ScriptedImporter) -> (artifact id: '7b0fdacefbe8de7063cff83a4b1b5e4a') in 0.012233 seconds
Number of updated asset objects reloaded before import = 0Number of asset objects unloaded after import = 7

========================================================================
Received Import Request.
  Time since last request: 0.013241 seconds.
  path: Assets/Imported/PolygonMini_Fantasy/Prefabs/Snow/SM_Prop_Samurai_Fence_01_Snow.prefab
  artifactKey: Guid(98e3ed69d816eb448b22f7dd3e1edd55) Importer(2089858483,192608db42251d675da83286b1cce702)
Start importing Assets/Imported/PolygonMini_Fantasy/Prefabs/Snow/SM_Prop_Samurai_Fence_01_Snow.prefab using Guid(98e3ed69d816eb448b22f7dd3e1edd55) Importer(2089858483,192608db42251d675da83286b1cce702) (ScriptedImporter) -> (artifact id: 'd5f1f7e56ecb496db961cab8e07fb731') in 0.0119737 seconds
Number of updated asset objects reloaded before import = 0Number of asset objects unloaded after import = 7

========================================================================
Received Import Request.
  Time since last request: 0.000014 seconds.
  path: Assets/Imported/PolygonMini_Fantasy/Prefabs/Tiles/Hex/SM_Tile_Hex_Waterfall_01.prefab
  artifactKey: Guid(514c3bd6f7b6f954d8c1f24afb12feba) Importer(2089858483,192608db42251d675da83286b1cce702)
Start importing Assets/Imported/PolygonMini_Fantasy/Prefabs/Tiles/Hex/SM_Tile_Hex_Waterfall_01.prefab using Guid(514c3bd6f7b6f954d8c1f24afb12feba) Importer(2089858483,192608db42251d675da83286b1cce702) (ScriptedImporter) -> (artifact id: 'c146d0a225dfbab46b4d7bb3e10e7109') in 0.011906 seconds
Number of updated asset objects reloaded before import = 0Number of asset objects unloaded after import = 7

========================================================================
Received Import Request.
  Time since last request: 0.000017 seconds.
  path: Assets/Imported/PolygonMini_Fantasy/Prefabs/Tiles/Cube/SM_Tile_Cube_Water_03.prefab
  artifactKey: Guid(5291cf189e05b7444834429a640c22fe) Importer(2089858483,192608db42251d675da83286b1cce702)
Start importing Assets/Imported/PolygonMini_Fantasy/Prefabs/Tiles/Cube/SM_Tile_Cube_Water_03.prefab using Guid(5291cf189e05b7444834429a640c22fe) Importer(2089858483,192608db42251d675da83286b1cce702) (ScriptedImporter) -> (artifact id: 'c356d549bca19fbece874b31e6a76c53') in 0.011429 seconds
Number of updated asset objects reloaded before import = 0Number of asset objects unloaded after import = 7

========================================================================
Received Import Request.
  Time since last request: 0.000013 seconds.
  path: Assets/Imported/PolygonMini_Fantasy/Prefabs/UI/SM_UI_LocationMarker_04.prefab
  artifactKey: Guid(5cb1ec3ca12fed64ba3870e5cc09cc9c) Importer(2089858483,192608db42251d675da83286b1cce702)
Start importing Assets/Imported/PolygonMini_Fantasy/Prefabs/UI/SM_UI_LocationMarker_04.prefab using Guid(5cb1ec3ca12fed64ba3870e5cc09cc9c) Importer(2089858483,192608db42251d675da83286b1cce702) (ScriptedImporter) -> (artifact id: '19271f4a9b9cdf6ebbf5560fac9b4f75') in 0.0117754 seconds
Number of updated asset objects reloaded before import = 0Number of asset objects unloaded after import = 7

========================================================================
Received Import Request.
  Time since last request: 0.000012 seconds.
  path: Assets/Imported/PolygonMini_Fantasy/Prefabs/UI/SM_UI_LocationMarker_01.prefab
  artifactKey: Guid(d0b418875072f9d4bbc74b65b8e664f3) Importer(2089858483,192608db42251d675da83286b1cce702)
Start importing Assets/Imported/PolygonMini_Fantasy/Prefabs/UI/SM_UI_LocationMarker_01.prefab using Guid(d0b418875072f9d4bbc74b65b8e664f3) Importer(2089858483,192608db42251d675da83286b1cce702) (ScriptedImporter) -> (artifact id: '031c3bf7968d5dbc63d111899357232f') in 0.0118918 seconds
Number of updated asset objects reloaded before import = 0Number of asset objects unloaded after import = 7

========================================================================
Received Import Request.
  Time since last request: 0.000015 seconds.
  path: Assets/Imported/PolygonMini_Fantasy/Prefabs/UI/SM_UI_Number_05.prefab
  artifactKey: Guid(7136d2f145370d34a840936e08caa9a8) Importer(2089858483,192608db42251d675da83286b1cce702)
Start importing Assets/Imported/PolygonMini_Fantasy/Prefabs/UI/SM_UI_Number_05.prefab using Guid(7136d2f145370d34a840936e08caa9a8) Importer(2089858483,192608db42251d675da83286b1cce702) (ScriptedImporter) -> (artifact id: '8da1d53a744b04393a7f70b44ff10c06') in 0.0128582 seconds
Number of updated asset objects reloaded before import = 0Number of asset objects unloaded after import = 7

========================================================================
Received Import Request.
  Time since last request: 0.000017 seconds.
  path: Assets/Imported/PolygonMini_Fantasy/Prefabs/UI/SM_UI_Level_01.prefab
  artifactKey: Guid(a5bda0f65ed08aa4a902a0d063b3fe35) Importer(2089858483,192608db42251d675da83286b1cce702)
Start importing Assets/Imported/PolygonMini_Fantasy/Prefabs/UI/SM_UI_Level_01.prefab using Guid(a5bda0f65ed08aa4a902a0d063b3fe35) Importer(2089858483,192608db42251d675da83286b1cce702) (ScriptedImporter) -> (artifact id: '9a0ba820f566c2888fc97ee805f9b36c') in 0.0118908 seconds
Number of updated asset objects reloaded before import = 0Number of asset objects unloaded after import = 7

========================================================================
Received Import Request.
  Time since last request: 0.000025 seconds.
  path: Assets/Imported/PolygonMini_Fantasy/Prefabs/Snow/SM_Prop_Stairs_Stone_02_Snow.prefab
  artifactKey: Guid(3c1913a19d2c3724b878719e853a81ce) Importer(2089858483,192608db42251d675da83286b1cce702)
Start importing Assets/Imported/PolygonMini_Fantasy/Prefabs/Snow/SM_Prop_Stairs_Stone_02_Snow.prefab using Guid(3c1913a19d2c3724b878719e853a81ce) Importer(2089858483,192608db42251d675da83286b1cce702) (ScriptedImporter) -> (artifact id: 'f9d8a92c89eabe9e34d812d17c223ca5') in 0.0111281 seconds
Number of updated asset objects reloaded before import = 0Number of asset objects unloaded after import = 7

========================================================================
Received Import Request.
  Time since last request: 0.000017 seconds.
  path: Assets/Imported/PolygonMini_Fantasy/Prefabs/Tiles/Hex/SM_Tile_Hex_River_08.prefab
  artifactKey: Guid(33b58e8d4f7a52846bcf7fc292871298) Importer(2089858483,192608db42251d675da83286b1cce702)
Start importing Assets/Imported/PolygonMini_Fantasy/Prefabs/Tiles/Hex/SM_Tile_Hex_River_08.prefab using Guid(33b58e8d4f7a52846bcf7fc292871298) Importer(2089858483,192608db42251d675da83286b1cce702) (ScriptedImporter) -> (artifact id: '2f2e99b7b06dc020151163ea59dbad75') in 0.0108821 seconds
Number of updated asset objects reloaded before import = 0Number of asset objects unloaded after import = 7

========================================================================
Received Import Request.
  Time since last request: 0.000017 seconds.
  path: Assets/Imported/PolygonMini_Fantasy/Prefabs/Tiles/Cube/SM_Tile_Cube_Waterfall_01.prefab
  artifactKey: Guid(80670641efe87664798ea8a30d4533b8) Importer(2089858483,192608db42251d675da83286b1cce702)
Start importing Assets/Imported/PolygonMini_Fantasy/Prefabs/Tiles/Cube/SM_Tile_Cube_Waterfall_01.prefab using Guid(80670641efe87664798ea8a30d4533b8) Importer(2089858483,192608db42251d675da83286b1cce702) (ScriptedImporter) -> (artifact id: '484ade7bf25e6001adcc9bf409cb7708') in 0.012024 seconds
Number of updated asset objects reloaded before import = 0Number of asset objects unloaded after import = 7

========================================================================
Received Import Request.
  Time since last request: 0.000013 seconds.
  path: Assets/Imported/PolygonMini_Fantasy/Prefabs/Tiles/Hex/SM_Tile_Hex_River_04.prefab
  artifactKey: Guid(066f5221775f7af4f972a491112c09df) Importer(2089858483,192608db42251d675da83286b1cce702)
Start importing Assets/Imported/PolygonMini_Fantasy/Prefabs/Tiles/Hex/SM_Tile_Hex_River_04.prefab using Guid(066f5221775f7af4f972a491112c09df) Importer(2089858483,192608db42251d675da83286b1cce702) (ScriptedImporter) -> (artifact id: 'e35c8f3ac71a386b4f435dc1a06f9c63') in 0.0115809 seconds
Number of updated asset objects reloaded before import = 0Number of asset objects unloaded after import = 7

========================================================================
Received Import Request.
  Time since last request: 0.000016 seconds.
  path: Assets/Imported/PolygonMini_Fantasy/Prefabs/UI/SM_UI_Coin_02.prefab
  artifactKey: Guid(c8e1dcce7800baf459c5245310313f6d) Importer(2089858483,192608db42251d675da83286b1cce702)
Start importing Assets/Imported/PolygonMini_Fantasy/Prefabs/UI/SM_UI_Coin_02.prefab using Guid(c8e1dcce7800baf459c5245310313f6d) Importer(2089858483,192608db42251d675da83286b1cce702) (ScriptedImporter) -> (artifact id: '55f30d627e5417cd6bd13a2f97548210') in 0.0123206 seconds
Number of updated asset objects reloaded before import = 0Number of asset objects unloaded after import = 7

========================================================================
Received Import Request.
  Time since last request: 0.000014 seconds.
  path: Assets/Imported/PolygonMini_Fantasy/Prefabs/Snow/SM_Prop_Western_Town_Arch_01_Snow.prefab
  artifactKey: Guid(697abd0c49d05e94798941688ffbdd64) Importer(2089858483,192608db42251d675da83286b1cce702)
Start importing Assets/Imported/PolygonMini_Fantasy/Prefabs/Snow/SM_Prop_Western_Town_Arch_01_Snow.prefab using Guid(697abd0c49d05e94798941688ffbdd64) Importer(2089858483,192608db42251d675da83286b1cce702) (ScriptedImporter) -> (artifact id: 'f68505e3ec4956be760a72523f456404') in 0.0111224 seconds
Number of updated asset objects reloaded before import = 0Number of asset objects unloaded after import = 7

========================================================================
Received Import Request.
  Time since last request: 0.000015 seconds.
  path: Assets/Imported/PolygonMini_Fantasy/Prefabs/Tiles/Cube/SM_Tile_Cube_Pond_02.prefab
  artifactKey: Guid(0ceb88ed69173654cbfd3768b32bde1e) Importer(2089858483,192608db42251d675da83286b1cce702)
Start importing Assets/Imported/PolygonMini_Fantasy/Prefabs/Tiles/Cube/SM_Tile_Cube_Pond_02.prefab using Guid(0ceb88ed69173654cbfd3768b32bde1e) Importer(2089858483,192608db42251d675da83286b1cce702) (ScriptedImporter) -> (artifact id: 'd32387c8f97493e8638d7e7fa95622ed') in 0.0128572 seconds
Number of updated asset objects reloaded before import = 0Number of asset objects unloaded after import = 7

========================================================================
Received Import Request.
  Time since last request: 0.000015 seconds.
  path: Assets/Imported/PolygonMini_Fantasy/Prefabs/Tiles/Hex/SM_Tile_Hex_Hill_01.prefab
  artifactKey: Guid(392d9c3ba9054794aa30d0d0adfd5c65) Importer(2089858483,192608db42251d675da83286b1cce702)
Start importing Assets/Imported/PolygonMini_Fantasy/Prefabs/Tiles/Hex/SM_Tile_Hex_Hill_01.prefab using Guid(392d9c3ba9054794aa30d0d0adfd5c65) Importer(2089858483,192608db42251d675da83286b1cce702) (ScriptedImporter) -> (artifact id: '066a000cde827379c76abf5959aad6c3') in 0.0120292 seconds
Number of updated asset objects reloaded before import = 0Number of asset objects unloaded after import = 7

========================================================================
Received Import Request.
  Time since last request: 0.000015 seconds.
  path: Assets/Imported/PolygonMini_Fantasy/Prefabs/Tiles/Cube/SM_Tile_Cube_Island_03.prefab
  artifactKey: Guid(7fca4e101c458ba4bad25ad137c8dea0) Importer(2089858483,192608db42251d675da83286b1cce702)
Start importing Assets/Imported/PolygonMini_Fantasy/Prefabs/Tiles/Cube/SM_Tile_Cube_Island_03.prefab using Guid(7fca4e101c458ba4bad25ad137c8dea0) Importer(2089858483,192608db42251d675da83286b1cce702) (ScriptedImporter) -> (artifact id: '693021276ca02751e48b64b3f5517d17') in 0.0112698 seconds
Number of updated asset objects reloaded before import = 0Number of asset objects unloaded after import = 7

========================================================================
Received Import Request.
  Time since last request: 0.000014 seconds.
  path: Assets/Imported/PolygonMini_Fantasy/Prefabs/UI/SM_UI_LevelPath_03.prefab
  artifactKey: Guid(8a696e170d876c94fa461ff341586625) Importer(2089858483,192608db42251d675da83286b1cce702)
Start importing Assets/Imported/PolygonMini_Fantasy/Prefabs/UI/SM_UI_LevelPath_03.prefab using Guid(8a696e170d876c94fa461ff341586625) Importer(2089858483,192608db42251d675da83286b1cce702) (ScriptedImporter) -> (artifact id: 'bec6a707005715e7b3b2e89d378caf08') in 0.0142555 seconds
Number of updated asset objects reloaded before import = 0Number of asset objects unloaded after import = 7

========================================================================
Received Import Request.
  Time since last request: 0.000014 seconds.
  path: Assets/Imported/PolygonMini_Fantasy/Prefabs/Tiles/Hex/SM_Tile_Hex_River_01.prefab
  artifactKey: Guid(0cd03dc6a98f58142835578b6fd60cb8) Importer(2089858483,192608db42251d675da83286b1cce702)
Start importing Assets/Imported/PolygonMini_Fantasy/Prefabs/Tiles/Hex/SM_Tile_Hex_River_01.prefab using Guid(0cd03dc6a98f58142835578b6fd60cb8) Importer(2089858483,192608db42251d675da83286b1cce702) (ScriptedImporter) -> (artifact id: '08c63dbe85c0390072fb7eab36d81f77') in 0.0112733 seconds
Number of updated asset objects reloaded before import = 0Number of asset objects unloaded after import = 7

========================================================================
Received Import Request.
  Time since last request: 0.000015 seconds.
  path: Assets/Imported/PolygonMini_Fantasy/Prefabs/Tiles/Cube/SM_Tile_Cube_Column_01.prefab
  artifactKey: Guid(d03a051782e9ca244a00d021edb5cd29) Importer(2089858483,192608db42251d675da83286b1cce702)
Start importing Assets/Imported/PolygonMini_Fantasy/Prefabs/Tiles/Cube/SM_Tile_Cube_Column_01.prefab using Guid(d03a051782e9ca244a00d021edb5cd29) Importer(2089858483,192608db42251d675da83286b1cce702) (ScriptedImporter) -> (artifact id: 'f875759bf610c4f5b6e9694588a65eea') in 0.0123146 seconds
Number of updated asset objects reloaded before import = 0Number of asset objects unloaded after import = 7

========================================================================
Received Import Request.
  Time since last request: 0.000012 seconds.
  path: Assets/Imported/PolygonMini_Fantasy/Prefabs/Tiles/Hex/SM_Tile_Hex_FloatingIsland_01.prefab
  artifactKey: Guid(961be46ca9a355943ae3f65c47741bb0) Importer(2089858483,192608db42251d675da83286b1cce702)
Start importing Assets/Imported/PolygonMini_Fantasy/Prefabs/Tiles/Hex/SM_Tile_Hex_FloatingIsland_01.prefab using Guid(961be46ca9a355943ae3f65c47741bb0) Importer(2089858483,192608db42251d675da83286b1cce702) (ScriptedImporter) -> (artifact id: '5e7c371992e37a4e52d8bb90f8c4e5c6') in 0.010346 seconds
Number of updated asset objects reloaded before import = 0Number of asset objects unloaded after import = 7

========================================================================
Received Import Request.
  Time since last request: 0.000012 seconds.
  path: Assets/Imported/PolygonMini_Fantasy/Prefabs/Tiles/Cube/SM_Tile_Cube_Island_02.prefab
  artifactKey: Guid(373e87b3597c7a4419f154d378dec54f) Importer(2089858483,192608db42251d675da83286b1cce702)
Start importing Assets/Imported/PolygonMini_Fantasy/Prefabs/Tiles/Cube/SM_Tile_Cube_Island_02.prefab using Guid(373e87b3597c7a4419f154d378dec54f) Importer(2089858483,192608db42251d675da83286b1cce702) (ScriptedImporter) -> (artifact id: 'cfcebcdefe75f11f388df45e15aa994c') in 0.0129963 seconds
Number of updated asset objects reloaded before import = 0Number of asset objects unloaded after import = 7

========================================================================
Received Import Request.
  Time since last request: 0.000014 seconds.
  path: Assets/Imported/PolygonMini_Fantasy/Prefabs/Snow/SM_Prop_TreasureChest_Closed_01_Snow.prefab
  artifactKey: Guid(3ae06b8c1692da542a6b63e53563ffaf) Importer(2089858483,192608db42251d675da83286b1cce702)
Start importing Assets/Imported/PolygonMini_Fantasy/Prefabs/Snow/SM_Prop_TreasureChest_Closed_01_Snow.prefab using Guid(3ae06b8c1692da542a6b63e53563ffaf) Importer(2089858483,192608db42251d675da83286b1cce702) (ScriptedImporter) -> (artifact id: '0290b6889d68415222be20220d853cbf') in 0.0110113 seconds
Number of updated asset objects reloaded before import = 0Number of asset objects unloaded after import = 7

========================================================================
Received Import Request.
  Time since last request: 0.000013 seconds.
  path: Assets/Imported/PolygonMini_Fantasy/Prefabs/Tiles/Cube/SM_Tile_Cube_Platform_01.prefab
  artifactKey: Guid(7bb436572216b8645867bc7596c2d3bd) Importer(2089858483,192608db42251d675da83286b1cce702)
Start importing Assets/Imported/PolygonMini_Fantasy/Prefabs/Tiles/Cube/SM_Tile_Cube_Platform_01.prefab using Guid(7bb436572216b8645867bc7596c2d3bd) Importer(2089858483,192608db42251d675da83286b1cce702) (ScriptedImporter) -> (artifact id: '257d34f3752ea34aa4b5fe7bd0e23330') in 0.0118426 seconds
Number of updated asset objects reloaded before import = 0Number of asset objects unloaded after import = 7

========================================================================
Received Import Request.
  Time since last request: 0.000014 seconds.
  path: Assets/Imported/PolygonMini_Fantasy/Prefabs/Snow/SM_Prop_Samurai_Shrine_01_Snow.prefab
  artifactKey: Guid(af5bd4233ca0c6f4ab716b50737f95a1) Importer(2089858483,192608db42251d675da83286b1cce702)
Start importing Assets/Imported/PolygonMini_Fantasy/Prefabs/Snow/SM_Prop_Samurai_Shrine_01_Snow.prefab using Guid(af5bd4233ca0c6f4ab716b50737f95a1) Importer(2089858483,192608db42251d675da83286b1cce702) (ScriptedImporter) -> (artifact id: '968be0fa5f49c6391a2644dff2780b48') in 0.0130797 seconds
Number of updated asset objects reloaded before import = 0Number of asset objects unloaded after import = 7

========================================================================
Received Import Request.
  Time since last request: 0.000016 seconds.
  path: Assets/Imported/PolygonMini_Fantasy/Prefabs/Tiles/Hex/SM_Tile_Hex_Flat_Water_01.prefab
  artifactKey: Guid(c6607bc99adb9be45869306b24119a75) Importer(2089858483,192608db42251d675da83286b1cce702)
Start importing Assets/Imported/PolygonMini_Fantasy/Prefabs/Tiles/Hex/SM_Tile_Hex_Flat_Water_01.prefab using Guid(c6607bc99adb9be45869306b24119a75) Importer(2089858483,192608db42251d675da83286b1cce702) (ScriptedImporter) -> (artifact id: '1c37ad30fe0a12902305ddcf9b1bfe8a') in 0.0117895 seconds
Number of updated asset objects reloaded before import = 0Number of asset objects unloaded after import = 7

Editor requested this worker to shutdown with reason: Scaling down because of idle timeout
AssetImportWorker is now disconnected from the server
Process exiting
Exiting without the bug reporter. Application will terminate with return code 0